------------------------------------------------------------------------------------------------------------------------

[2017-08-03 00:24:18 #1 store] 
Database 'C:\Users\davej\IdeaProjects\PetMarkProject\out\artifacts\PetMarkWeb_war_exploded\WEB-INF\db\MarkPet2.odb' is opened by 19144@DESKTOP-7GOSAU4

[2017-08-03 00:24:19 #2 type] 
Type websites.WebSite is not enhanced.

[2017-08-03 00:24:19 #3 type] 
Type Products.Product is not enhanced.

[2017-08-03 00:27:56 #4 store] 
Database 'C:\Users\davej\IdeaProjects\PetMarkProject\out\artifacts\PetMarkWeb_war_exploded\WEB-INF\db\MarkPet2.odb' is closed by 19144@DESKTOP-7GOSAU4

------------------------------------------------------------------------------------------------------------------------

[2017-08-03 00:28:51 #1 store] 
Database 'C:\Users\davej\IdeaProjects\PetMarkProject\out\artifacts\PetMarkWeb_war_exploded\WEB-INF\db\MarkPet2.odb' is opened by 8924@DESKTOP-7GOSAU4

[2017-08-03 00:28:51 #2 type] 
Type websites.WebSite is not enhanced.

[2017-08-03 00:28:51 #3 type] 
Type Products.Product is not enhanced.

[2017-08-03 00:30:52 #4 store] 
Database 'C:\Users\davej\IdeaProjects\PetMarkProject\out\artifacts\PetMarkWeb_war_exploded\WEB-INF\db\MarkPet2.odb' is closed by 8924@DESKTOP-7GOSAU4

------------------------------------------------------------------------------------------------------------------------

[2017-08-03 00:32:26 #1 store] 
Database 'C:\Users\davej\IdeaProjects\PetMarkProject\out\artifacts\PetMarkWeb_war_exploded\WEB-INF\db\MarkPet2.odb' is opened by 24960@DESKTOP-7GOSAU4

[2017-08-03 00:32:27 #2 type] 
Type websites.WebSite is not enhanced.

[2017-08-03 00:32:27 #3 type] 
Type Products.Product is not enhanced.

[2017-08-03 00:36:26 #4 store] 
Database 'C:\Users\davej\IdeaProjects\PetMarkProject\out\artifacts\PetMarkWeb_war_exploded\WEB-INF\db\MarkPet2.odb' is closed by 24960@DESKTOP-7GOSAU4

------------------------------------------------------------------------------------------------------------------------

[2017-08-03 00:37:56 #1 store] 
Database 'C:\Users\davej\IdeaProjects\PetMarkProject\out\artifacts\PetMarkWeb_war_exploded\WEB-INF\db\MarkPet2.odb' is opened by 27916@DESKTOP-7GOSAU4

[2017-08-03 00:37:56 #2 type] 
Type websites.WebSite is not enhanced.

[2017-08-03 00:37:57 #3 type] 
Type Products.Product is not enhanced.

[2017-08-03 00:39:12 #4 store] 
Database 'C:\Users\davej\IdeaProjects\PetMarkProject\out\artifacts\PetMarkWeb_war_exploded\WEB-INF\db\MarkPet2.odb' is closed by 27916@DESKTOP-7GOSAU4

------------------------------------------------------------------------------------------------------------------------

[2017-08-03 00:40:28 #1 store] 
Database 'C:\Users\davej\IdeaProjects\PetMarkProject\out\artifacts\PetMarkWeb_war_exploded\WEB-INF\db\MarkPet2.odb' is opened by 15884@DESKTOP-7GOSAU4

[2017-08-03 00:40:29 #2 type] 
Type websites.WebSite is not enhanced.

[2017-08-03 00:40:29 #3 type] 
Type Products.Product is not enhanced.

[2017-08-03 00:41:41 #4 store] 
Database 'C:\Users\davej\IdeaProjects\PetMarkProject\out\artifacts\PetMarkWeb_war_exploded\WEB-INF\db\MarkPet2.odb' is closed by 15884@DESKTOP-7GOSAU4

------------------------------------------------------------------------------------------------------------------------

[2017-08-03 00:49:46 #1 store] 
Database 'C:\Users\davej\IdeaProjects\PetMarkProject\out\artifacts\PetMarkWeb_war_exploded\WEB-INF\db\MarkPet2.odb' is opened by 240@DESKTOP-7GOSAU4

[2017-08-03 00:49:46 #2 type] 
Type websites.WebSite is not enhanced.

[2017-08-03 00:49:46 #3 type] 
Type Products.Product is not enhanced.

[2017-08-03 00:53:46 #4 store] 
Database 'C:\Users\davej\IdeaProjects\PetMarkProject\out\artifacts\PetMarkWeb_war_exploded\WEB-INF\db\MarkPet2.odb' is closed by 240@DESKTOP-7GOSAU4

------------------------------------------------------------------------------------------------------------------------

[2017-08-03 11:02:35 #1 store] 
Database 'C:\Users\davej\IdeaProjects\PetMarkProject\out\artifacts\PetMarkWeb_war_exploded\WEB-INF\db\MarkPet2.odb' is opened by 17032@DESKTOP-7GOSAU4

[2017-08-03 11:02:35 #2 type] 
Type websites.WebSite is not enhanced.

[2017-08-03 11:02:35 #3 type] 
Type Products.Product is not enhanced.

[2017-08-03 11:13:47 #4 store] 
Database 'C:\Users\davej\IdeaProjects\PetMarkProject\out\artifacts\PetMarkWeb_war_exploded\WEB-INF\db\MarkPet2.odb' is closed by 17032@DESKTOP-7GOSAU4

------------------------------------------------------------------------------------------------------------------------

[2017-08-03 11:14:36 #1 store] 
Database 'C:\Users\davej\IdeaProjects\PetMarkProject\out\artifacts\PetMarkWeb_war_exploded\WEB-INF\db\MarkPet2.odb' is opened by 21984@DESKTOP-7GOSAU4

[2017-08-03 11:14:37 #2 type] 
Type websites.WebSite is not enhanced.

[2017-08-03 11:14:37 #3 type] 
Type Products.Product is not enhanced.

[2017-08-03 11:25:02 #4 store] 
Database 'C:\Users\davej\IdeaProjects\PetMarkProject\out\artifacts\PetMarkWeb_war_exploded\WEB-INF\db\MarkPet2.odb' is closed by 21984@DESKTOP-7GOSAU4

------------------------------------------------------------------------------------------------------------------------

[2017-08-03 11:25:48 #1 store] 
Database 'C:\Users\davej\IdeaProjects\PetMarkProject\out\artifacts\PetMarkWeb_war_exploded\WEB-INF\db\MarkPet2.odb' is opened by 11144@DESKTOP-7GOSAU4

[2017-08-03 11:25:48 #2 type] 
Type websites.WebSite is not enhanced.

[2017-08-03 11:25:48 #3 type] 
Type Products.Product is not enhanced.

[2017-08-03 11:35:24 #4 store] 
Database 'C:\Users\davej\IdeaProjects\PetMarkProject\out\artifacts\PetMarkWeb_war_exploded\WEB-INF\db\MarkPet2.odb' is closed by 11144@DESKTOP-7GOSAU4

------------------------------------------------------------------------------------------------------------------------

[2017-08-03 11:36:01 #1 store] 
Database 'C:\Users\davej\IdeaProjects\PetMarkProject\out\artifacts\PetMarkWeb_war_exploded\WEB-INF\db\MarkPet2.odb' is opened by 12848@DESKTOP-7GOSAU4

[2017-08-03 11:36:01 #2 type] 
Type websites.WebSite is not enhanced.

[2017-08-03 11:36:02 #3 type] 
Type Products.Product is not enhanced.

[2017-08-03 11:39:49 #4 store] 
Database 'C:\Users\davej\IdeaProjects\PetMarkProject\out\artifacts\PetMarkWeb_war_exploded\WEB-INF\db\MarkPet2.odb' is closed by 12848@DESKTOP-7GOSAU4

------------------------------------------------------------------------------------------------------------------------

[2017-08-03 11:40:33 #1 store] 
Database 'C:\Users\davej\IdeaProjects\PetMarkProject\out\artifacts\PetMarkWeb_war_exploded\WEB-INF\db\MarkPet2.odb' is opened by 11616@DESKTOP-7GOSAU4

[2017-08-03 11:40:33 #2 type] 
Type websites.WebSite is not enhanced.

[2017-08-03 11:40:33 #3 type] 
Type Products.Product is not enhanced.

[2017-08-03 11:42:03 #4 store] 
Database 'C:\Users\davej\IdeaProjects\PetMarkProject\out\artifacts\PetMarkWeb_war_exploded\WEB-INF\db\MarkPet2.odb' is closed by 11616@DESKTOP-7GOSAU4

------------------------------------------------------------------------------------------------------------------------

[2017-08-03 11:46:13 #1 store] 
Database 'C:\Users\davej\IdeaProjects\PetMarkProject\out\artifacts\PetMarkWeb_war_exploded\WEB-INF\db\MarkPet2.odb' is opened by 21524@DESKTOP-7GOSAU4

[2017-08-03 11:46:14 #2 type] 
Type websites.WebSite is not enhanced.

[2017-08-03 11:46:14 #3 type] 
Type Products.Product is not enhanced.

[2017-08-03 11:56:57 #4 store] 
Database 'C:\Users\davej\IdeaProjects\PetMarkProject\out\artifacts\PetMarkWeb_war_exploded\WEB-INF\db\MarkPet2.odb' is closed by 21524@DESKTOP-7GOSAU4

------------------------------------------------------------------------------------------------------------------------

[2017-08-03 11:57:54 #1 store] 
Database 'C:\Users\davej\IdeaProjects\PetMarkProject\out\artifacts\PetMarkWeb_war_exploded\WEB-INF\db\MarkPet2.odb' is opened by 3752@DESKTOP-7GOSAU4

[2017-08-03 11:57:54 #2 type] 
Type websites.WebSite is not enhanced.

[2017-08-03 11:57:54 #3 type] 
Type Products.Product is not enhanced.

[2017-08-03 12:04:41 #4 store] 
Database 'C:\Users\davej\IdeaProjects\PetMarkProject\out\artifacts\PetMarkWeb_war_exploded\WEB-INF\db\MarkPet2.odb' is closed by 3752@DESKTOP-7GOSAU4

------------------------------------------------------------------------------------------------------------------------

[2017-08-03 12:04:59 #1 store] 
Database 'C:\Users\davej\IdeaProjects\PetMarkProject\out\artifacts\PetMarkWeb_war_exploded\WEB-INF\db\MarkPet2.odb' is opened by 11284@DESKTOP-7GOSAU4

[2017-08-03 12:04:59 #2 type] 
Type websites.WebSite is not enhanced.

[2017-08-03 12:04:59 #3 type] 
Type Products.Product is not enhanced.

[2017-08-03 12:12:39 #4 store] 
Database 'C:\Users\davej\IdeaProjects\PetMarkProject\out\artifacts\PetMarkWeb_war_exploded\WEB-INF\db\MarkPet2.odb' is closed by 11284@DESKTOP-7GOSAU4

------------------------------------------------------------------------------------------------------------------------

[2017-08-03 12:12:59 #1 store] 
Database 'C:\Users\davej\IdeaProjects\PetMarkProject\out\artifacts\PetMarkWeb_war_exploded\WEB-INF\db\MarkPet2.odb' is opened by 27912@DESKTOP-7GOSAU4

[2017-08-03 12:12:59 #2 type] 
Type websites.WebSite is not enhanced.

[2017-08-03 12:12:59 #3 type] 
Type Products.Product is not enhanced.

[2017-08-03 12:16:52 #4 store] 
Database 'C:\Users\davej\IdeaProjects\PetMarkProject\out\artifacts\PetMarkWeb_war_exploded\WEB-INF\db\MarkPet2.odb' is closed by 27912@DESKTOP-7GOSAU4

------------------------------------------------------------------------------------------------------------------------

[2017-08-03 12:17:17 #1 store] 
Database 'C:\Users\davej\IdeaProjects\PetMarkProject\out\artifacts\PetMarkWeb_war_exploded\WEB-INF\db\MarkPet2.odb' is opened by 15240@DESKTOP-7GOSAU4

[2017-08-03 12:17:17 #2 type] 
Type websites.WebSite is not enhanced.

[2017-08-03 12:17:17 #3 type] 
Type Products.Product is not enhanced.

[2017-08-03 12:18:13 #4 store] 
Database 'C:\Users\davej\IdeaProjects\PetMarkProject\out\artifacts\PetMarkWeb_war_exploded\WEB-INF\db\MarkPet2.odb' is closed by 15240@DESKTOP-7GOSAU4

------------------------------------------------------------------------------------------------------------------------

[2017-08-03 12:18:28 #1 store] 
Database 'C:\Users\davej\IdeaProjects\PetMarkProject\out\artifacts\PetMarkWeb_war_exploded\WEB-INF\db\MarkPet2.odb' is opened by 9644@DESKTOP-7GOSAU4

[2017-08-03 12:18:28 #2 type] 
Type websites.WebSite is not enhanced.

[2017-08-03 12:18:28 #3 type] 
Type Products.Product is not enhanced.

[2017-08-03 12:47:41 #4 store] 
Database 'C:\Users\davej\IdeaProjects\PetMarkProject\out\artifacts\PetMarkWeb_war_exploded\WEB-INF\db\MarkPet2.odb' is closed by 9644@DESKTOP-7GOSAU4

------------------------------------------------------------------------------------------------------------------------

[2017-08-03 12:49:44 #1 store] 
Database 'C:\Users\davej\IdeaProjects\PetMarkProject\out\artifacts\PetMarkWeb_war_exploded\WEB-INF\db\MarkPet2.odb' is opened by 13116@DESKTOP-7GOSAU4

[2017-08-03 12:49:44 #2 type] 
Type websites.WebSite is not enhanced.

[2017-08-03 12:49:44 #3 type] 
Type Products.Product is not enhanced.

[2017-08-03 13:03:14 #4 store] 
Database 'C:\Users\davej\IdeaProjects\PetMarkProject\out\artifacts\PetMarkWeb_war_exploded\WEB-INF\db\MarkPet2.odb' is closed by 13116@DESKTOP-7GOSAU4

------------------------------------------------------------------------------------------------------------------------

[2017-08-03 13:07:08 #1 store] 
Database 'C:\Users\davej\IdeaProjects\PetMarkProject\out\artifacts\PetMarkWeb_war_exploded\WEB-INF\db\MarkPet2.odb' is opened by 25108@DESKTOP-7GOSAU4

[2017-08-03 13:07:08 #2 type] 
Type websites.WebSite is not enhanced.

[2017-08-03 13:07:08 #3 type] 
Type Products.Product is not enhanced.

[2017-08-03 13:58:54 #4 store] 
Database 'C:\Users\davej\IdeaProjects\PetMarkProject\out\artifacts\PetMarkWeb_war_exploded\WEB-INF\db\MarkPet2.odb' is closed by 25108@DESKTOP-7GOSAU4

------------------------------------------------------------------------------------------------------------------------

[2017-08-03 14:02:02 #1 store] 
Database 'C:\Users\davej\IdeaProjects\PetMarkProject\out\artifacts\PetMarkWeb_war_exploded\WEB-INF\db\MarkPet2.odb' is opened by 24584@DESKTOP-7GOSAU4

[2017-08-03 14:02:02 #2 type] 
Type websites.WebSite is not enhanced.

[2017-08-03 14:02:02 #3 type] 
Type Products.Product is not enhanced.

[2017-08-03 14:07:05 #4 store] 
Database 'C:\Users\davej\IdeaProjects\PetMarkProject\out\artifacts\PetMarkWeb_war_exploded\WEB-INF\db\MarkPet2.odb' is closed by 24584@DESKTOP-7GOSAU4

