------------------------------------------------------------------------------------------------------------------------

[2017-08-10 01:52:48 #1 store] 
Database 'C:\Users\davej\IdeaProjects\PetMarkProject\out\artifacts\PetMarkWeb_war_exploded\WEB-INF\db\MarkPet2.odb' is opened by 5460@DESKTOP-7GOSAU4

[2017-08-10 01:52:48 #2 type] 
Type websites.WebSite is not enhanced.

[2017-08-10 01:52:48 #3 type] 
Type Products.Product is not enhanced.

[2017-08-10 01:52:48 #4 type] 
Type Products.ProductModel is not enhanced.

[2017-08-10 01:52:48 #5 type] 
Type Products.ProductCompare is not enhanced.

[2017-08-10 01:53:17 #6 store] 
Database 'C:\Users\davej\IdeaProjects\PetMarkProject\out\artifacts\PetMarkWeb_war_exploded\WEB-INF\db\MarkPet2.odb' is closed by 5460@DESKTOP-7GOSAU4

------------------------------------------------------------------------------------------------------------------------

[2017-08-10 12:49:55 #1 store] 
Database 'C:\Users\davej\IdeaProjects\PetMarkProject\out\artifacts\PetMarkWeb_war_exploded\WEB-INF\db\MarkPet2.odb' is opened by 14940@DESKTOP-7GOSAU4

[2017-08-10 12:49:55 #2 type] 
Type websites.WebSite is not enhanced.

[2017-08-10 12:49:55 #3 type] 
Type Products.Product is not enhanced.

[2017-08-10 12:49:55 #4 type] 
Type Products.ProductModel is not enhanced.

[2017-08-10 12:49:55 #5 type] 
Type Products.ProductCompare is not enhanced.

[2017-08-10 12:56:11 #6 store] 
Database 'C:\Users\davej\IdeaProjects\PetMarkProject\out\artifacts\PetMarkWeb_war_exploded\WEB-INF\db\MarkPet2.odb' is closed by 14940@DESKTOP-7GOSAU4

------------------------------------------------------------------------------------------------------------------------

[2017-08-10 13:01:05 #1 store] 
Database 'C:\Users\davej\IdeaProjects\PetMarkProject\out\artifacts\PetMarkWeb_war_exploded\WEB-INF\db\MarkPet2.odb' is opened by 6248@DESKTOP-7GOSAU4

[2017-08-10 13:01:05 #2 type] 
Type websites.WebSite is not enhanced.

[2017-08-10 13:01:05 #3 type] 
Type Products.Product is not enhanced.

[2017-08-10 13:01:05 #4 type] 
Type Products.ProductModel is not enhanced.

[2017-08-10 13:01:05 #5 type] 
Type Products.ProductCompare is not enhanced.

[2017-08-10 13:04:25 #6 store] 
Database 'C:\Users\davej\IdeaProjects\PetMarkProject\out\artifacts\PetMarkWeb_war_exploded\WEB-INF\db\MarkPet2.odb' is closed by 6248@DESKTOP-7GOSAU4

------------------------------------------------------------------------------------------------------------------------

[2017-08-10 13:33:10 #1 store] 
Database 'C:\Users\davej\IdeaProjects\PetMarkProject\out\artifacts\PetMarkWeb_war_exploded\WEB-INF\db\MarkPet2.odb' is opened by 10216@DESKTOP-7GOSAU4

[2017-08-10 13:33:11 #2 type] 
Type websites.WebSite is not enhanced.

[2017-08-10 13:33:11 #3 type] 
Type Products.Product is not enhanced.

[2017-08-10 13:33:11 #4 type] 
Type Products.ProductModel is not enhanced.

[2017-08-10 13:33:11 #5 type] 
Type Products.ProductCompare is not enhanced.

[2017-08-10 13:33:40 #6 store] 
Database 'C:\Users\davej\IdeaProjects\PetMarkProject\out\artifacts\PetMarkWeb_war_exploded\WEB-INF\db\MarkPet2.odb' is closed by 10216@DESKTOP-7GOSAU4

------------------------------------------------------------------------------------------------------------------------

[2017-08-10 21:09:02 #1 store] 
Database 'C:\Users\davej\IdeaProjects\PetMarkProject\out\artifacts\PetMarkWeb_war_exploded\WEB-INF\db\MarkPet2.odb' is opened by 10720@DESKTOP-7GOSAU4

[2017-08-10 21:09:02 #2 type] 
Type websites.WebSite is not enhanced.

[2017-08-10 21:09:02 #3 type] 
Type Products.Product is not enhanced.

[2017-08-10 21:09:02 #4 type] 
Type Products.ProductModel is not enhanced.

[2017-08-10 21:09:02 #5 type] 
Type Products.ProductCompare is not enhanced.

[2017-08-10 21:11:15 #6 store] 
Database 'C:\Users\davej\IdeaProjects\PetMarkProject\out\artifacts\PetMarkWeb_war_exploded\WEB-INF\db\MarkPet2.odb' is closed by 10720@DESKTOP-7GOSAU4

------------------------------------------------------------------------------------------------------------------------

[2017-08-10 21:13:10 #1 store] 
Database 'C:\Users\davej\IdeaProjects\PetMarkProject\out\artifacts\PetMarkWeb_war_exploded\WEB-INF\db\MarkPet2.odb' is opened by 15892@DESKTOP-7GOSAU4

[2017-08-10 21:13:10 #2 type] 
Type websites.WebSite is not enhanced.

[2017-08-10 21:13:10 #3 type] 
Type Products.Product is not enhanced.

[2017-08-10 21:13:10 #4 type] 
Type Products.ProductModel is not enhanced.

[2017-08-10 21:13:10 #5 type] 
Type Products.ProductCompare is not enhanced.

[2017-08-10 21:17:44 #6 store] 
Database 'C:\Users\davej\IdeaProjects\PetMarkProject\out\artifacts\PetMarkWeb_war_exploded\WEB-INF\db\MarkPet2.odb' is closed by 15892@DESKTOP-7GOSAU4

------------------------------------------------------------------------------------------------------------------------

[2017-08-10 21:18:46 #1 store] 
Database 'C:\Users\davej\IdeaProjects\PetMarkProject\out\artifacts\PetMarkWeb_war_exploded\WEB-INF\db\MarkPet2.odb' is opened by 18576@DESKTOP-7GOSAU4

[2017-08-10 21:18:47 #2 type] 
Type websites.WebSite is not enhanced.

[2017-08-10 21:18:47 #3 type] 
Type Products.Product is not enhanced.

[2017-08-10 21:18:47 #4 type] 
Type Products.ProductModel is not enhanced.

[2017-08-10 21:18:47 #5 type] 
Type Products.ProductCompare is not enhanced.

[2017-08-10 21:20:07 #6 store] 
Database 'C:\Users\davej\IdeaProjects\PetMarkProject\out\artifacts\PetMarkWeb_war_exploded\WEB-INF\db\MarkPet2.odb' is closed by 18576@DESKTOP-7GOSAU4

------------------------------------------------------------------------------------------------------------------------

[2017-08-10 21:20:32 #1 store] 
Database 'C:\Users\davej\IdeaProjects\PetMarkProject\out\artifacts\PetMarkWeb_war_exploded\WEB-INF\db\MarkPet2.odb' is opened by 17720@DESKTOP-7GOSAU4

[2017-08-10 21:20:32 #2 type] 
Type websites.WebSite is not enhanced.

[2017-08-10 21:20:32 #3 type] 
Type Products.Product is not enhanced.

[2017-08-10 21:20:32 #4 type] 
Type Products.ProductModel is not enhanced.

[2017-08-10 21:20:32 #5 type] 
Type Products.ProductCompare is not enhanced.

[2017-08-10 21:22:52 #6 store] 
Database 'C:\Users\davej\IdeaProjects\PetMarkProject\out\artifacts\PetMarkWeb_war_exploded\WEB-INF\db\MarkPet2.odb' is closed by 17720@DESKTOP-7GOSAU4

------------------------------------------------------------------------------------------------------------------------

[2017-08-10 21:23:25 #1 store] 
Database 'C:\Users\davej\IdeaProjects\PetMarkProject\out\artifacts\PetMarkWeb_war_exploded\WEB-INF\db\MarkPet2.odb' is opened by 16168@DESKTOP-7GOSAU4

[2017-08-10 21:23:26 #2 type] 
Type websites.WebSite is not enhanced.

[2017-08-10 21:23:26 #3 type] 
Type Products.Product is not enhanced.

[2017-08-10 21:23:26 #4 type] 
Type Products.ProductModel is not enhanced.

[2017-08-10 21:23:26 #5 type] 
Type Products.ProductCompare is not enhanced.

[2017-08-10 21:29:13 #6 store] 
Database 'C:\Users\davej\IdeaProjects\PetMarkProject\out\artifacts\PetMarkWeb_war_exploded\WEB-INF\db\MarkPet2.odb' is closed by 16168@DESKTOP-7GOSAU4

------------------------------------------------------------------------------------------------------------------------

[2017-08-10 21:48:01 #1 store] 
Database 'C:\Users\davej\IdeaProjects\PetMarkProject\out\artifacts\PetMarkWeb_war_exploded\WEB-INF\db\MarkPet2.odb' is opened by 16048@DESKTOP-7GOSAU4

[2017-08-10 21:48:02 #2 type] 
Type websites.WebSite is not enhanced.

[2017-08-10 21:48:02 #3 type] 
Type Products.Product is not enhanced.

[2017-08-10 21:48:02 #4 type] 
Type Products.ProductModel is not enhanced.

[2017-08-10 21:48:02 #5 type] 
Type Products.ProductCompare is not enhanced.

[2017-08-10 21:55:20 #6 store] 
Database 'C:\Users\davej\IdeaProjects\PetMarkProject\out\artifacts\PetMarkWeb_war_exploded\WEB-INF\db\MarkPet2.odb' is closed by 16048@DESKTOP-7GOSAU4

------------------------------------------------------------------------------------------------------------------------

[2017-08-10 22:03:54 #1 store] 
Database 'C:\Users\davej\IdeaProjects\PetMarkProject\out\artifacts\PetMarkWeb_war_exploded\WEB-INF\db\MarkPet2.odb' is opened by 6424@DESKTOP-7GOSAU4

[2017-08-10 22:03:55 #2 type] 
Type websites.WebSite is not enhanced.

[2017-08-10 22:03:55 #3 type] 
Type Products.Product is not enhanced.

[2017-08-10 22:03:55 #4 type] 
Type Products.ProductModel is not enhanced.

[2017-08-10 22:03:55 #5 type] 
Type Products.ProductCompare is not enhanced.

[2017-08-10 22:04:37 #6 store] 
Database 'C:\Users\davej\IdeaProjects\PetMarkProject\out\artifacts\PetMarkWeb_war_exploded\WEB-INF\db\MarkPet2.odb' is closed by 6424@DESKTOP-7GOSAU4

------------------------------------------------------------------------------------------------------------------------

[2017-08-10 22:06:54 #1 store] 
Database 'C:\Users\davej\IdeaProjects\PetMarkProject\out\artifacts\PetMarkWeb_war_exploded\WEB-INF\db\MarkPet2.odb' is opened by 16416@DESKTOP-7GOSAU4

[2017-08-10 22:06:54 #2 type] 
Type websites.WebSite is not enhanced.

[2017-08-10 22:06:54 #3 type] 
Type Products.Product is not enhanced.

[2017-08-10 22:06:54 #4 type] 
Type Products.ProductModel is not enhanced.

[2017-08-10 22:06:54 #5 type] 
Type Products.ProductCompare is not enhanced.

[2017-08-10 22:07:05 #6 store] 
Database 'C:\Users\davej\IdeaProjects\PetMarkProject\out\artifacts\PetMarkWeb_war_exploded\WEB-INF\db\MarkPet2.odb' is closed by 16416@DESKTOP-7GOSAU4

