------------------------------------------------------------------------------------------------------------------------

[2017-07-13 12:32:50 #1 store] 
Database 'C:\Users\davej\IdeaProjects\PetMarkProject\out\artifacts\PetMarkWeb_war_exploded\WEB-INF\db\MarkPet.odb' is opened by 9964@DESKTOP-7GOSAU4

[2017-07-13 12:32:50 #2 type.registry] 
New type websites.WebSite

[2017-07-13 12:32:50 #3 type] 
Type websites.WebSite is not enhanced.

[2017-07-13 12:52:51 #4 store] 
Database 'C:\Users\davej\IdeaProjects\PetMarkProject\out\artifacts\PetMarkWeb_war_exploded\WEB-INF\db\MarkPet.odb' is closed by 9964@DESKTOP-7GOSAU4

------------------------------------------------------------------------------------------------------------------------

[2017-07-13 13:01:20 #1 store] 
Database 'C:\Users\davej\IdeaProjects\PetMarkProject\out\artifacts\PetMarkWeb_war_exploded\WEB-INF\db\MarkPet.odb' is opened by 6756@DESKTOP-7GOSAU4

[2017-07-13 13:01:20 #2 type] 
Type websites.WebSite is not enhanced.

[2017-07-13 13:04:38 #3 store] 
Database 'C:\Users\davej\IdeaProjects\PetMarkProject\out\artifacts\PetMarkWeb_war_exploded\WEB-INF\db\MarkPet.odb' is closed by 6756@DESKTOP-7GOSAU4

------------------------------------------------------------------------------------------------------------------------

[2017-07-13 13:10:36 #1 store] 
Database 'C:\Users\davej\IdeaProjects\PetMarkProject\out\artifacts\PetMarkWeb_war_exploded\WEB-INF\db\MarkPet.odb' is opened by 6708@DESKTOP-7GOSAU4

[2017-07-13 13:10:36 #2 type] 
Type websites.WebSite is not enhanced.

[2017-07-13 13:14:52 #3 type.registry] 
New type Products.Product

[2017-07-13 13:14:52 #4 type] 
Type Products.Product is not enhanced.

[2017-07-13 13:15:02 #5 store] 
Database 'C:\Users\davej\IdeaProjects\PetMarkProject\out\artifacts\PetMarkWeb_war_exploded\WEB-INF\db\MarkPet.odb' is closed by 6708@DESKTOP-7GOSAU4

------------------------------------------------------------------------------------------------------------------------

[2017-07-13 13:20:05 #1 store] 
Database 'C:\Users\davej\IdeaProjects\PetMarkProject\out\artifacts\PetMarkWeb_war_exploded\WEB-INF\db\MarkPet.odb' is opened by 12024@DESKTOP-7GOSAU4

[2017-07-13 13:20:05 #2 type] 
Type websites.WebSite is not enhanced.

[2017-07-13 13:20:05 #3 type] 
Type Products.Product is not enhanced.

[2017-07-13 14:17:57 #4 store] 
Database 'C:\Users\davej\IdeaProjects\PetMarkProject\out\artifacts\PetMarkWeb_war_exploded\WEB-INF\db\MarkPet.odb' is closed by 12024@DESKTOP-7GOSAU4

------------------------------------------------------------------------------------------------------------------------

[2017-07-13 14:23:26 #1 store] 
Database 'C:\Users\davej\IdeaProjects\PetMarkProject\out\artifacts\PetMarkWeb_war_exploded\WEB-INF\db\MarkPet.odb' is opened by 4676@DESKTOP-7GOSAU4

[2017-07-13 14:23:27 #2 type] 
Type websites.WebSite is not enhanced.

[2017-07-13 14:23:27 #3 type] 
Type Products.Product is not enhanced.

[2017-07-13 14:23:44 #4 store] 
Database 'C:\Users\davej\IdeaProjects\PetMarkProject\out\artifacts\PetMarkWeb_war_exploded\WEB-INF\db\MarkPet.odb' is closed by 4676@DESKTOP-7GOSAU4

------------------------------------------------------------------------------------------------------------------------

[2017-07-13 14:37:19 #1 store] 
Database 'C:\Users\davej\IdeaProjects\PetMarkProject\out\artifacts\PetMarkWeb_war_exploded\WEB-INF\db\MarkPet.odb' is opened by 11968@DESKTOP-7GOSAU4

[2017-07-13 14:37:19 #2 type] 
Type websites.WebSite is not enhanced.

[2017-07-13 14:37:19 #3 type] 
Type Products.Product is not enhanced.

[2017-07-13 14:39:10 #4 store] 
Database 'C:\Users\davej\IdeaProjects\PetMarkProject\out\artifacts\PetMarkWeb_war_exploded\WEB-INF\db\MarkPet.odb' is closed by 11968@DESKTOP-7GOSAU4

------------------------------------------------------------------------------------------------------------------------

[2017-07-13 14:41:08 #1 store] 
Database 'C:\Users\davej\IdeaProjects\PetMarkProject\out\artifacts\PetMarkWeb_war_exploded\WEB-INF\db\MarkPet.odb' is opened by 11932@DESKTOP-7GOSAU4

[2017-07-13 14:41:08 #2 type] 
Type websites.WebSite is not enhanced.

[2017-07-13 14:41:08 #3 type] 
Type Products.Product is not enhanced.

[2017-07-13 14:42:18 #4 store] 
Database 'C:\Users\davej\IdeaProjects\PetMarkProject\out\artifacts\PetMarkWeb_war_exploded\WEB-INF\db\MarkPet.odb' is closed by 11932@DESKTOP-7GOSAU4

------------------------------------------------------------------------------------------------------------------------

[2017-07-13 14:42:35 #1 store] 
Database 'C:\Users\davej\IdeaProjects\PetMarkProject\out\artifacts\PetMarkWeb_war_exploded\WEB-INF\db\MarkPet.odb' is opened by 11948@DESKTOP-7GOSAU4

[2017-07-13 14:42:35 #2 type] 
Type websites.WebSite is not enhanced.

[2017-07-13 14:42:35 #3 type] 
Type Products.Product is not enhanced.

[2017-07-13 14:43:38 #4 store] 
Database 'C:\Users\davej\IdeaProjects\PetMarkProject\out\artifacts\PetMarkWeb_war_exploded\WEB-INF\db\MarkPet.odb' is closed by 11948@DESKTOP-7GOSAU4

------------------------------------------------------------------------------------------------------------------------

[2017-07-13 14:44:52 #1 store] 
Database 'C:\Users\davej\IdeaProjects\PetMarkProject\out\artifacts\PetMarkWeb_war_exploded\WEB-INF\db\MarkPet.odb' is opened by 10656@DESKTOP-7GOSAU4

[2017-07-13 14:44:52 #2 type] 
Type websites.WebSite is not enhanced.

[2017-07-13 14:44:52 #3 type] 
Type Products.Product is not enhanced.

[2017-07-13 14:45:51 #4 store] 
Database 'C:\Users\davej\IdeaProjects\PetMarkProject\out\artifacts\PetMarkWeb_war_exploded\WEB-INF\db\MarkPet.odb' is closed by 10656@DESKTOP-7GOSAU4

------------------------------------------------------------------------------------------------------------------------

[2017-07-13 14:46:30 #1 store] 
Database 'C:\Users\davej\IdeaProjects\PetMarkProject\out\artifacts\PetMarkWeb_war_exploded\WEB-INF\db\MarkPet.odb' is opened by 13952@DESKTOP-7GOSAU4

[2017-07-13 14:46:31 #2 type] 
Type websites.WebSite is not enhanced.

[2017-07-13 14:46:31 #3 type] 
Type Products.Product is not enhanced.

[2017-07-13 14:50:40 #4 store] 
Database 'C:\Users\davej\IdeaProjects\PetMarkProject\out\artifacts\PetMarkWeb_war_exploded\WEB-INF\db\MarkPet.odb' is closed by 13952@DESKTOP-7GOSAU4

------------------------------------------------------------------------------------------------------------------------

[2017-07-13 14:51:11 #1 store] 
Database 'C:\Users\davej\IdeaProjects\PetMarkProject\out\artifacts\PetMarkWeb_war_exploded\WEB-INF\db\MarkPet.odb' is opened by 1248@DESKTOP-7GOSAU4

[2017-07-13 14:51:11 #2 type] 
Type websites.WebSite is not enhanced.

[2017-07-13 14:51:11 #3 type] 
Type Products.Product is not enhanced.

[2017-07-13 15:01:35 #4 store] 
Database 'C:\Users\davej\IdeaProjects\PetMarkProject\out\artifacts\PetMarkWeb_war_exploded\WEB-INF\db\MarkPet.odb' is closed by 1248@DESKTOP-7GOSAU4

------------------------------------------------------------------------------------------------------------------------

[2017-07-13 15:02:08 #1 store] 
Database 'C:\Users\davej\IdeaProjects\PetMarkProject\out\artifacts\PetMarkWeb_war_exploded\WEB-INF\db\MarkPet.odb' is opened by 11044@DESKTOP-7GOSAU4

[2017-07-13 15:02:08 #2 type] 
Type websites.WebSite is not enhanced.

[2017-07-13 15:02:08 #3 type] 
Type Products.Product is not enhanced.

[2017-07-13 15:05:31 #4 store] 
Database 'C:\Users\davej\IdeaProjects\PetMarkProject\out\artifacts\PetMarkWeb_war_exploded\WEB-INF\db\MarkPet.odb' is closed by 11044@DESKTOP-7GOSAU4

------------------------------------------------------------------------------------------------------------------------

[2017-07-13 15:06:03 #1 store] 
Database 'C:\Users\davej\IdeaProjects\PetMarkProject\out\artifacts\PetMarkWeb_war_exploded\WEB-INF\db\MarkPet.odb' is opened by 3816@DESKTOP-7GOSAU4

[2017-07-13 15:06:03 #2 type] 
Type websites.WebSite is not enhanced.

[2017-07-13 15:06:03 #3 type] 
Type Products.Product is not enhanced.

[2017-07-13 15:07:57 #4 store] 
Database 'C:\Users\davej\IdeaProjects\PetMarkProject\out\artifacts\PetMarkWeb_war_exploded\WEB-INF\db\MarkPet.odb' is closed by 3816@DESKTOP-7GOSAU4

------------------------------------------------------------------------------------------------------------------------

[2017-07-13 15:10:00 #1 store] 
Database 'C:\Users\davej\IdeaProjects\PetMarkProject\out\artifacts\PetMarkWeb_war_exploded\WEB-INF\db\MarkPet.odb' is opened by 3044@DESKTOP-7GOSAU4

[2017-07-13 15:10:00 #2 type] 
Type websites.WebSite is not enhanced.

[2017-07-13 15:10:00 #3 type] 
Type Products.Product is not enhanced.

[2017-07-13 16:02:58 #4 store] 
Database 'C:\Users\davej\IdeaProjects\PetMarkProject\out\artifacts\PetMarkWeb_war_exploded\WEB-INF\db\MarkPet.odb' is closed by 3044@DESKTOP-7GOSAU4

