------------------------------------------------------------------------------------------------------------------------

[2017-08-15 00:10:42 #1 store] 
Database 'C:\Users\davej\IdeaProjects\PetMarkProject\out\artifacts\PetMarkWeb_war_exploded\WEB-INF\db\MarkPet2.odb' is opened by 12528@DESKTOP-7GOSAU4

[2017-08-15 00:10:42 #2 type] 
Type websites.WebSite is not enhanced.

[2017-08-15 00:10:42 #3 type] 
Type Products.Product is not enhanced.

[2017-08-15 00:10:42 #4 type] 
Type Products.ProductModel is not enhanced.

[2017-08-15 00:10:42 #5 type] 
Type Products.ProductCompare is not enhanced.

[2017-08-15 00:18:34 #6 store] 
Database 'C:\Users\davej\IdeaProjects\PetMarkProject\out\artifacts\PetMarkWeb_war_exploded\WEB-INF\db\MarkPet2.odb' is closed by 12528@DESKTOP-7GOSAU4

------------------------------------------------------------------------------------------------------------------------

[2017-08-15 01:50:36 #1 store] 
Database 'C:\Users\davej\IdeaProjects\PetMarkProject\out\artifacts\PetMarkWeb_war_exploded\WEB-INF\db\MarkPet2.odb' is opened by 20452@DESKTOP-7GOSAU4

[2017-08-15 01:50:36 #2 type] 
Type websites.WebSite is not enhanced.

[2017-08-15 01:50:36 #3 type] 
Type Products.Product is not enhanced.

[2017-08-15 01:50:36 #4 type] 
Type Products.ProductModel is not enhanced.

[2017-08-15 01:50:36 #5 type] 
Type Products.ProductCompare is not enhanced.

[2017-08-15 11:04:47 #6 store] 
Database 'C:\Users\davej\IdeaProjects\PetMarkProject\out\artifacts\PetMarkWeb_war_exploded\WEB-INF\db\MarkPet2.odb' is closed by 20452@DESKTOP-7GOSAU4

------------------------------------------------------------------------------------------------------------------------

[2017-08-15 11:05:56 #1 store] 
Database 'C:\Users\davej\IdeaProjects\PetMarkProject\out\artifacts\PetMarkWeb_war_exploded\WEB-INF\db\MarkPet2.odb' is opened by 10656@DESKTOP-7GOSAU4

[2017-08-15 11:05:56 #2 type] 
Type websites.WebSite is not enhanced.

[2017-08-15 11:05:56 #3 type] 
Type Products.Product is not enhanced.

[2017-08-15 11:05:56 #4 type] 
Type Products.ProductModel is not enhanced.

[2017-08-15 11:05:56 #5 type] 
Type Products.ProductCompare is not enhanced.

[2017-08-15 11:21:58 #6 store] 
Database 'C:\Users\davej\IdeaProjects\PetMarkProject\out\artifacts\PetMarkWeb_war_exploded\WEB-INF\db\MarkPet2.odb' is closed by 10656@DESKTOP-7GOSAU4

------------------------------------------------------------------------------------------------------------------------

[2017-08-15 11:22:17 #1 store] 
Database 'C:\Users\davej\IdeaProjects\PetMarkProject\out\artifacts\PetMarkWeb_war_exploded\WEB-INF\db\MarkPet2.odb' is opened by 6892@DESKTOP-7GOSAU4

[2017-08-15 11:22:18 #2 type] 
Type websites.WebSite is not enhanced.

[2017-08-15 11:22:18 #3 type] 
Type Products.Product is not enhanced.

[2017-08-15 11:22:18 #4 type] 
Type Products.ProductModel is not enhanced.

[2017-08-15 11:22:18 #5 type] 
Type Products.ProductCompare is not enhanced.

[2017-08-15 11:26:28 #6 store] 
Database 'C:\Users\davej\IdeaProjects\PetMarkProject\out\artifacts\PetMarkWeb_war_exploded\WEB-INF\db\MarkPet2.odb' is closed by 6892@DESKTOP-7GOSAU4

------------------------------------------------------------------------------------------------------------------------

[2017-08-15 11:29:08 #1 store] 
Database 'C:\Users\davej\IdeaProjects\PetMarkProject\out\artifacts\PetMarkWeb_war_exploded\WEB-INF\db\MarkPet2.odb' is opened by 23656@DESKTOP-7GOSAU4

[2017-08-15 11:29:08 #2 type] 
Type websites.WebSite is not enhanced.

[2017-08-15 11:29:08 #3 type] 
Type Products.Product is not enhanced.

[2017-08-15 11:29:08 #4 type] 
Type Products.ProductModel is not enhanced.

[2017-08-15 11:29:08 #5 type] 
Type Products.ProductCompare is not enhanced.

[2017-08-15 11:32:01 #6 store] 
Database 'C:\Users\davej\IdeaProjects\PetMarkProject\out\artifacts\PetMarkWeb_war_exploded\WEB-INF\db\MarkPet2.odb' is closed by 23656@DESKTOP-7GOSAU4

------------------------------------------------------------------------------------------------------------------------

[2017-08-15 11:37:53 #1 store] 
Database 'C:\Users\davej\IdeaProjects\PetMarkProject\out\artifacts\PetMarkWeb_war_exploded\WEB-INF\db\MarkPet2.odb' is opened by 24092@DESKTOP-7GOSAU4

[2017-08-15 11:37:53 #2 type] 
Type websites.WebSite is not enhanced.

[2017-08-15 11:37:53 #3 type] 
Type Products.Product is not enhanced.

[2017-08-15 11:37:53 #4 type] 
Type Products.ProductModel is not enhanced.

[2017-08-15 11:37:53 #5 type] 
Type Products.ProductCompare is not enhanced.

[2017-08-15 11:38:22 #6 store] 
Database 'C:\Users\davej\IdeaProjects\PetMarkProject\out\artifacts\PetMarkWeb_war_exploded\WEB-INF\db\MarkPet2.odb' is closed by 24092@DESKTOP-7GOSAU4

------------------------------------------------------------------------------------------------------------------------

[2017-08-15 11:38:39 #1 store] 
Database 'C:\Users\davej\IdeaProjects\PetMarkProject\out\artifacts\PetMarkWeb_war_exploded\WEB-INF\db\MarkPet2.odb' is opened by 13640@DESKTOP-7GOSAU4

[2017-08-15 11:38:39 #2 type] 
Type websites.WebSite is not enhanced.

[2017-08-15 11:38:39 #3 type] 
Type Products.Product is not enhanced.

[2017-08-15 11:38:39 #4 type] 
Type Products.ProductModel is not enhanced.

[2017-08-15 11:38:39 #5 type] 
Type Products.ProductCompare is not enhanced.

[2017-08-15 11:40:40 #6 store] 
Database 'C:\Users\davej\IdeaProjects\PetMarkProject\out\artifacts\PetMarkWeb_war_exploded\WEB-INF\db\MarkPet2.odb' is closed by 13640@DESKTOP-7GOSAU4

------------------------------------------------------------------------------------------------------------------------

[2017-08-15 11:41:42 #1 store] 
Database 'C:\Users\davej\IdeaProjects\PetMarkProject\out\artifacts\PetMarkWeb_war_exploded\WEB-INF\db\MarkPet2.odb' is opened by 15548@DESKTOP-7GOSAU4

[2017-08-15 11:41:42 #2 type] 
Type websites.WebSite is not enhanced.

[2017-08-15 11:41:42 #3 type] 
Type Products.Product is not enhanced.

[2017-08-15 11:41:42 #4 type] 
Type Products.ProductModel is not enhanced.

[2017-08-15 11:41:42 #5 type] 
Type Products.ProductCompare is not enhanced.

[2017-08-15 11:43:51 #6 store] 
Database 'C:\Users\davej\IdeaProjects\PetMarkProject\out\artifacts\PetMarkWeb_war_exploded\WEB-INF\db\MarkPet2.odb' is closed by 15548@DESKTOP-7GOSAU4

------------------------------------------------------------------------------------------------------------------------

[2017-08-15 11:44:37 #1 store] 
Database 'C:\Users\davej\IdeaProjects\PetMarkProject\out\artifacts\PetMarkWeb_war_exploded\WEB-INF\db\MarkPet2.odb' is opened by 8376@DESKTOP-7GOSAU4

[2017-08-15 11:44:37 #2 type] 
Type websites.WebSite is not enhanced.

[2017-08-15 11:44:37 #3 type] 
Type Products.Product is not enhanced.

[2017-08-15 11:44:37 #4 type] 
Type Products.ProductModel is not enhanced.

[2017-08-15 11:44:37 #5 type] 
Type Products.ProductCompare is not enhanced.

[2017-08-15 11:46:08 #6 store] 
Database 'C:\Users\davej\IdeaProjects\PetMarkProject\out\artifacts\PetMarkWeb_war_exploded\WEB-INF\db\MarkPet2.odb' is closed by 8376@DESKTOP-7GOSAU4

------------------------------------------------------------------------------------------------------------------------

[2017-08-15 11:46:45 #1 store] 
Database 'C:\Users\davej\IdeaProjects\PetMarkProject\out\artifacts\PetMarkWeb_war_exploded\WEB-INF\db\MarkPet2.odb' is opened by 23864@DESKTOP-7GOSAU4

[2017-08-15 11:46:45 #2 type] 
Type websites.WebSite is not enhanced.

[2017-08-15 11:46:45 #3 type] 
Type Products.Product is not enhanced.

[2017-08-15 11:46:45 #4 type] 
Type Products.ProductModel is not enhanced.

[2017-08-15 11:46:45 #5 type] 
Type Products.ProductCompare is not enhanced.

[2017-08-15 11:56:11 #6 store] 
Database 'C:\Users\davej\IdeaProjects\PetMarkProject\out\artifacts\PetMarkWeb_war_exploded\WEB-INF\db\MarkPet2.odb' is closed by 23864@DESKTOP-7GOSAU4

------------------------------------------------------------------------------------------------------------------------

[2017-08-15 11:56:23 #1 store] 
Database 'C:\Users\davej\IdeaProjects\PetMarkProject\out\artifacts\PetMarkWeb_war_exploded\WEB-INF\db\MarkPet2.odb' is opened by 16692@DESKTOP-7GOSAU4

[2017-08-15 11:56:24 #2 type] 
Type websites.WebSite is not enhanced.

[2017-08-15 11:56:24 #3 type] 
Type Products.Product is not enhanced.

[2017-08-15 11:56:24 #4 type] 
Type Products.ProductModel is not enhanced.

[2017-08-15 11:56:24 #5 type] 
Type Products.ProductCompare is not enhanced.

[2017-08-15 13:55:54 #6 store] 
Database 'C:\Users\davej\IdeaProjects\PetMarkProject\out\artifacts\PetMarkWeb_war_exploded\WEB-INF\db\MarkPet2.odb' is closed by 16692@DESKTOP-7GOSAU4

------------------------------------------------------------------------------------------------------------------------

[2017-08-15 14:07:34 #1 store] 
Database 'C:\Users\davej\IdeaProjects\PetMarkProject\out\artifacts\PetMarkWeb_war_exploded\WEB-INF\db\MarkPet2.odb' is opened by 7280@DESKTOP-7GOSAU4

[2017-08-15 14:07:34 #2 type] 
Type websites.WebSite is not enhanced.

[2017-08-15 14:07:34 #3 type] 
Type Products.Product is not enhanced.

[2017-08-15 14:07:34 #4 type] 
Type Products.ProductModel is not enhanced.

[2017-08-15 14:07:34 #5 type] 
Type Products.ProductCompare is not enhanced.

[2017-08-15 20:29:13 #6 store] 
Database 'C:\Users\davej\IdeaProjects\PetMarkProject\out\artifacts\PetMarkWeb_war_exploded\WEB-INF\db\MarkPet2.odb' is closed by 7280@DESKTOP-7GOSAU4

------------------------------------------------------------------------------------------------------------------------

[2017-08-15 21:00:22 #1 store] 
Database 'C:\Users\davej\IdeaProjects\PetMarkProject\out\artifacts\PetMarkWeb_war_exploded\WEB-INF\db\MarkPet2.odb' is opened by 6184@DESKTOP-7GOSAU4

[2017-08-15 21:00:22 #2 type] 
Type websites.WebSite is not enhanced.

[2017-08-15 21:00:22 #3 type] 
Type Products.Product is not enhanced.

[2017-08-15 21:00:22 #4 type] 
Type Products.ProductModel is not enhanced.

[2017-08-15 21:00:22 #5 type] 
Type Products.ProductCompare is not enhanced.

[2017-08-15 21:32:22 #6 store] 
Database 'C:\Users\davej\IdeaProjects\PetMarkProject\out\artifacts\PetMarkWeb_war_exploded\WEB-INF\db\MarkPet2.odb' is closed by 6184@DESKTOP-7GOSAU4

------------------------------------------------------------------------------------------------------------------------

[2017-08-15 21:33:44 #1 store] 
Database 'C:\Users\davej\IdeaProjects\PetMarkProject\out\artifacts\PetMarkWeb_war_exploded\WEB-INF\db\MarkPet2.odb' is opened by 1200@DESKTOP-7GOSAU4

[2017-08-15 21:33:44 #2 type] 
Type websites.WebSite is not enhanced.

[2017-08-15 21:33:44 #3 type] 
Type Products.Product is not enhanced.

[2017-08-15 21:33:44 #4 type] 
Type Products.ProductModel is not enhanced.

[2017-08-15 21:33:44 #5 type] 
Type Products.ProductCompare is not enhanced.

[2017-08-15 21:35:13 #6 store] 
Database 'C:\Users\davej\IdeaProjects\PetMarkProject\out\artifacts\PetMarkWeb_war_exploded\WEB-INF\db\MarkPet2.odb' is closed by 1200@DESKTOP-7GOSAU4

------------------------------------------------------------------------------------------------------------------------

[2017-08-15 23:53:44 #1 store] 
Database 'C:\Users\davej\IdeaProjects\PetMarkProject\out\artifacts\PetMarkWeb_war_exploded\WEB-INF\db\MarkPet2.odb' is opened by 7604@DESKTOP-7GOSAU4

[2017-08-15 23:53:45 #2 type] 
Type websites.WebSite is not enhanced.

[2017-08-15 23:53:45 #3 type] 
Type Products.Product is not enhanced.

[2017-08-15 23:53:45 #4 type] 
Type Products.ProductModel is not enhanced.

[2017-08-15 23:53:45 #5 type] 
Type Products.ProductCompare is not enhanced.

[2017-08-16 00:14:22 #6 store] 
Database 'C:\Users\davej\IdeaProjects\PetMarkProject\out\artifacts\PetMarkWeb_war_exploded\WEB-INF\db\MarkPet2.odb' is closed by 7604@DESKTOP-7GOSAU4

