------------------------------------------------------------------------------------------------------------------------

[2017-07-06 12:15:10 #1 store] 
Database 'C:\Users\davej\IdeaProjects\PetMarkProject\out\artifacts\PetMarkWeb_war_exploded\WEB-INF\db\MarkPet.odb' is opened by 13260@DESKTOP-7GOSAU4

[2017-07-06 12:15:11 #2 type] 
Type websites.WebSite is not enhanced.

[2017-07-06 12:15:11 #3 type] 
Type Products.Product is not enhanced.

[2017-07-06 13:44:24 #4 store] 
Database 'C:\Users\davej\IdeaProjects\PetMarkProject\out\artifacts\PetMarkWeb_war_exploded\WEB-INF\db\MarkPet.odb' is closed by 13260@DESKTOP-7GOSAU4

------------------------------------------------------------------------------------------------------------------------

[2017-07-06 16:31:25 #1 store] 
Database 'C:\Users\davej\IdeaProjects\PetMarkProject\out\artifacts\PetMarkWeb_war_exploded\WEB-INF\db\MarkPet.odb' is opened by 6964@DESKTOP-7GOSAU4

[2017-07-06 16:31:25 #2 type] 
Type websites.WebSite is not enhanced.

[2017-07-06 16:31:25 #3 type] 
Type Products.Product is not enhanced.

[2017-07-06 18:16:13 #4 store] 
Database 'C:\Users\davej\IdeaProjects\PetMarkProject\out\artifacts\PetMarkWeb_war_exploded\WEB-INF\db\MarkPet.odb' is closed by 6964@DESKTOP-7GOSAU4

------------------------------------------------------------------------------------------------------------------------

[2017-07-06 18:17:08 #1 store] 
Database 'C:\Users\davej\IdeaProjects\PetMarkProject\out\artifacts\PetMarkWeb_war_exploded\WEB-INF\db\MarkPet.odb' is opened by 10096@DESKTOP-7GOSAU4

[2017-07-06 18:17:08 #2 type] 
Type websites.WebSite is not enhanced.

[2017-07-06 18:17:08 #3 type] 
Type Products.Product is not enhanced.

[2017-07-06 18:19:25 #4 store] 
Database 'C:\Users\davej\IdeaProjects\PetMarkProject\out\artifacts\PetMarkWeb_war_exploded\WEB-INF\db\MarkPet.odb' is closed by 10096@DESKTOP-7GOSAU4

------------------------------------------------------------------------------------------------------------------------

[2017-07-06 18:20:05 #1 store] 
Database 'C:\Users\davej\IdeaProjects\PetMarkProject\out\artifacts\PetMarkWeb_war_exploded\WEB-INF\db\MarkPet.odb' is opened by 16432@DESKTOP-7GOSAU4

[2017-07-06 18:20:05 #2 type] 
Type websites.WebSite is not enhanced.

[2017-07-06 18:20:05 #3 type] 
Type Products.Product is not enhanced.

[2017-07-06 21:14:40 #4 store] 
Database 'C:\Users\davej\IdeaProjects\PetMarkProject\out\artifacts\PetMarkWeb_war_exploded\WEB-INF\db\MarkPet.odb' is closed by 16432@DESKTOP-7GOSAU4

------------------------------------------------------------------------------------------------------------------------

[2017-07-06 21:16:25 #1 store] 
Database 'C:\Users\davej\IdeaProjects\PetMarkProject\out\artifacts\PetMarkWeb_war_exploded\WEB-INF\db\MarkPet.odb' is opened by 15084@DESKTOP-7GOSAU4

[2017-07-06 21:16:25 #2 type] 
Type websites.WebSite is not enhanced.

[2017-07-06 21:16:25 #3 type] 
Type Products.Product is not enhanced.

[2017-07-06 23:22:08 #4 store] 
Database 'C:\Users\davej\IdeaProjects\PetMarkProject\out\artifacts\PetMarkWeb_war_exploded\WEB-INF\db\MarkPet.odb' is closed by 15084@DESKTOP-7GOSAU4

------------------------------------------------------------------------------------------------------------------------

[2017-07-06 23:22:49 #1 store] 
Database 'C:\Users\davej\IdeaProjects\PetMarkProject\out\artifacts\PetMarkWeb_war_exploded\WEB-INF\db\MarkPet.odb' is opened by 9676@DESKTOP-7GOSAU4

[2017-07-06 23:22:49 #2 type] 
Type websites.WebSite is not enhanced.

[2017-07-06 23:22:49 #3 type] 
Type Products.Product is not enhanced.

[2017-07-06 23:27:02 #4 store] 
Database 'C:\Users\davej\IdeaProjects\PetMarkProject\out\artifacts\PetMarkWeb_war_exploded\WEB-INF\db\MarkPet.odb' is closed by 9676@DESKTOP-7GOSAU4

------------------------------------------------------------------------------------------------------------------------

[2017-07-06 23:27:24 #1 store] 
Database 'C:\Users\davej\IdeaProjects\PetMarkProject\out\artifacts\PetMarkWeb_war_exploded\WEB-INF\db\MarkPet.odb' is opened by 14248@DESKTOP-7GOSAU4

[2017-07-06 23:27:24 #2 type] 
Type websites.WebSite is not enhanced.

[2017-07-06 23:27:24 #3 type] 
Type Products.Product is not enhanced.

[2017-07-06 23:28:51 #4 store] 
Database 'C:\Users\davej\IdeaProjects\PetMarkProject\out\artifacts\PetMarkWeb_war_exploded\WEB-INF\db\MarkPet.odb' is closed by 14248@DESKTOP-7GOSAU4

------------------------------------------------------------------------------------------------------------------------

[2017-07-06 23:29:51 #1 store] 
Database 'C:\Users\davej\IdeaProjects\PetMarkProject\out\artifacts\PetMarkWeb_war_exploded\WEB-INF\db\MarkPet.odb' is opened by 16304@DESKTOP-7GOSAU4

[2017-07-06 23:29:51 #2 type] 
Type websites.WebSite is not enhanced.

[2017-07-06 23:29:51 #3 type] 
Type Products.Product is not enhanced.

[2017-07-06 23:49:27 #4 store] 
Database 'C:\Users\davej\IdeaProjects\PetMarkProject\out\artifacts\PetMarkWeb_war_exploded\WEB-INF\db\MarkPet.odb' is closed by 16304@DESKTOP-7GOSAU4

------------------------------------------------------------------------------------------------------------------------

[2017-07-07 00:00:54 #1 store] 
Database 'C:\Users\davej\IdeaProjects\PetMarkProject\out\artifacts\PetMarkWeb_war_exploded\WEB-INF\db\MarkPet.odb' is opened by 7680@DESKTOP-7GOSAU4

[2017-07-07 00:00:54 #2 type] 
Type websites.WebSite is not enhanced.

[2017-07-07 00:00:54 #3 type] 
Type Products.Product is not enhanced.

[2017-07-12 13:50:21 #4 store] 
Database 'C:\Users\davej\IdeaProjects\PetMarkProject\out\artifacts\PetMarkWeb_war_exploded\WEB-INF\db\MarkPet.odb' is closed by 7680@DESKTOP-7GOSAU4

