------------------------------------------------------------------------------------------------------------------------

[2017-08-01 13:05:50 #1 store] 
Database 'C:\Users\davej\IdeaProjects\PetMarkProject\out\artifacts\PetMarkWeb_war_exploded\WEB-INF\db\MarkPet.odb' is opened by 23348@DESKTOP-7GOSAU4

[2017-08-01 13:05:50 #2 type.registry] 
New type websites.WebSite

[2017-08-01 13:05:50 #3 type] 
Type websites.WebSite is not enhanced.

[2017-08-01 13:06:18 #4 store] 
Database 'C:\Users\davej\IdeaProjects\PetMarkProject\out\artifacts\PetMarkWeb_war_exploded\WEB-INF\db\MarkPet.odb' is closed by 23348@DESKTOP-7GOSAU4

------------------------------------------------------------------------------------------------------------------------

[2017-08-01 13:09:30 #1 store] 
Database 'C:\Users\davej\IdeaProjects\PetMarkProject\out\artifacts\PetMarkWeb_war_exploded\WEB-INF\db\MarkPet.odb' is opened by 19352@DESKTOP-7GOSAU4

[2017-08-01 13:09:30 #2 type.registry] 
New type websites.WebSite

[2017-08-01 13:09:30 #3 type] 
Type websites.WebSite is not enhanced.

------------------------------------------------------------------------------------------------------------------------

[2017-08-01 13:17:45 #1 store] 
Database 'C:\Users\davej\IdeaProjects\PetMarkProject\out\artifacts\PetMarkWeb_war_exploded\WEB-INF\db\MarkPet.odb' has been recovered (tr. 1-3)

[2017-08-01 13:17:45 #2 store] 
Database 'C:\Users\davej\IdeaProjects\PetMarkProject\out\artifacts\PetMarkWeb_war_exploded\WEB-INF\db\MarkPet.odb' is opened by 14464@DESKTOP-7GOSAU4

[2017-08-01 13:17:45 #3 type] 
Type websites.WebSite is not enhanced.

[2017-08-01 13:22:28 #4 store] 
Database 'C:\Users\davej\IdeaProjects\PetMarkProject\out\artifacts\PetMarkWeb_war_exploded\WEB-INF\db\MarkPet.odb' is closed by 14464@DESKTOP-7GOSAU4

------------------------------------------------------------------------------------------------------------------------

[2017-08-01 13:29:08 #1 store] 
Database 'C:\Users\davej\IdeaProjects\PetMarkProject\out\artifacts\PetMarkWeb_war_exploded\WEB-INF\db\MarkPet.odb' is opened by 1752@DESKTOP-7GOSAU4

[2017-08-01 13:29:09 #2 type] 
Type websites.WebSite is not enhanced.

[2017-08-01 13:30:34 #3 store] 
Database 'C:\Users\davej\IdeaProjects\PetMarkProject\out\artifacts\PetMarkWeb_war_exploded\WEB-INF\db\MarkPet.odb' is closed by 1752@DESKTOP-7GOSAU4

------------------------------------------------------------------------------------------------------------------------

[2017-08-01 13:34:42 #1 store] 
Database 'C:\Users\davej\IdeaProjects\PetMarkProject\out\artifacts\PetMarkWeb_war_exploded\WEB-INF\db\MarkPet.odb' is opened by 10000@DESKTOP-7GOSAU4

[2017-08-01 13:34:42 #2 type] 
Type websites.WebSite is not enhanced.

[2017-08-01 13:36:24 #3 store] 
Database 'C:\Users\davej\IdeaProjects\PetMarkProject\out\artifacts\PetMarkWeb_war_exploded\WEB-INF\db\MarkPet.odb' is closed by 10000@DESKTOP-7GOSAU4

------------------------------------------------------------------------------------------------------------------------

[2017-08-01 13:37:22 #1 store] 
Database 'C:\Users\davej\IdeaProjects\PetMarkProject\out\artifacts\PetMarkWeb_war_exploded\WEB-INF\db\MarkPet.odb' is opened by 2884@DESKTOP-7GOSAU4

[2017-08-01 13:37:22 #2 type.registry] 
New type websites.WebSite

[2017-08-01 13:37:22 #3 type] 
Type websites.WebSite is not enhanced.

[2017-08-01 13:38:04 #4 store] 
Database 'C:\Users\davej\IdeaProjects\PetMarkProject\out\artifacts\PetMarkWeb_war_exploded\WEB-INF\db\MarkPet.odb' is closed by 2884@DESKTOP-7GOSAU4

------------------------------------------------------------------------------------------------------------------------

[2017-08-01 13:39:14 #1 store] 
Database 'C:\Users\davej\IdeaProjects\PetMarkProject\out\artifacts\PetMarkWeb_war_exploded\WEB-INF\db\MarkPet.odb' is opened by 19080@DESKTOP-7GOSAU4

[2017-08-01 13:39:14 #2 type] 
Type websites.WebSite is not enhanced.

[2017-08-01 13:41:36 #3 store] 
Database 'C:\Users\davej\IdeaProjects\PetMarkProject\out\artifacts\PetMarkWeb_war_exploded\WEB-INF\db\MarkPet.odb' is closed by 19080@DESKTOP-7GOSAU4

------------------------------------------------------------------------------------------------------------------------

[2017-08-01 13:42:29 #1 store] 
Database 'C:\Users\davej\IdeaProjects\PetMarkProject\out\artifacts\PetMarkWeb_war_exploded\WEB-INF\db\MarkPet.odb' is opened by 12776@DESKTOP-7GOSAU4

[2017-08-01 13:42:29 #2 type] 
Type websites.WebSite is not enhanced.

[2017-08-01 13:46:04 #3 store] 
Database 'C:\Users\davej\IdeaProjects\PetMarkProject\out\artifacts\PetMarkWeb_war_exploded\WEB-INF\db\MarkPet.odb' is closed by 12776@DESKTOP-7GOSAU4

------------------------------------------------------------------------------------------------------------------------

[2017-08-01 13:56:02 #1 store] 
Database 'C:\Users\davej\IdeaProjects\PetMarkProject\out\artifacts\PetMarkWeb_war_exploded\WEB-INF\db\MarkPet.odb' is opened by 4348@DESKTOP-7GOSAU4

[2017-08-01 13:56:02 #2 type] 
Type websites.WebSite is not enhanced.

[2017-08-01 13:56:39 #3 store] 
Database 'C:\Users\davej\IdeaProjects\PetMarkProject\out\artifacts\PetMarkWeb_war_exploded\WEB-INF\db\MarkPet.odb' is closed by 4348@DESKTOP-7GOSAU4

------------------------------------------------------------------------------------------------------------------------

[2017-08-01 13:56:52 #1 store] 
Database 'C:\Users\davej\IdeaProjects\PetMarkProject\out\artifacts\PetMarkWeb_war_exploded\WEB-INF\db\MarkPet.odb' is opened by 23020@DESKTOP-7GOSAU4

[2017-08-01 13:56:52 #2 type] 
Type websites.WebSite is not enhanced.

------------------------------------------------------------------------------------------------------------------------

[2017-08-01 14:00:52 #1 store] 
Database 'C:\Users\davej\IdeaProjects\PetMarkProject\out\artifacts\PetMarkWeb_war_exploded\WEB-INF\db\MarkPet.odb' is opened by 8956@DESKTOP-7GOSAU4

[2017-08-01 14:00:52 #2 type] 
Type websites.WebSite is not enhanced.

[2017-08-01 14:05:28 #3 store] 
Database 'C:\Users\davej\IdeaProjects\PetMarkProject\out\artifacts\PetMarkWeb_war_exploded\WEB-INF\db\MarkPet.odb' is closed by 8956@DESKTOP-7GOSAU4

------------------------------------------------------------------------------------------------------------------------

[2017-08-01 14:06:27 #1 store] 
Database 'C:\Users\davej\IdeaProjects\PetMarkProject\out\artifacts\PetMarkWeb_war_exploded\WEB-INF\db\MarkPet.odb' is opened by 20768@DESKTOP-7GOSAU4

[2017-08-01 14:06:27 #2 type] 
Type websites.WebSite is not enhanced.

[2017-08-01 14:09:15 #3 store] 
Database 'C:\Users\davej\IdeaProjects\PetMarkProject\out\artifacts\PetMarkWeb_war_exploded\WEB-INF\db\MarkPet.odb' is closed by 20768@DESKTOP-7GOSAU4

------------------------------------------------------------------------------------------------------------------------

[2017-08-01 14:09:31 #1 store] 
Database 'C:\Users\davej\IdeaProjects\PetMarkProject\out\artifacts\PetMarkWeb_war_exploded\WEB-INF\db\MarkPet.odb' is opened by 3208@DESKTOP-7GOSAU4

[2017-08-01 14:09:32 #2 type] 
Type websites.WebSite is not enhanced.

[2017-08-01 14:11:16 #3 store] 
Database 'C:\Users\davej\IdeaProjects\PetMarkProject\out\artifacts\PetMarkWeb_war_exploded\WEB-INF\db\MarkPet.odb' is closed by 3208@DESKTOP-7GOSAU4

------------------------------------------------------------------------------------------------------------------------

[2017-08-01 14:12:03 #1 store] 
Database 'C:\Users\davej\IdeaProjects\PetMarkProject\out\artifacts\PetMarkWeb_war_exploded\WEB-INF\db\MarkPet.odb' is opened by 22548@DESKTOP-7GOSAU4

[2017-08-01 14:12:03 #2 type] 
Type websites.WebSite is not enhanced.

[2017-08-01 14:14:16 #3 store] 
Database 'C:\Users\davej\IdeaProjects\PetMarkProject\out\artifacts\PetMarkWeb_war_exploded\WEB-INF\db\MarkPet.odb' is closed by 22548@DESKTOP-7GOSAU4

------------------------------------------------------------------------------------------------------------------------

[2017-08-01 14:23:02 #1 store] 
Database 'C:\Users\davej\IdeaProjects\PetMarkProject\out\artifacts\PetMarkWeb_war_exploded\WEB-INF\db\MarkPet.odb' is opened by 19708@DESKTOP-7GOSAU4

[2017-08-01 14:23:02 #2 type] 
Type websites.WebSite is not enhanced.

[2017-08-01 14:23:38 #3 store] 
Database 'C:\Users\davej\IdeaProjects\PetMarkProject\out\artifacts\PetMarkWeb_war_exploded\WEB-INF\db\MarkPet.odb' is closed by 19708@DESKTOP-7GOSAU4

------------------------------------------------------------------------------------------------------------------------

[2017-08-01 14:24:30 #1 store] 
Database 'C:\Users\davej\IdeaProjects\PetMarkProject\out\artifacts\PetMarkWeb_war_exploded\WEB-INF\db\MarkPet.odb' is opened by 27996@DESKTOP-7GOSAU4

[2017-08-01 14:24:30 #2 type] 
Type websites.WebSite is not enhanced.

[2017-08-01 14:25:06 #3 store] 
Database 'C:\Users\davej\IdeaProjects\PetMarkProject\out\artifacts\PetMarkWeb_war_exploded\WEB-INF\db\MarkPet.odb' is closed by 27996@DESKTOP-7GOSAU4

------------------------------------------------------------------------------------------------------------------------

[2017-08-01 14:25:40 #1 store] 
Database 'C:\Users\davej\IdeaProjects\PetMarkProject\out\artifacts\PetMarkWeb_war_exploded\WEB-INF\db\MarkPet.odb' is opened by 14836@DESKTOP-7GOSAU4

[2017-08-01 14:25:40 #2 type.registry] 
New type websites.WebSite

[2017-08-01 14:25:40 #3 type] 
Type websites.WebSite is not enhanced.

[2017-08-01 14:29:55 #4 store] 
Database 'C:\Users\davej\IdeaProjects\PetMarkProject\out\artifacts\PetMarkWeb_war_exploded\WEB-INF\db\MarkPet.odb' is closed by 14836@DESKTOP-7GOSAU4

------------------------------------------------------------------------------------------------------------------------

[2017-08-01 14:31:00 #1 store] 
Database 'C:\Users\davej\IdeaProjects\PetMarkProject\out\artifacts\PetMarkWeb_war_exploded\WEB-INF\db\MarkPet.odb' is opened by 9404@DESKTOP-7GOSAU4

[2017-08-01 14:31:00 #2 type] 
Type websites.WebSite is not enhanced.

[2017-08-01 14:35:58 #3 store] 
Database 'C:\Users\davej\IdeaProjects\PetMarkProject\out\artifacts\PetMarkWeb_war_exploded\WEB-INF\db\MarkPet.odb' is closed by 9404@DESKTOP-7GOSAU4

------------------------------------------------------------------------------------------------------------------------

[2017-08-01 14:36:13 #1 store] 
Database 'C:\Users\davej\IdeaProjects\PetMarkProject\out\artifacts\PetMarkWeb_war_exploded\WEB-INF\db\MarkPet.odb' is opened by 15936@DESKTOP-7GOSAU4

[2017-08-01 14:36:13 #2 type] 
Type websites.WebSite is not enhanced.

[2017-08-01 14:40:30 #3 store] 
Database 'C:\Users\davej\IdeaProjects\PetMarkProject\out\artifacts\PetMarkWeb_war_exploded\WEB-INF\db\MarkPet.odb' is closed by 15936@DESKTOP-7GOSAU4

------------------------------------------------------------------------------------------------------------------------

[2017-08-01 14:46:43 #1 store] 
Database 'C:\Users\davej\IdeaProjects\PetMarkProject\out\artifacts\PetMarkWeb_war_exploded\WEB-INF\db\MarkPet.odb' is opened by 20876@DESKTOP-7GOSAU4

[2017-08-01 14:46:44 #2 type.registry] 
New type websites.WebSite

[2017-08-01 14:46:44 #3 type] 
Type websites.WebSite is not enhanced.

[2017-08-01 14:48:51 #4 store] 
Database 'C:\Users\davej\IdeaProjects\PetMarkProject\out\artifacts\PetMarkWeb_war_exploded\WEB-INF\db\MarkPet.odb' is closed by 20876@DESKTOP-7GOSAU4

------------------------------------------------------------------------------------------------------------------------

[2017-08-01 14:49:10 #1 store] 
Database 'C:\Users\davej\IdeaProjects\PetMarkProject\out\artifacts\PetMarkWeb_war_exploded\WEB-INF\db\MarkPet.odb' is opened by 16152@DESKTOP-7GOSAU4

[2017-08-01 14:49:10 #2 type] 
Type websites.WebSite is not enhanced.

[2017-08-01 15:07:14 #3 store] 
Database 'C:\Users\davej\IdeaProjects\PetMarkProject\out\artifacts\PetMarkWeb_war_exploded\WEB-INF\db\MarkPet.odb' is closed by 16152@DESKTOP-7GOSAU4

------------------------------------------------------------------------------------------------------------------------

[2017-08-01 15:07:42 #1 store] 
Database 'C:\Users\davej\IdeaProjects\PetMarkProject\out\artifacts\PetMarkWeb_war_exploded\WEB-INF\db\MarkPet.odb' is opened by 14668@DESKTOP-7GOSAU4

[2017-08-01 15:07:42 #2 type] 
Type websites.WebSite is not enhanced.

[2017-08-01 15:14:40 #3 store] 
Database 'C:\Users\davej\IdeaProjects\PetMarkProject\out\artifacts\PetMarkWeb_war_exploded\WEB-INF\db\MarkPet.odb' is closed by 14668@DESKTOP-7GOSAU4

------------------------------------------------------------------------------------------------------------------------

[2017-08-01 15:15:41 #1 store] 
Database 'C:\Users\davej\IdeaProjects\PetMarkProject\out\artifacts\PetMarkWeb_war_exploded\WEB-INF\db\MarkPet.odb' is opened by 4296@DESKTOP-7GOSAU4

[2017-08-01 15:15:41 #2 type.registry] 
New type websites.WebSite

[2017-08-01 15:15:41 #3 type] 
Type websites.WebSite is not enhanced.

[2017-08-01 15:18:07 #4 store] 
Database 'C:\Users\davej\IdeaProjects\PetMarkProject\out\artifacts\PetMarkWeb_war_exploded\WEB-INF\db\MarkPet.odb' is closed by 4296@DESKTOP-7GOSAU4

------------------------------------------------------------------------------------------------------------------------

[2017-08-01 15:19:33 #1 store] 
Database 'C:\Users\davej\IdeaProjects\PetMarkProject\out\artifacts\PetMarkWeb_war_exploded\WEB-INF\db\MarkPet.odb' is opened by 12660@DESKTOP-7GOSAU4

[2017-08-01 15:19:33 #2 type.registry] 
New type websites.WebSite

[2017-08-01 15:19:33 #3 type] 
Type websites.WebSite is not enhanced.

[2017-08-01 15:21:40 #4 type.registry] 
New type Products.Product

[2017-08-01 15:21:40 #5 type] 
Type Products.Product is not enhanced.

[2017-08-01 15:21:54 #6 store] 
Database 'C:\Users\davej\IdeaProjects\PetMarkProject\out\artifacts\PetMarkWeb_war_exploded\WEB-INF\db\MarkPet.odb' is closed by 12660@DESKTOP-7GOSAU4

------------------------------------------------------------------------------------------------------------------------

[2017-08-01 15:23:08 #1 store] 
Database 'C:\Users\davej\IdeaProjects\PetMarkProject\out\artifacts\PetMarkWeb_war_exploded\WEB-INF\db\MarkPet.odb' is opened by 26988@DESKTOP-7GOSAU4

[2017-08-01 15:23:08 #2 type] 
Type websites.WebSite is not enhanced.

[2017-08-01 15:23:08 #3 type] 
Type Products.Product is not enhanced.

[2017-08-01 15:29:28 #4 store] 
Database 'C:\Users\davej\IdeaProjects\PetMarkProject\out\artifacts\PetMarkWeb_war_exploded\WEB-INF\db\MarkPet.odb' is closed by 26988@DESKTOP-7GOSAU4

------------------------------------------------------------------------------------------------------------------------

[2017-08-01 15:33:14 #1 store] 
Database 'C:\Users\davej\IdeaProjects\PetMarkProject\out\artifacts\PetMarkWeb_war_exploded\WEB-INF\db\MarkPet.odb' is opened by 2272@DESKTOP-7GOSAU4

[2017-08-01 15:33:14 #2 type] 
Type websites.WebSite is not enhanced.

[2017-08-01 15:33:14 #3 type] 
Type Products.Product is not enhanced.

[2017-08-02 10:45:13 #4 store] 
Database 'C:\Users\davej\IdeaProjects\PetMarkProject\out\artifacts\PetMarkWeb_war_exploded\WEB-INF\db\MarkPet.odb' is closed by 2272@DESKTOP-7GOSAU4

