------------------------------------------------------------------------------------------------------------------------

[2017-08-17 01:34:26 #1 store] 
Database 'C:\Users\davej\IdeaProjects\PetMarkProject\out\artifacts\PetMarkWeb_war_exploded\WEB-INF\db\MarkPet2.odb' is opened by 8240@DESKTOP-7GOSAU4

[2017-08-17 01:34:26 #2 type] 
Type websites.WebSite is not enhanced.

[2017-08-17 01:34:26 #3 type] 
Type Products.Product is not enhanced.

[2017-08-17 01:34:26 #4 type] 
Type Products.ProductModel is not enhanced.

[2017-08-17 01:34:26 #5 type] 
Type Products.ProductCompare is not enhanced.

[2017-08-17 02:35:53 #6 store] 
Database 'C:\Users\davej\IdeaProjects\PetMarkProject\out\artifacts\PetMarkWeb_war_exploded\WEB-INF\db\MarkPet2.odb' is closed by 8240@DESKTOP-7GOSAU4

------------------------------------------------------------------------------------------------------------------------

[2017-08-17 18:37:40 #1 store] 
Database 'C:\Users\davej\IdeaProjects\PetMarkProject\out\artifacts\PetMarkWeb_war_exploded\WEB-INF\db\MarkPet2.odb' is opened by 10500@DESKTOP-7GOSAU4

[2017-08-17 18:37:40 #2 type] 
Type websites.WebSite is not enhanced.

[2017-08-17 18:37:40 #3 type] 
Type Products.Product is not enhanced.

[2017-08-17 18:37:40 #4 type] 
Type Products.ProductModel is not enhanced.

[2017-08-17 18:37:40 #5 type] 
Type Products.ProductCompare is not enhanced.

[2017-08-17 19:13:10 #6 store] 
Database 'C:\Users\davej\IdeaProjects\PetMarkProject\out\artifacts\PetMarkWeb_war_exploded\WEB-INF\db\MarkPet2.odb' is closed by 10500@DESKTOP-7GOSAU4

------------------------------------------------------------------------------------------------------------------------

[2017-08-17 19:23:27 #1 store] 
Database 'C:\Users\davej\IdeaProjects\PetMarkProject\out\artifacts\PetMarkWeb_war_exploded\WEB-INF\db\MarkPet2.odb' is opened by 18300@DESKTOP-7GOSAU4

[2017-08-17 19:23:28 #2 type] 
Type websites.WebSite is not enhanced.

[2017-08-17 19:23:28 #3 type] 
Type Products.Product is not enhanced.

[2017-08-17 19:23:28 #4 type] 
Type Products.ProductModel is not enhanced.

[2017-08-17 19:23:28 #5 type] 
Type Products.ProductCompare is not enhanced.

[2017-08-17 20:30:03 #6 store] 
Database 'C:\Users\davej\IdeaProjects\PetMarkProject\out\artifacts\PetMarkWeb_war_exploded\WEB-INF\db\MarkPet2.odb' is closed by 18300@DESKTOP-7GOSAU4

------------------------------------------------------------------------------------------------------------------------

[2017-08-17 20:30:28 #1 store] 
Database 'C:\Users\davej\IdeaProjects\PetMarkProject\out\artifacts\PetMarkWeb_war_exploded\WEB-INF\db\MarkPet2.odb' is opened by 23224@DESKTOP-7GOSAU4

[2017-08-17 20:30:28 #2 type] 
Type websites.WebSite is not enhanced.

[2017-08-17 20:30:28 #3 type] 
Type Products.Product is not enhanced.

[2017-08-17 20:30:28 #4 type] 
Type Products.ProductModel is not enhanced.

[2017-08-17 20:30:28 #5 type] 
Type Products.ProductCompare is not enhanced.

------------------------------------------------------------------------------------------------------------------------

[2017-08-17 23:17:38 #1 store] 
Database 'C:\Users\davej\IdeaProjects\PetMarkProject\out\artifacts\PetMarkWeb_war_exploded\WEB-INF\db\MarkPet2.odb' is opened by 12412@DESKTOP-7GOSAU4

[2017-08-17 23:17:38 #2 type] 
Type websites.WebSite is not enhanced.

[2017-08-17 23:17:38 #3 type] 
Type Products.Product is not enhanced.

[2017-08-17 23:17:38 #4 type] 
Type Products.ProductModel is not enhanced.

[2017-08-17 23:17:38 #5 type] 
Type Products.ProductCompare is not enhanced.

[2017-08-18 00:20:29 #6 store] 
Database 'C:\Users\davej\IdeaProjects\PetMarkProject\out\artifacts\PetMarkWeb_war_exploded\WEB-INF\db\MarkPet2.odb' is closed by 12412@DESKTOP-7GOSAU4

