------------------------------------------------------------------------------------------------------------------------

[2017-08-23 01:50:04 #1 store] 
Database 'C:\Users\davej\IdeaProjects\PetMarkProject\out\artifacts\PetMarkWeb_war_exploded\WEB-INF\db\MarkPet2.odb' is opened by 1464@DESKTOP-7GOSAU4

[2017-08-23 01:50:04 #2 type] 
Type websites.WebSite is not enhanced.

[2017-08-23 01:50:04 #3 type] 
Type Products.Product is not enhanced.

[2017-08-23 01:50:04 #4 type] 
Type Products.ProductModel is not enhanced.

[2017-08-23 01:50:04 #5 type] 
Type Products.ProductCompare is not enhanced.

[2017-08-23 01:50:29 #6 store] 
Database 'C:\Users\davej\IdeaProjects\PetMarkProject\out\artifacts\PetMarkWeb_war_exploded\WEB-INF\db\MarkPet2.odb' is closed by 1464@DESKTOP-7GOSAU4

------------------------------------------------------------------------------------------------------------------------

[2017-08-23 01:51:46 #1 store] 
Database 'C:\Users\davej\IdeaProjects\PetMarkProject\out\artifacts\PetMarkWeb_war_exploded\WEB-INF\db\MarkPet2.odb' is opened by 11672@DESKTOP-7GOSAU4

[2017-08-23 01:51:47 #2 type] 
Type websites.WebSite is not enhanced.

[2017-08-23 01:51:47 #3 type] 
Type Products.Product is not enhanced.

[2017-08-23 01:51:47 #4 type] 
Type Products.ProductModel is not enhanced.

[2017-08-23 01:51:47 #5 type] 
Type Products.ProductCompare is not enhanced.

[2017-08-23 02:19:28 #6 store] 
Database 'C:\Users\davej\IdeaProjects\PetMarkProject\out\artifacts\PetMarkWeb_war_exploded\WEB-INF\db\MarkPet2.odb' is closed by 11672@DESKTOP-7GOSAU4

------------------------------------------------------------------------------------------------------------------------

[2017-08-23 02:26:47 #1 store] 
Database 'C:\Users\davej\IdeaProjects\PetMarkProject\out\artifacts\PetMarkWeb_war_exploded\WEB-INF\db\MarkPet2.odb' is opened by 17508@DESKTOP-7GOSAU4

[2017-08-23 02:26:47 #2 type] 
Type websites.WebSite is not enhanced.

[2017-08-23 02:26:47 #3 type] 
Type Products.Product is not enhanced.

[2017-08-23 02:26:47 #4 type] 
Type Products.ProductModel is not enhanced.

[2017-08-23 02:26:47 #5 type] 
Type Products.ProductCompare is not enhanced.

[2017-08-23 03:08:16 #6 store] 
Database 'C:\Users\davej\IdeaProjects\PetMarkProject\out\artifacts\PetMarkWeb_war_exploded\WEB-INF\db\MarkPet2.odb' is closed by 17508@DESKTOP-7GOSAU4

------------------------------------------------------------------------------------------------------------------------

[2017-08-23 11:23:56 #1 store] 
Database 'C:\Users\davej\IdeaProjects\PetMarkProject\out\artifacts\PetMarkWeb_war_exploded\WEB-INF\db\MarkPet2.odb' is opened by 10164@DESKTOP-7GOSAU4

[2017-08-23 11:23:56 #2 type] 
Type websites.WebSite is not enhanced.

[2017-08-23 11:23:56 #3 type] 
Type Products.Product is not enhanced.

[2017-08-23 11:23:56 #4 type] 
Type Products.ProductModel is not enhanced.

[2017-08-23 11:23:56 #5 type] 
Type Products.ProductCompare is not enhanced.

[2017-08-23 12:45:06 #6 store] 
Database 'C:\Users\davej\IdeaProjects\PetMarkProject\out\artifacts\PetMarkWeb_war_exploded\WEB-INF\db\MarkPet2.odb' is closed by 10164@DESKTOP-7GOSAU4

------------------------------------------------------------------------------------------------------------------------

[2017-08-23 12:45:36 #1 store] 
Database 'C:\Users\davej\IdeaProjects\PetMarkProject\out\artifacts\PetMarkWeb_war_exploded\WEB-INF\db\MarkPet2.odb' is opened by 7756@DESKTOP-7GOSAU4

[2017-08-23 12:45:37 #2 type] 
Type websites.WebSite is not enhanced.

[2017-08-23 12:45:37 #3 type] 
Type Products.Product is not enhanced.

[2017-08-23 12:45:37 #4 type] 
Type Products.ProductModel is not enhanced.

[2017-08-23 12:45:37 #5 type] 
Type Products.ProductCompare is not enhanced.

[2017-08-23 13:12:57 #6 store] 
Database 'C:\Users\davej\IdeaProjects\PetMarkProject\out\artifacts\PetMarkWeb_war_exploded\WEB-INF\db\MarkPet2.odb' is closed by 7756@DESKTOP-7GOSAU4

------------------------------------------------------------------------------------------------------------------------

[2017-08-23 13:13:19 #1 store] 
Database 'C:\Users\davej\IdeaProjects\PetMarkProject\out\artifacts\PetMarkWeb_war_exploded\WEB-INF\db\MarkPet2.odb' is opened by 2688@DESKTOP-7GOSAU4

[2017-08-23 13:13:19 #2 type] 
Type websites.WebSite is not enhanced.

[2017-08-23 13:13:19 #3 type] 
Type Products.Product is not enhanced.

[2017-08-23 13:13:19 #4 type] 
Type Products.ProductModel is not enhanced.

[2017-08-23 13:13:19 #5 type] 
Type Products.ProductCompare is not enhanced.

[2017-08-23 14:12:19 #6 store] 
Database 'C:\Users\davej\IdeaProjects\PetMarkProject\out\artifacts\PetMarkWeb_war_exploded\WEB-INF\db\MarkPet2.odb' is closed by 2688@DESKTOP-7GOSAU4

------------------------------------------------------------------------------------------------------------------------

[2017-08-23 14:18:22 #1 store] 
Database 'C:\Users\davej\IdeaProjects\PetMarkProject\out\artifacts\PetMarkWeb_war_exploded\WEB-INF\db\MarkPet2.odb' is opened by 9452@DESKTOP-7GOSAU4

[2017-08-23 14:18:22 #2 type] 
Type websites.WebSite is not enhanced.

[2017-08-23 14:18:22 #3 type] 
Type Products.Product is not enhanced.

[2017-08-23 14:18:22 #4 type] 
Type Products.ProductModel is not enhanced.

[2017-08-23 14:18:22 #5 type] 
Type Products.ProductCompare is not enhanced.

[2017-08-23 14:41:20 #6 store] 
Database 'C:\Users\davej\IdeaProjects\PetMarkProject\out\artifacts\PetMarkWeb_war_exploded\WEB-INF\db\MarkPet2.odb' is closed by 9452@DESKTOP-7GOSAU4

------------------------------------------------------------------------------------------------------------------------

[2017-08-23 14:41:43 #1 store] 
Database 'C:\Users\davej\IdeaProjects\PetMarkProject\out\artifacts\PetMarkWeb_war_exploded\WEB-INF\db\MarkPet2.odb' is opened by 5516@DESKTOP-7GOSAU4

[2017-08-23 14:41:44 #2 type] 
Type websites.WebSite is not enhanced.

[2017-08-23 14:41:44 #3 type] 
Type Products.Product is not enhanced.

[2017-08-23 14:41:44 #4 type] 
Type Products.ProductModel is not enhanced.

[2017-08-23 14:41:44 #5 type] 
Type Products.ProductCompare is not enhanced.

[2017-08-23 15:03:52 #6 store] 
Database 'C:\Users\davej\IdeaProjects\PetMarkProject\out\artifacts\PetMarkWeb_war_exploded\WEB-INF\db\MarkPet2.odb' is closed by 5516@DESKTOP-7GOSAU4

------------------------------------------------------------------------------------------------------------------------

[2017-08-23 15:07:16 #1 store] 
Database 'C:\Users\davej\IdeaProjects\PetMarkProject\out\artifacts\PetMarkWeb_war_exploded\WEB-INF\db\MarkPet2.odb' is opened by 17480@DESKTOP-7GOSAU4

[2017-08-23 15:07:16 #2 type] 
Type websites.WebSite is not enhanced.

[2017-08-23 15:07:16 #3 type] 
Type Products.Product is not enhanced.

[2017-08-23 15:07:16 #4 type] 
Type Products.ProductModel is not enhanced.

[2017-08-23 15:07:16 #5 type] 
Type Products.ProductCompare is not enhanced.

[2017-08-23 15:55:15 #6 store] 
Database 'C:\Users\davej\IdeaProjects\PetMarkProject\out\artifacts\PetMarkWeb_war_exploded\WEB-INF\db\MarkPet2.odb' is closed by 17480@DESKTOP-7GOSAU4

------------------------------------------------------------------------------------------------------------------------

[2017-08-23 15:55:49 #1 store] 
Database 'C:\Users\davej\IdeaProjects\PetMarkProject\out\artifacts\PetMarkWeb_war_exploded\WEB-INF\db\MarkPet2.odb' is opened by 12080@DESKTOP-7GOSAU4

[2017-08-23 15:55:49 #2 type] 
Type websites.WebSite is not enhanced.

[2017-08-23 15:55:49 #3 type] 
Type Products.Product is not enhanced.

[2017-08-23 15:55:49 #4 type] 
Type Products.ProductModel is not enhanced.

[2017-08-23 15:55:49 #5 type] 
Type Products.ProductCompare is not enhanced.

[2017-08-23 16:20:37 #6 store] 
Database 'C:\Users\davej\IdeaProjects\PetMarkProject\out\artifacts\PetMarkWeb_war_exploded\WEB-INF\db\MarkPet2.odb' is closed by 12080@DESKTOP-7GOSAU4

------------------------------------------------------------------------------------------------------------------------

[2017-08-23 16:22:14 #1 store] 
Database 'C:\Users\davej\IdeaProjects\PetMarkProject\out\artifacts\PetMarkWeb_war_exploded\WEB-INF\db\MarkPet2.odb' is opened by 20380@DESKTOP-7GOSAU4

[2017-08-23 16:22:15 #2 type] 
Type websites.WebSite is not enhanced.

[2017-08-23 16:22:15 #3 type] 
Type Products.Product is not enhanced.

[2017-08-23 16:22:15 #4 type] 
Type Products.ProductModel is not enhanced.

[2017-08-23 16:22:15 #5 type] 
Type Products.ProductCompare is not enhanced.

[2017-08-23 16:22:49 #6 store] 
Database 'C:\Users\davej\IdeaProjects\PetMarkProject\out\artifacts\PetMarkWeb_war_exploded\WEB-INF\db\MarkPet2.odb' is closed by 20380@DESKTOP-7GOSAU4

------------------------------------------------------------------------------------------------------------------------

[2017-08-23 16:29:00 #1 store] 
Database 'C:\Users\davej\IdeaProjects\PetMarkProject\out\artifacts\PetMarkWeb_war_exploded\WEB-INF\db\MarkPet2.odb' is opened by 20100@DESKTOP-7GOSAU4

[2017-08-23 16:29:00 #2 type] 
Type websites.WebSite is not enhanced.

[2017-08-23 16:29:00 #3 type] 
Type Products.Product is not enhanced.

[2017-08-23 16:29:00 #4 type] 
Type Products.ProductModel is not enhanced.

[2017-08-23 16:29:00 #5 type] 
Type Products.ProductCompare is not enhanced.

[2017-08-23 16:32:27 #6 store] 
Database 'C:\Users\davej\IdeaProjects\PetMarkProject\out\artifacts\PetMarkWeb_war_exploded\WEB-INF\db\MarkPet2.odb' is closed by 20100@DESKTOP-7GOSAU4

------------------------------------------------------------------------------------------------------------------------

[2017-08-23 16:33:06 #1 store] 
Database 'C:\Users\davej\IdeaProjects\PetMarkProject\out\artifacts\PetMarkWeb_war_exploded\WEB-INF\db\MarkPet2.odb' is opened by 16776@DESKTOP-7GOSAU4

[2017-08-23 16:33:06 #2 type] 
Type websites.WebSite is not enhanced.

[2017-08-23 16:33:06 #3 type] 
Type Products.Product is not enhanced.

[2017-08-23 16:33:06 #4 type] 
Type Products.ProductModel is not enhanced.

[2017-08-23 16:33:06 #5 type] 
Type Products.ProductCompare is not enhanced.

[2017-08-23 16:37:11 #6 store] 
Database 'C:\Users\davej\IdeaProjects\PetMarkProject\out\artifacts\PetMarkWeb_war_exploded\WEB-INF\db\MarkPet2.odb' is closed by 16776@DESKTOP-7GOSAU4

------------------------------------------------------------------------------------------------------------------------

[2017-08-23 16:38:50 #1 store] 
Database 'C:\Users\davej\IdeaProjects\PetMarkProject\out\artifacts\PetMarkWeb_war_exploded\WEB-INF\db\MarkPet2.odb' is opened by 2444@DESKTOP-7GOSAU4

[2017-08-23 16:38:50 #2 type] 
Type websites.WebSite is not enhanced.

[2017-08-23 16:38:50 #3 type] 
Type Products.Product is not enhanced.

[2017-08-23 16:38:50 #4 type] 
Type Products.ProductModel is not enhanced.

[2017-08-23 16:38:50 #5 type] 
Type Products.ProductCompare is not enhanced.

[2017-08-23 17:03:16 #6 store] 
Database 'C:\Users\davej\IdeaProjects\PetMarkProject\out\artifacts\PetMarkWeb_war_exploded\WEB-INF\db\MarkPet2.odb' is closed by 2444@DESKTOP-7GOSAU4

------------------------------------------------------------------------------------------------------------------------

[2017-08-23 17:03:36 #1 store] 
Database 'C:\Users\davej\IdeaProjects\PetMarkProject\out\artifacts\PetMarkWeb_war_exploded\WEB-INF\db\MarkPet2.odb' is opened by 20980@DESKTOP-7GOSAU4

[2017-08-23 17:03:36 #2 type] 
Type websites.WebSite is not enhanced.

[2017-08-23 17:03:36 #3 type] 
Type Products.Product is not enhanced.

[2017-08-23 17:03:36 #4 type] 
Type Products.ProductModel is not enhanced.

[2017-08-23 17:03:36 #5 type] 
Type Products.ProductCompare is not enhanced.

[2017-08-23 17:13:11 #6 store] 
Database 'C:\Users\davej\IdeaProjects\PetMarkProject\out\artifacts\PetMarkWeb_war_exploded\WEB-INF\db\MarkPet2.odb' is closed by 20980@DESKTOP-7GOSAU4

------------------------------------------------------------------------------------------------------------------------

[2017-08-23 17:14:36 #1 store] 
Database 'C:\Users\davej\IdeaProjects\PetMarkProject\out\artifacts\PetMarkWeb_war_exploded\WEB-INF\db\MarkPet2.odb' is opened by 2104@DESKTOP-7GOSAU4

[2017-08-23 17:14:36 #2 type] 
Type websites.WebSite is not enhanced.

[2017-08-23 17:14:36 #3 type] 
Type Products.Product is not enhanced.

[2017-08-23 17:14:36 #4 type] 
Type Products.ProductModel is not enhanced.

[2017-08-23 17:14:36 #5 type] 
Type Products.ProductCompare is not enhanced.

[2017-08-23 17:16:18 #6 store] 
Database 'C:\Users\davej\IdeaProjects\PetMarkProject\out\artifacts\PetMarkWeb_war_exploded\WEB-INF\db\MarkPet2.odb' is closed by 2104@DESKTOP-7GOSAU4

------------------------------------------------------------------------------------------------------------------------

[2017-08-23 17:17:36 #1 store] 
Database 'C:\Users\davej\IdeaProjects\PetMarkProject\out\artifacts\PetMarkWeb_war_exploded\WEB-INF\db\MarkPet2.odb' is opened by 8512@DESKTOP-7GOSAU4

[2017-08-23 17:17:36 #2 type] 
Type websites.WebSite is not enhanced.

[2017-08-23 17:17:36 #3 type] 
Type Products.Product is not enhanced.

[2017-08-23 17:17:36 #4 type] 
Type Products.ProductModel is not enhanced.

[2017-08-23 17:17:36 #5 type] 
Type Products.ProductCompare is not enhanced.

[2017-08-23 17:20:40 #6 store] 
Database 'C:\Users\davej\IdeaProjects\PetMarkProject\out\artifacts\PetMarkWeb_war_exploded\WEB-INF\db\MarkPet2.odb' is closed by 8512@DESKTOP-7GOSAU4

------------------------------------------------------------------------------------------------------------------------

[2017-08-23 17:27:58 #1 store] 
Database 'C:\Users\davej\IdeaProjects\PetMarkProject\out\artifacts\PetMarkWeb_war_exploded\WEB-INF\db\MarkPet2.odb' is opened by 5012@DESKTOP-7GOSAU4

[2017-08-23 17:27:58 #2 type] 
Type websites.WebSite is not enhanced.

[2017-08-23 17:27:58 #3 type] 
Type Products.Product is not enhanced.

[2017-08-23 17:27:58 #4 type] 
Type Products.ProductModel is not enhanced.

[2017-08-23 17:27:58 #5 type] 
Type Products.ProductCompare is not enhanced.

[2017-08-23 17:29:48 #6 store] 
Database 'C:\Users\davej\IdeaProjects\PetMarkProject\out\artifacts\PetMarkWeb_war_exploded\WEB-INF\db\MarkPet2.odb' is closed by 5012@DESKTOP-7GOSAU4

------------------------------------------------------------------------------------------------------------------------

[2017-08-23 17:31:57 #1 store] 
Database 'C:\Users\davej\IdeaProjects\PetMarkProject\out\artifacts\PetMarkWeb_war_exploded\WEB-INF\db\MarkPet2.odb' is opened by 2812@DESKTOP-7GOSAU4

[2017-08-23 17:31:57 #2 type] 
Type websites.WebSite is not enhanced.

[2017-08-23 17:31:57 #3 type] 
Type Products.Product is not enhanced.

[2017-08-23 17:31:57 #4 type] 
Type Products.ProductModel is not enhanced.

[2017-08-23 17:31:57 #5 type] 
Type Products.ProductCompare is not enhanced.

[2017-08-23 19:26:18 #6 store] 
Database 'C:\Users\davej\IdeaProjects\PetMarkProject\out\artifacts\PetMarkWeb_war_exploded\WEB-INF\db\MarkPet2.odb' is closed by 2812@DESKTOP-7GOSAU4

------------------------------------------------------------------------------------------------------------------------

[2017-08-23 19:27:42 #1 store] 
Database 'C:\Users\davej\IdeaProjects\PetMarkProject\out\artifacts\PetMarkWeb_war_exploded\WEB-INF\db\MarkPet2.odb' is opened by 8148@DESKTOP-7GOSAU4

[2017-08-23 19:27:42 #2 type] 
Type websites.WebSite is not enhanced.

[2017-08-23 19:27:42 #3 type] 
Type Products.Product is not enhanced.

[2017-08-23 19:27:42 #4 type] 
Type Products.ProductModel is not enhanced.

[2017-08-23 19:27:42 #5 type] 
Type Products.ProductCompare is not enhanced.

[2017-08-23 19:30:18 #6 store] 
Database 'C:\Users\davej\IdeaProjects\PetMarkProject\out\artifacts\PetMarkWeb_war_exploded\WEB-INF\db\MarkPet2.odb' is closed by 8148@DESKTOP-7GOSAU4

------------------------------------------------------------------------------------------------------------------------

[2017-08-23 19:30:35 #1 store] 
Database 'C:\Users\davej\IdeaProjects\PetMarkProject\out\artifacts\PetMarkWeb_war_exploded\WEB-INF\db\MarkPet2.odb' is opened by 6056@DESKTOP-7GOSAU4

[2017-08-23 19:30:35 #2 type] 
Type websites.WebSite is not enhanced.

[2017-08-23 19:30:35 #3 type] 
Type Products.Product is not enhanced.

[2017-08-23 19:30:35 #4 type] 
Type Products.ProductModel is not enhanced.

[2017-08-23 19:30:35 #5 type] 
Type Products.ProductCompare is not enhanced.

[2017-08-23 19:55:06 #6 store] 
Database 'C:\Users\davej\IdeaProjects\PetMarkProject\out\artifacts\PetMarkWeb_war_exploded\WEB-INF\db\MarkPet2.odb' is closed by 6056@DESKTOP-7GOSAU4

------------------------------------------------------------------------------------------------------------------------

[2017-08-23 19:55:28 #1 store] 
Database 'C:\Users\davej\IdeaProjects\PetMarkProject\out\artifacts\PetMarkWeb_war_exploded\WEB-INF\db\MarkPet2.odb' is opened by 20144@DESKTOP-7GOSAU4

[2017-08-23 19:55:28 #2 type] 
Type websites.WebSite is not enhanced.

[2017-08-23 19:55:28 #3 type] 
Type Products.Product is not enhanced.

[2017-08-23 19:55:28 #4 type] 
Type Products.ProductModel is not enhanced.

[2017-08-23 19:55:28 #5 type] 
Type Products.ProductCompare is not enhanced.

[2017-08-24 00:44:07 #6 store] 
Database 'C:\Users\davej\IdeaProjects\PetMarkProject\out\artifacts\PetMarkWeb_war_exploded\WEB-INF\db\MarkPet2.odb' is closed by 20144@DESKTOP-7GOSAU4

