------------------------------------------------------------------------------------------------------------------------

[2017-08-21 00:41:00 #1 store] 
Database 'C:\Users\davej\IdeaProjects\PetMarkProject\out\artifacts\PetMarkWeb_war_exploded\WEB-INF\db\MarkPet2.odb' is opened by 18288@DESKTOP-7GOSAU4

[2017-08-21 00:41:00 #2 type] 
Type websites.WebSite is not enhanced.

[2017-08-21 00:41:00 #3 type] 
Type Products.Product is not enhanced.

[2017-08-21 00:41:00 #4 type] 
Type Products.ProductModel is not enhanced.

[2017-08-21 00:41:00 #5 type] 
Type Products.ProductCompare is not enhanced.

[2017-08-21 12:25:21 #6 store] 
Database 'C:\Users\davej\IdeaProjects\PetMarkProject\out\artifacts\PetMarkWeb_war_exploded\WEB-INF\db\MarkPet2.odb' is closed by 18288@DESKTOP-7GOSAU4

------------------------------------------------------------------------------------------------------------------------

[2017-08-21 17:45:19 #1 store] 
Database 'C:\Users\davej\IdeaProjects\PetMarkProject\out\artifacts\PetMarkWeb_war_exploded\WEB-INF\db\MarkPet2.odb' is opened by 3864@DESKTOP-7GOSAU4

[2017-08-21 17:45:19 #2 type] 
Type websites.WebSite is not enhanced.

[2017-08-21 17:45:19 #3 type] 
Type Products.Product is not enhanced.

[2017-08-21 17:45:19 #4 type] 
Type Products.ProductModel is not enhanced.

[2017-08-21 17:45:19 #5 type] 
Type Products.ProductCompare is not enhanced.

[2017-08-21 17:51:37 #6 store] 
Database 'C:\Users\davej\IdeaProjects\PetMarkProject\out\artifacts\PetMarkWeb_war_exploded\WEB-INF\db\MarkPet2.odb' is closed by 3864@DESKTOP-7GOSAU4

------------------------------------------------------------------------------------------------------------------------

[2017-08-21 17:56:16 #1 store] 
Database 'C:\Users\davej\IdeaProjects\PetMarkProject\out\artifacts\PetMarkWeb_war_exploded\WEB-INF\db\MarkPet2.odb' is opened by 10140@DESKTOP-7GOSAU4

[2017-08-21 17:56:16 #2 type] 
Type websites.WebSite is not enhanced.

[2017-08-21 17:56:16 #3 type] 
Type Products.Product is not enhanced.

[2017-08-21 17:56:16 #4 type] 
Type Products.ProductModel is not enhanced.

[2017-08-21 17:56:16 #5 type] 
Type Products.ProductCompare is not enhanced.

[2017-08-21 18:06:17 #6 store] 
Database 'C:\Users\davej\IdeaProjects\PetMarkProject\out\artifacts\PetMarkWeb_war_exploded\WEB-INF\db\MarkPet2.odb' is closed by 10140@DESKTOP-7GOSAU4

