------------------------------------------------------------------------------------------------------------------------

[2017-08-22 11:29:49 #1 store] 
Database 'C:\Users\davej\IdeaProjects\PetMarkProject\out\artifacts\PetMarkWeb_war_exploded\WEB-INF\db\MarkPet2.odb' is opened by 17404@DESKTOP-7GOSAU4

[2017-08-22 11:29:49 #2 type] 
Type websites.WebSite is not enhanced.

[2017-08-22 11:29:49 #3 type] 
Type Products.Product is not enhanced.

[2017-08-22 11:29:49 #4 type] 
Type Products.ProductModel is not enhanced.

[2017-08-22 11:29:49 #5 type] 
Type Products.ProductCompare is not enhanced.

[2017-08-22 12:35:34 #6 store] 
Database 'C:\Users\davej\IdeaProjects\PetMarkProject\out\artifacts\PetMarkWeb_war_exploded\WEB-INF\db\MarkPet2.odb' is closed by 17404@DESKTOP-7GOSAU4

------------------------------------------------------------------------------------------------------------------------

[2017-08-22 12:36:10 #1 store] 
Database 'C:\Users\davej\IdeaProjects\PetMarkProject\out\artifacts\PetMarkWeb_war_exploded\WEB-INF\db\MarkPet2.odb' is opened by 5176@DESKTOP-7GOSAU4

[2017-08-22 12:36:10 #2 type] 
Type websites.WebSite is not enhanced.

[2017-08-22 12:36:10 #3 type] 
Type Products.Product is not enhanced.

[2017-08-22 12:36:10 #4 type] 
Type Products.ProductModel is not enhanced.

[2017-08-22 12:36:10 #5 type] 
Type Products.ProductCompare is not enhanced.

[2017-08-22 12:50:20 #6 store] 
Database 'C:\Users\davej\IdeaProjects\PetMarkProject\out\artifacts\PetMarkWeb_war_exploded\WEB-INF\db\MarkPet2.odb' is closed by 5176@DESKTOP-7GOSAU4

------------------------------------------------------------------------------------------------------------------------

[2017-08-22 12:50:36 #1 store] 
Database 'C:\Users\davej\IdeaProjects\PetMarkProject\out\artifacts\PetMarkWeb_war_exploded\WEB-INF\db\MarkPet2.odb' is opened by 15232@DESKTOP-7GOSAU4

[2017-08-22 12:50:36 #2 type] 
Type websites.WebSite is not enhanced.

[2017-08-22 12:50:36 #3 type] 
Type Products.Product is not enhanced.

[2017-08-22 12:50:36 #4 type] 
Type Products.ProductModel is not enhanced.

[2017-08-22 12:50:36 #5 type] 
Type Products.ProductCompare is not enhanced.

[2017-08-22 12:54:44 #6 store] 
Database 'C:\Users\davej\IdeaProjects\PetMarkProject\out\artifacts\PetMarkWeb_war_exploded\WEB-INF\db\MarkPet2.odb' is closed by 15232@DESKTOP-7GOSAU4

------------------------------------------------------------------------------------------------------------------------

[2017-08-22 12:57:03 #1 store] 
Database 'C:\Users\davej\IdeaProjects\PetMarkProject\out\artifacts\PetMarkWeb_war_exploded\WEB-INF\db\MarkPet2.odb' is opened by 15336@DESKTOP-7GOSAU4

[2017-08-22 12:57:03 #2 type] 
Type websites.WebSite is not enhanced.

[2017-08-22 12:57:03 #3 type] 
Type Products.Product is not enhanced.

[2017-08-22 12:57:03 #4 type] 
Type Products.ProductModel is not enhanced.

[2017-08-22 12:57:03 #5 type] 
Type Products.ProductCompare is not enhanced.

[2017-08-22 12:57:40 #6 store] 
Database 'C:\Users\davej\IdeaProjects\PetMarkProject\out\artifacts\PetMarkWeb_war_exploded\WEB-INF\db\MarkPet2.odb' is closed by 15336@DESKTOP-7GOSAU4

------------------------------------------------------------------------------------------------------------------------

[2017-08-22 13:01:48 #1 store] 
Database 'C:\Users\davej\IdeaProjects\PetMarkProject\out\artifacts\PetMarkWeb_war_exploded\WEB-INF\db\MarkPet2.odb' is opened by 17076@DESKTOP-7GOSAU4

[2017-08-22 13:01:48 #2 type] 
Type websites.WebSite is not enhanced.

[2017-08-22 13:01:48 #3 type] 
Type Products.Product is not enhanced.

[2017-08-22 13:01:48 #4 type] 
Type Products.ProductModel is not enhanced.

[2017-08-22 13:01:48 #5 type] 
Type Products.ProductCompare is not enhanced.

[2017-08-22 13:08:00 #6 store] 
Database 'C:\Users\davej\IdeaProjects\PetMarkProject\out\artifacts\PetMarkWeb_war_exploded\WEB-INF\db\MarkPet2.odb' is closed by 17076@DESKTOP-7GOSAU4

------------------------------------------------------------------------------------------------------------------------

[2017-08-22 13:08:59 #1 store] 
Database 'C:\Users\davej\IdeaProjects\PetMarkProject\out\artifacts\PetMarkWeb_war_exploded\WEB-INF\db\MarkPet2.odb' is opened by 14304@DESKTOP-7GOSAU4

[2017-08-22 13:08:59 #2 type] 
Type websites.WebSite is not enhanced.

[2017-08-22 13:08:59 #3 type] 
Type Products.Product is not enhanced.

[2017-08-22 13:08:59 #4 type] 
Type Products.ProductModel is not enhanced.

[2017-08-22 13:08:59 #5 type] 
Type Products.ProductCompare is not enhanced.

[2017-08-22 13:10:00 #6 store] 
Database 'C:\Users\davej\IdeaProjects\PetMarkProject\out\artifacts\PetMarkWeb_war_exploded\WEB-INF\db\MarkPet2.odb' is closed by 14304@DESKTOP-7GOSAU4

------------------------------------------------------------------------------------------------------------------------

[2017-08-22 13:13:49 #1 store] 
Database 'C:\Users\davej\IdeaProjects\PetMarkProject\out\artifacts\PetMarkWeb_war_exploded\WEB-INF\db\MarkPet2.odb' is opened by 8384@DESKTOP-7GOSAU4

[2017-08-22 13:13:49 #2 type] 
Type websites.WebSite is not enhanced.

[2017-08-22 13:13:49 #3 type] 
Type Products.Product is not enhanced.

[2017-08-22 13:13:49 #4 type] 
Type Products.ProductModel is not enhanced.

[2017-08-22 13:13:49 #5 type] 
Type Products.ProductCompare is not enhanced.

[2017-08-22 17:13:32 #6 store] 
Database 'C:\Users\davej\IdeaProjects\PetMarkProject\out\artifacts\PetMarkWeb_war_exploded\WEB-INF\db\MarkPet2.odb' is closed by 8384@DESKTOP-7GOSAU4

------------------------------------------------------------------------------------------------------------------------

[2017-08-22 17:14:10 #1 store] 
Database 'C:\Users\davej\IdeaProjects\PetMarkProject\out\artifacts\PetMarkWeb_war_exploded\WEB-INF\db\MarkPet2.odb' is opened by 17920@DESKTOP-7GOSAU4

[2017-08-22 17:14:10 #2 type] 
Type websites.WebSite is not enhanced.

[2017-08-22 17:14:10 #3 type] 
Type Products.Product is not enhanced.

[2017-08-22 17:14:10 #4 type] 
Type Products.ProductModel is not enhanced.

[2017-08-22 17:14:10 #5 type] 
Type Products.ProductCompare is not enhanced.

[2017-08-22 17:25:20 #6 store] 
Database 'C:\Users\davej\IdeaProjects\PetMarkProject\out\artifacts\PetMarkWeb_war_exploded\WEB-INF\db\MarkPet2.odb' is closed by 17920@DESKTOP-7GOSAU4

------------------------------------------------------------------------------------------------------------------------

[2017-08-22 17:25:47 #1 store] 
Database 'C:\Users\davej\IdeaProjects\PetMarkProject\out\artifacts\PetMarkWeb_war_exploded\WEB-INF\db\MarkPet2.odb' is opened by 16348@DESKTOP-7GOSAU4

[2017-08-22 17:25:47 #2 type] 
Type websites.WebSite is not enhanced.

[2017-08-22 17:25:47 #3 type] 
Type Products.Product is not enhanced.

[2017-08-22 17:25:47 #4 type] 
Type Products.ProductModel is not enhanced.

[2017-08-22 17:25:47 #5 type] 
Type Products.ProductCompare is not enhanced.

[2017-08-22 17:31:24 #6 store] 
Database 'C:\Users\davej\IdeaProjects\PetMarkProject\out\artifacts\PetMarkWeb_war_exploded\WEB-INF\db\MarkPet2.odb' is closed by 16348@DESKTOP-7GOSAU4

------------------------------------------------------------------------------------------------------------------------

[2017-08-22 17:33:33 #1 store] 
Database 'C:\Users\davej\IdeaProjects\PetMarkProject\out\artifacts\PetMarkWeb_war_exploded\WEB-INF\db\MarkPet2.odb' is opened by 11128@DESKTOP-7GOSAU4

[2017-08-22 17:33:33 #2 type] 
Type websites.WebSite is not enhanced.

[2017-08-22 17:33:33 #3 type] 
Type Products.Product is not enhanced.

[2017-08-22 17:33:33 #4 type] 
Type Products.ProductModel is not enhanced.

[2017-08-22 17:33:33 #5 type] 
Type Products.ProductCompare is not enhanced.

[2017-08-22 17:35:58 #6 store] 
Database 'C:\Users\davej\IdeaProjects\PetMarkProject\out\artifacts\PetMarkWeb_war_exploded\WEB-INF\db\MarkPet2.odb' is closed by 11128@DESKTOP-7GOSAU4

------------------------------------------------------------------------------------------------------------------------

[2017-08-22 17:37:38 #1 store] 
Database 'C:\Users\davej\IdeaProjects\PetMarkProject\out\artifacts\PetMarkWeb_war_exploded\WEB-INF\db\MarkPet2.odb' is opened by 13824@DESKTOP-7GOSAU4

[2017-08-22 17:37:38 #2 type] 
Type websites.WebSite is not enhanced.

[2017-08-22 17:37:38 #3 type] 
Type Products.Product is not enhanced.

[2017-08-22 17:37:38 #4 type] 
Type Products.ProductModel is not enhanced.

[2017-08-22 17:37:38 #5 type] 
Type Products.ProductCompare is not enhanced.

[2017-08-22 17:52:36 #6 store] 
Database 'C:\Users\davej\IdeaProjects\PetMarkProject\out\artifacts\PetMarkWeb_war_exploded\WEB-INF\db\MarkPet2.odb' is closed by 13824@DESKTOP-7GOSAU4

------------------------------------------------------------------------------------------------------------------------

[2017-08-22 17:53:32 #1 store] 
Database 'C:\Users\davej\IdeaProjects\PetMarkProject\out\artifacts\PetMarkWeb_war_exploded\WEB-INF\db\MarkPet2.odb' is opened by 14868@DESKTOP-7GOSAU4

[2017-08-22 17:53:32 #2 type] 
Type websites.WebSite is not enhanced.

[2017-08-22 17:53:32 #3 type] 
Type Products.Product is not enhanced.

[2017-08-22 17:53:32 #4 type] 
Type Products.ProductModel is not enhanced.

[2017-08-22 17:53:32 #5 type] 
Type Products.ProductCompare is not enhanced.

[2017-08-22 17:55:22 #6 store] 
Database 'C:\Users\davej\IdeaProjects\PetMarkProject\out\artifacts\PetMarkWeb_war_exploded\WEB-INF\db\MarkPet2.odb' is closed by 14868@DESKTOP-7GOSAU4

------------------------------------------------------------------------------------------------------------------------

[2017-08-22 17:56:38 #1 store] 
Database 'C:\Users\davej\IdeaProjects\PetMarkProject\out\artifacts\PetMarkWeb_war_exploded\WEB-INF\db\MarkPet2.odb' is opened by 14008@DESKTOP-7GOSAU4

[2017-08-22 17:56:38 #2 type] 
Type websites.WebSite is not enhanced.

[2017-08-22 17:56:38 #3 type] 
Type Products.Product is not enhanced.

[2017-08-22 17:56:38 #4 type] 
Type Products.ProductModel is not enhanced.

[2017-08-22 17:56:38 #5 type] 
Type Products.ProductCompare is not enhanced.

[2017-08-22 18:10:10 #6 store] 
Database 'C:\Users\davej\IdeaProjects\PetMarkProject\out\artifacts\PetMarkWeb_war_exploded\WEB-INF\db\MarkPet2.odb' is closed by 14008@DESKTOP-7GOSAU4

------------------------------------------------------------------------------------------------------------------------

[2017-08-22 20:47:30 #1 store] 
Database 'C:\Users\davej\IdeaProjects\PetMarkProject\out\artifacts\PetMarkWeb_war_exploded\WEB-INF\db\MarkPet2.odb' is opened by 8092@DESKTOP-7GOSAU4

[2017-08-22 20:47:30 #2 type] 
Type websites.WebSite is not enhanced.

[2017-08-22 20:47:30 #3 type] 
Type Products.Product is not enhanced.

[2017-08-22 20:47:30 #4 type] 
Type Products.ProductModel is not enhanced.

[2017-08-22 20:47:30 #5 type] 
Type Products.ProductCompare is not enhanced.

[2017-08-23 01:49:46 #6 store] 
Database 'C:\Users\davej\IdeaProjects\PetMarkProject\out\artifacts\PetMarkWeb_war_exploded\WEB-INF\db\MarkPet2.odb' is closed by 8092@DESKTOP-7GOSAU4

