------------------------------------------------------------------------------------------------------------------------

[2017-07-05 00:04:23 #1 store] 
Database 'C:\Users\davej\IdeaProjects\PetMarkProject\out\artifacts\PetMarkWeb_war_exploded\WEB-INF\db\PetMark.odb' is opened by 14820@DESKTOP-7GOSAU4

[2017-07-05 00:04:23 #2 type] 
Type websites.WebSite is not enhanced.

[2017-07-05 00:04:23 #3 type] 
Type guest.Guest is not enhanced.

[2017-07-05 00:04:23 #4 type] 
Type Products.Product is not enhanced.

[2017-07-05 23:03:57 #5 store] 
Database 'C:\Users\davej\IdeaProjects\PetMarkProject\out\artifacts\PetMarkWeb_war_exploded\WEB-INF\db\PetMark.odb' is closed by 14820@DESKTOP-7GOSAU4

------------------------------------------------------------------------------------------------------------------------

[2017-07-05 23:30:21 #1 store] 
Database 'C:\Users\davej\IdeaProjects\PetMarkProject\out\artifacts\PetMarkWeb_war_exploded\WEB-INF\db\MarkPet.odb' is opened by 1948@DESKTOP-7GOSAU4

[2017-07-05 23:30:21 #2 type.registry] 
New type websites.WebSite

[2017-07-05 23:30:21 #3 type] 
Type websites.WebSite is not enhanced.

[2017-07-05 23:34:47 #4 type.registry] 
New type Products.Product

[2017-07-05 23:34:47 #5 type] 
Type Products.Product is not enhanced.

[2017-07-05 23:35:15 #6 store] 
Database 'C:\Users\davej\IdeaProjects\PetMarkProject\out\artifacts\PetMarkWeb_war_exploded\WEB-INF\db\MarkPet.odb' is closed by 1948@DESKTOP-7GOSAU4

------------------------------------------------------------------------------------------------------------------------

[2017-07-05 23:44:31 #1 store] 
Database 'C:\Users\davej\IdeaProjects\PetMarkProject\out\artifacts\PetMarkWeb_war_exploded\WEB-INF\db\MarkPet.odb' is opened by 13904@DESKTOP-7GOSAU4

[2017-07-05 23:44:31 #2 type] 
Type websites.WebSite is not enhanced.

[2017-07-05 23:44:31 #3 type] 
Type Products.Product is not enhanced.

[2017-07-06 00:01:09 #4 store] 
Database 'C:\Users\davej\IdeaProjects\PetMarkProject\out\artifacts\PetMarkWeb_war_exploded\WEB-INF\db\MarkPet.odb' is closed by 13904@DESKTOP-7GOSAU4

