------------------------------------------------------------------------------------------------------------------------

[2017-09-04 00:12:05 #1 store] 
Database 'C:\Users\davej\IdeaProjects\PetMarkProject\out\artifacts\PetMarkWeb_war_exploded\WEB-INF\db\MarkPet2.odb' is opened by 14864@DESKTOP-7GOSAU4

[2017-09-04 00:12:05 #2 type] 
Type websites.WebSite is not enhanced.

[2017-09-04 00:12:05 #3 type] 
Type Products.Product is not enhanced.

[2017-09-04 00:12:05 #4 type] 
Type Products.ProductModel is not enhanced.

[2017-09-04 00:12:05 #5 type] 
Type Products.ProductCompare is not enhanced.

[2017-09-04 00:12:05 #6 type] 
Type Comments.Comment is not enhanced.

[2017-09-04 00:12:05 #7 type] 
Type DataBase.User is not enhanced.

[2017-09-04 00:47:19 #8 store] 
Database 'C:\Users\davej\IdeaProjects\PetMarkProject\out\artifacts\PetMarkWeb_war_exploded\WEB-INF\db\MarkPet2.odb' is closed by 14864@DESKTOP-7GOSAU4

------------------------------------------------------------------------------------------------------------------------

[2017-09-04 00:47:40 #1 store] 
Database 'C:\Users\davej\IdeaProjects\PetMarkProject\out\artifacts\PetMarkWeb_war_exploded\WEB-INF\db\MarkPet2.odb' is opened by 14380@DESKTOP-7GOSAU4

[2017-09-04 00:47:41 #2 type] 
Type websites.WebSite is not enhanced.

[2017-09-04 00:47:41 #3 type] 
Type Products.Product is not enhanced.

[2017-09-04 00:47:41 #4 type] 
Type Products.ProductModel is not enhanced.

[2017-09-04 00:47:41 #5 type] 
Type Products.ProductCompare is not enhanced.

[2017-09-04 00:47:41 #6 type] 
Type Comments.Comment is not enhanced.

[2017-09-04 00:47:41 #7 type] 
Type DataBase.User is not enhanced.

[2017-09-04 01:48:22 #8 store] 
Database 'C:\Users\davej\IdeaProjects\PetMarkProject\out\artifacts\PetMarkWeb_war_exploded\WEB-INF\db\MarkPet2.odb' is closed by 14380@DESKTOP-7GOSAU4

------------------------------------------------------------------------------------------------------------------------

[2017-09-04 01:48:50 #1 store] 
Database 'C:\Users\davej\IdeaProjects\PetMarkProject\out\artifacts\PetMarkWeb_war_exploded\WEB-INF\db\MarkPet2.odb' is opened by 1256@DESKTOP-7GOSAU4

[2017-09-04 01:48:50 #2 type] 
Type websites.WebSite is not enhanced.

[2017-09-04 01:48:50 #3 type] 
Type Products.Product is not enhanced.

[2017-09-04 01:48:50 #4 type] 
Type Products.ProductModel is not enhanced.

[2017-09-04 01:48:50 #5 type] 
Type Products.ProductCompare is not enhanced.

[2017-09-04 01:48:50 #6 type] 
Type Comments.Comment is not enhanced.

[2017-09-04 01:48:50 #7 type] 
Type DataBase.User is not enhanced.

[2017-09-04 01:53:45 #8 store] 
Database 'C:\Users\davej\IdeaProjects\PetMarkProject\out\artifacts\PetMarkWeb_war_exploded\WEB-INF\db\MarkPet2.odb' is closed by 1256@DESKTOP-7GOSAU4

------------------------------------------------------------------------------------------------------------------------

[2017-09-04 01:54:59 #1 store] 
Database 'C:\Users\davej\IdeaProjects\PetMarkProject\out\artifacts\PetMarkWeb_war_exploded\WEB-INF\db\MarkPet2.odb' is opened by 8036@DESKTOP-7GOSAU4

[2017-09-04 01:54:59 #2 type] 
Type websites.WebSite is not enhanced.

[2017-09-04 01:54:59 #3 type] 
Type Products.Product is not enhanced.

[2017-09-04 01:54:59 #4 type] 
Type Products.ProductModel is not enhanced.

[2017-09-04 01:54:59 #5 type] 
Type Products.ProductCompare is not enhanced.

[2017-09-04 01:54:59 #6 type] 
Type Comments.Comment is not enhanced.

[2017-09-04 01:54:59 #7 type] 
Type DataBase.User is not enhanced.

[2017-09-04 02:01:42 #8 store] 
Database 'C:\Users\davej\IdeaProjects\PetMarkProject\out\artifacts\PetMarkWeb_war_exploded\WEB-INF\db\MarkPet2.odb' is closed by 8036@DESKTOP-7GOSAU4

------------------------------------------------------------------------------------------------------------------------

[2017-09-04 02:02:56 #1 store] 
Database 'C:\Users\davej\IdeaProjects\PetMarkProject\out\artifacts\PetMarkWeb_war_exploded\WEB-INF\db\MarkPet2.odb' is opened by 4800@DESKTOP-7GOSAU4

[2017-09-04 02:02:56 #2 type] 
Type websites.WebSite is not enhanced.

[2017-09-04 02:02:56 #3 type] 
Type Products.Product is not enhanced.

[2017-09-04 02:02:56 #4 type] 
Type Products.ProductModel is not enhanced.

[2017-09-04 02:02:56 #5 type] 
Type Products.ProductCompare is not enhanced.

[2017-09-04 02:02:56 #6 type] 
Type Comments.Comment is not enhanced.

[2017-09-04 02:02:56 #7 type] 
Type DataBase.User is not enhanced.

[2017-09-04 02:12:46 #8 store] 
Database 'C:\Users\davej\IdeaProjects\PetMarkProject\out\artifacts\PetMarkWeb_war_exploded\WEB-INF\db\MarkPet2.odb' is closed by 4800@DESKTOP-7GOSAU4

------------------------------------------------------------------------------------------------------------------------

[2017-09-04 11:37:18 #1 store] 
Database 'C:\Users\davej\IdeaProjects\PetMarkProject\out\artifacts\PetMarkWeb_war_exploded\WEB-INF\db\MarkPet2.odb' is opened by 13812@DESKTOP-7GOSAU4

[2017-09-04 11:37:18 #2 type] 
Type websites.WebSite is not enhanced.

[2017-09-04 11:37:18 #3 type] 
Type Products.Product is not enhanced.

[2017-09-04 11:37:18 #4 type] 
Type Products.ProductModel is not enhanced.

[2017-09-04 11:37:18 #5 type] 
Type Products.ProductCompare is not enhanced.

[2017-09-04 11:37:18 #6 type] 
Type Comments.Comment is not enhanced.

[2017-09-04 11:37:18 #7 type] 
Type DataBase.User is not enhanced.

[2017-09-04 11:59:05 #8 store] 
Database 'C:\Users\davej\IdeaProjects\PetMarkProject\out\artifacts\PetMarkWeb_war_exploded\WEB-INF\db\MarkPet2.odb' is closed by 13812@DESKTOP-7GOSAU4

------------------------------------------------------------------------------------------------------------------------

[2017-09-04 12:32:03 #1 store] 
Database 'C:\Users\davej\IdeaProjects\PetMarkProject\out\artifacts\PetMarkWeb_war_exploded\WEB-INF\db\MarkPet2.odb' is opened by 23512@DESKTOP-7GOSAU4

[2017-09-04 12:32:04 #2 type] 
Type websites.WebSite is not enhanced.

[2017-09-04 12:32:04 #3 type] 
Type Products.Product is not enhanced.

[2017-09-04 12:32:04 #4 type] 
Type Products.ProductModel is not enhanced.

[2017-09-04 12:32:04 #5 type] 
Type Products.ProductCompare is not enhanced.

[2017-09-04 12:32:04 #6 type] 
Type Comments.Comment is not enhanced.

[2017-09-04 12:32:04 #7 type] 
Type DataBase.User is not enhanced.

[2017-09-04 13:10:47 #8 store] 
Database 'C:\Users\davej\IdeaProjects\PetMarkProject\out\artifacts\PetMarkWeb_war_exploded\WEB-INF\db\MarkPet2.odb' is closed by 23512@DESKTOP-7GOSAU4

------------------------------------------------------------------------------------------------------------------------

[2017-09-04 14:58:39 #1 store] 
Database 'C:\Users\davej\IdeaProjects\PetMarkProject\out\artifacts\PetMarkWeb_war_exploded\WEB-INF\db\MarkPet2.odb' is opened by 15936@DESKTOP-7GOSAU4

[2017-09-04 14:58:40 #2 type] 
Type websites.WebSite is not enhanced.

[2017-09-04 14:58:40 #3 type] 
Type Products.Product is not enhanced.

[2017-09-04 14:58:40 #4 type] 
Type Products.ProductModel is not enhanced.

[2017-09-04 14:58:40 #5 type] 
Type Products.ProductCompare is not enhanced.

[2017-09-04 14:58:40 #6 type] 
Type Comments.Comment is not enhanced.

[2017-09-04 14:58:40 #7 type] 
Type DataBase.User is not enhanced.

[2017-09-04 15:03:28 #8 store] 
Database 'C:\Users\davej\IdeaProjects\PetMarkProject\out\artifacts\PetMarkWeb_war_exploded\WEB-INF\db\MarkPet2.odb' is closed by 15936@DESKTOP-7GOSAU4

------------------------------------------------------------------------------------------------------------------------

[2017-09-04 15:06:26 #1 store] 
Database 'C:\Users\davej\IdeaProjects\PetMarkProject\out\artifacts\PetMarkWeb_war_exploded\WEB-INF\db\MarkPet2.odb' is opened by 16272@DESKTOP-7GOSAU4

[2017-09-04 15:06:26 #2 type] 
Type websites.WebSite is not enhanced.

[2017-09-04 15:06:26 #3 type] 
Type Products.Product is not enhanced.

[2017-09-04 15:06:26 #4 type] 
Type Products.ProductModel is not enhanced.

[2017-09-04 15:06:26 #5 type] 
Type Products.ProductCompare is not enhanced.

[2017-09-04 15:06:26 #6 type] 
Type Comments.Comment is not enhanced.

[2017-09-04 15:06:26 #7 type] 
Type DataBase.User is not enhanced.

[2017-09-04 15:11:04 #8 store] 
Database 'C:\Users\davej\IdeaProjects\PetMarkProject\out\artifacts\PetMarkWeb_war_exploded\WEB-INF\db\MarkPet2.odb' is closed by 16272@DESKTOP-7GOSAU4

------------------------------------------------------------------------------------------------------------------------

[2017-09-04 15:17:34 #1 store] 
Database 'C:\Users\davej\IdeaProjects\PetMarkProject\out\artifacts\PetMarkWeb_war_exploded\WEB-INF\db\MarkPet2.odb' is opened by 12796@DESKTOP-7GOSAU4

[2017-09-04 15:17:34 #2 type] 
Type websites.WebSite is not enhanced.

[2017-09-04 15:17:34 #3 type] 
Type Products.Product is not enhanced.

[2017-09-04 15:17:34 #4 type] 
Type Products.ProductModel is not enhanced.

[2017-09-04 15:17:34 #5 type] 
Type Products.ProductCompare is not enhanced.

[2017-09-04 15:17:34 #6 type] 
Type Comments.Comment is not enhanced.

[2017-09-04 15:17:34 #7 type] 
Type DataBase.User is not enhanced.

[2017-09-04 16:04:55 #8 store] 
Database 'C:\Users\davej\IdeaProjects\PetMarkProject\out\artifacts\PetMarkWeb_war_exploded\WEB-INF\db\MarkPet2.odb' is closed by 12796@DESKTOP-7GOSAU4

------------------------------------------------------------------------------------------------------------------------

[2017-09-04 16:05:15 #1 store] 
Database 'C:\Users\davej\IdeaProjects\PetMarkProject\out\artifacts\PetMarkWeb_war_exploded\WEB-INF\db\MarkPet2.odb' is opened by 20196@DESKTOP-7GOSAU4

[2017-09-04 16:05:15 #2 type] 
Type websites.WebSite is not enhanced.

[2017-09-04 16:05:15 #3 type] 
Type Products.Product is not enhanced.

[2017-09-04 16:05:15 #4 type] 
Type Products.ProductModel is not enhanced.

[2017-09-04 16:05:15 #5 type] 
Type Products.ProductCompare is not enhanced.

[2017-09-04 16:05:15 #6 type] 
Type Comments.Comment is not enhanced.

[2017-09-04 16:05:15 #7 type] 
Type DataBase.User is not enhanced.

[2017-09-04 16:06:51 #8 store] 
Database 'C:\Users\davej\IdeaProjects\PetMarkProject\out\artifacts\PetMarkWeb_war_exploded\WEB-INF\db\MarkPet2.odb' is closed by 20196@DESKTOP-7GOSAU4

------------------------------------------------------------------------------------------------------------------------

[2017-09-04 16:14:28 #1 store] 
Database 'C:\Users\davej\IdeaProjects\PetMarkProject\out\artifacts\PetMarkWeb_war_exploded\WEB-INF\db\MarkPet2.odb' is opened by 16588@DESKTOP-7GOSAU4

[2017-09-04 16:14:28 #2 type] 
Type websites.WebSite is not enhanced.

[2017-09-04 16:14:28 #3 type] 
Type Products.Product is not enhanced.

[2017-09-04 16:14:28 #4 type] 
Type Products.ProductModel is not enhanced.

[2017-09-04 16:14:28 #5 type] 
Type Products.ProductCompare is not enhanced.

[2017-09-04 16:14:28 #6 type] 
Type Comments.Comment is not enhanced.

[2017-09-04 16:14:28 #7 type] 
Type DataBase.User is not enhanced.

[2017-09-04 16:43:02 #8 store] 
Database 'C:\Users\davej\IdeaProjects\PetMarkProject\out\artifacts\PetMarkWeb_war_exploded\WEB-INF\db\MarkPet2.odb' is closed by 16588@DESKTOP-7GOSAU4

------------------------------------------------------------------------------------------------------------------------

[2017-09-04 19:47:04 #1 store] 
Database 'C:\Users\davej\IdeaProjects\PetMarkProject\out\artifacts\PetMarkWeb_war_exploded\WEB-INF\db\MarkPet2.odb' is opened by 13832@DESKTOP-7GOSAU4

[2017-09-04 19:47:04 #2 type] 
Type websites.WebSite is not enhanced.

[2017-09-04 19:47:04 #3 type] 
Type Products.Product is not enhanced.

[2017-09-04 19:47:04 #4 type] 
Type Products.ProductModel is not enhanced.

[2017-09-04 19:47:04 #5 type] 
Type Products.ProductCompare is not enhanced.

[2017-09-04 19:47:04 #6 type] 
Type Comments.Comment is not enhanced.

[2017-09-04 19:47:04 #7 type] 
Type DataBase.User is not enhanced.

[2017-09-04 19:49:44 #8 store] 
Database 'C:\Users\davej\IdeaProjects\PetMarkProject\out\artifacts\PetMarkWeb_war_exploded\WEB-INF\db\MarkPet2.odb' is closed by 13832@DESKTOP-7GOSAU4

------------------------------------------------------------------------------------------------------------------------

[2017-09-04 19:50:18 #1 store] 
Database 'C:\Users\davej\IdeaProjects\PetMarkProject\out\artifacts\PetMarkWeb_war_exploded\WEB-INF\db\MarkPet2.odb' is opened by 1592@DESKTOP-7GOSAU4

[2017-09-04 19:50:18 #2 type] 
Type websites.WebSite is not enhanced.

[2017-09-04 19:50:18 #3 type] 
Type Products.Product is not enhanced.

[2017-09-04 19:50:18 #4 type] 
Type Products.ProductModel is not enhanced.

[2017-09-04 19:50:18 #5 type] 
Type Products.ProductCompare is not enhanced.

[2017-09-04 19:50:18 #6 type] 
Type Comments.Comment is not enhanced.

[2017-09-04 19:50:18 #7 type] 
Type DataBase.User is not enhanced.

[2017-09-04 19:51:41 #8 store] 
Database 'C:\Users\davej\IdeaProjects\PetMarkProject\out\artifacts\PetMarkWeb_war_exploded\WEB-INF\db\MarkPet2.odb' is closed by 1592@DESKTOP-7GOSAU4

------------------------------------------------------------------------------------------------------------------------

[2017-09-04 19:51:59 #1 store] 
Database 'C:\Users\davej\IdeaProjects\PetMarkProject\out\artifacts\PetMarkWeb_war_exploded\WEB-INF\db\MarkPet2.odb' is opened by 1096@DESKTOP-7GOSAU4

[2017-09-04 19:51:59 #2 type] 
Type websites.WebSite is not enhanced.

[2017-09-04 19:51:59 #3 type] 
Type Products.Product is not enhanced.

[2017-09-04 19:51:59 #4 type] 
Type Products.ProductModel is not enhanced.

[2017-09-04 19:51:59 #5 type] 
Type Products.ProductCompare is not enhanced.

[2017-09-04 19:51:59 #6 type] 
Type Comments.Comment is not enhanced.

[2017-09-04 19:51:59 #7 type] 
Type DataBase.User is not enhanced.

[2017-09-04 19:56:13 #8 store] 
Database 'C:\Users\davej\IdeaProjects\PetMarkProject\out\artifacts\PetMarkWeb_war_exploded\WEB-INF\db\MarkPet2.odb' is closed by 1096@DESKTOP-7GOSAU4

------------------------------------------------------------------------------------------------------------------------

[2017-09-04 19:57:10 #1 store] 
Database 'C:\Users\davej\IdeaProjects\PetMarkProject\out\artifacts\PetMarkWeb_war_exploded\WEB-INF\db\MarkPet2.odb' is opened by 14696@DESKTOP-7GOSAU4

[2017-09-04 19:57:10 #2 type] 
Type websites.WebSite is not enhanced.

[2017-09-04 19:57:10 #3 type] 
Type Products.Product is not enhanced.

[2017-09-04 19:57:10 #4 type] 
Type Products.ProductModel is not enhanced.

[2017-09-04 19:57:10 #5 type] 
Type Products.ProductCompare is not enhanced.

[2017-09-04 19:57:10 #6 type] 
Type Comments.Comment is not enhanced.

[2017-09-04 19:57:10 #7 type] 
Type DataBase.User is not enhanced.

[2017-09-04 19:59:28 #8 store] 
Database 'C:\Users\davej\IdeaProjects\PetMarkProject\out\artifacts\PetMarkWeb_war_exploded\WEB-INF\db\MarkPet2.odb' is closed by 14696@DESKTOP-7GOSAU4

------------------------------------------------------------------------------------------------------------------------

[2017-09-04 20:00:10 #1 store] 
Database 'C:\Users\davej\IdeaProjects\PetMarkProject\out\artifacts\PetMarkWeb_war_exploded\WEB-INF\db\MarkPet2.odb' is opened by 1788@DESKTOP-7GOSAU4

[2017-09-04 20:00:10 #2 type] 
Type websites.WebSite is not enhanced.

[2017-09-04 20:00:10 #3 type] 
Type Products.Product is not enhanced.

[2017-09-04 20:00:10 #4 type] 
Type Products.ProductModel is not enhanced.

[2017-09-04 20:00:10 #5 type] 
Type Products.ProductCompare is not enhanced.

[2017-09-04 20:00:10 #6 type] 
Type Comments.Comment is not enhanced.

[2017-09-04 20:00:10 #7 type] 
Type DataBase.User is not enhanced.

[2017-09-04 20:01:40 #8 store] 
Database 'C:\Users\davej\IdeaProjects\PetMarkProject\out\artifacts\PetMarkWeb_war_exploded\WEB-INF\db\MarkPet2.odb' is closed by 1788@DESKTOP-7GOSAU4

------------------------------------------------------------------------------------------------------------------------

[2017-09-04 20:02:17 #1 store] 
Database 'C:\Users\davej\IdeaProjects\PetMarkProject\out\artifacts\PetMarkWeb_war_exploded\WEB-INF\db\MarkPet2.odb' is opened by 6240@DESKTOP-7GOSAU4

[2017-09-04 20:02:17 #2 type] 
Type websites.WebSite is not enhanced.

[2017-09-04 20:02:17 #3 type] 
Type Products.Product is not enhanced.

[2017-09-04 20:02:17 #4 type] 
Type Products.ProductModel is not enhanced.

[2017-09-04 20:02:17 #5 type] 
Type Products.ProductCompare is not enhanced.

[2017-09-04 20:02:17 #6 type] 
Type Comments.Comment is not enhanced.

[2017-09-04 20:02:17 #7 type] 
Type DataBase.User is not enhanced.

[2017-09-05 13:41:50 #8 store] 
Database 'C:\Users\davej\IdeaProjects\PetMarkProject\out\artifacts\PetMarkWeb_war_exploded\WEB-INF\db\MarkPet2.odb' is closed by 6240@DESKTOP-7GOSAU4

