------------------------------------------------------------------------------------------------------------------------

[2017-08-12 13:14:44 #1 store] 
Database 'C:\Users\davej\IdeaProjects\PetMarkProject\out\artifacts\PetMarkWeb_war_exploded\WEB-INF\db\MarkPet2.odb' is opened by 7256@DESKTOP-7GOSAU4

[2017-08-12 13:14:45 #2 type] 
Type websites.WebSite is not enhanced.

[2017-08-12 13:14:45 #3 type] 
Type Products.Product is not enhanced.

[2017-08-12 13:14:45 #4 type] 
Type Products.ProductModel is not enhanced.

[2017-08-12 13:14:45 #5 type] 
Type Products.ProductCompare is not enhanced.

[2017-08-12 13:42:04 #6 store] 
Database 'C:\Users\davej\IdeaProjects\PetMarkProject\out\artifacts\PetMarkWeb_war_exploded\WEB-INF\db\MarkPet2.odb' is closed by 7256@DESKTOP-7GOSAU4

------------------------------------------------------------------------------------------------------------------------

[2017-08-12 13:42:55 #1 store] 
Database 'C:\Users\davej\IdeaProjects\PetMarkProject\out\artifacts\PetMarkWeb_war_exploded\WEB-INF\db\MarkPet2.odb' is opened by 3568@DESKTOP-7GOSAU4

[2017-08-12 13:42:56 #2 type] 
Type websites.WebSite is not enhanced.

[2017-08-12 13:42:56 #3 type] 
Type Products.Product is not enhanced.

[2017-08-12 13:42:56 #4 type] 
Type Products.ProductModel is not enhanced.

[2017-08-12 13:42:56 #5 type] 
Type Products.ProductCompare is not enhanced.

[2017-08-12 13:51:43 #6 store] 
Database 'C:\Users\davej\IdeaProjects\PetMarkProject\out\artifacts\PetMarkWeb_war_exploded\WEB-INF\db\MarkPet2.odb' is closed by 3568@DESKTOP-7GOSAU4

------------------------------------------------------------------------------------------------------------------------

[2017-08-12 13:52:22 #1 store] 
Database 'C:\Users\davej\IdeaProjects\PetMarkProject\out\artifacts\PetMarkWeb_war_exploded\WEB-INF\db\MarkPet2.odb' is opened by 4680@DESKTOP-7GOSAU4

[2017-08-12 13:52:22 #2 type] 
Type websites.WebSite is not enhanced.

[2017-08-12 13:52:22 #3 type] 
Type Products.Product is not enhanced.

[2017-08-12 13:52:22 #4 type] 
Type Products.ProductModel is not enhanced.

[2017-08-12 13:52:22 #5 type] 
Type Products.ProductCompare is not enhanced.

[2017-08-12 14:27:09 #6 store] 
Database 'C:\Users\davej\IdeaProjects\PetMarkProject\out\artifacts\PetMarkWeb_war_exploded\WEB-INF\db\MarkPet2.odb' is closed by 4680@DESKTOP-7GOSAU4

------------------------------------------------------------------------------------------------------------------------

[2017-08-12 14:29:37 #1 store] 
Database 'C:\Users\davej\IdeaProjects\PetMarkProject\out\artifacts\PetMarkWeb_war_exploded\WEB-INF\db\MarkPet2.odb' is opened by 4888@DESKTOP-7GOSAU4

[2017-08-12 14:29:37 #2 type] 
Type websites.WebSite is not enhanced.

[2017-08-12 14:29:37 #3 type] 
Type Products.Product is not enhanced.

[2017-08-12 14:29:37 #4 type] 
Type Products.ProductModel is not enhanced.

[2017-08-12 14:29:37 #5 type] 
Type Products.ProductCompare is not enhanced.

[2017-08-12 18:06:09 #6 store] 
Database 'C:\Users\davej\IdeaProjects\PetMarkProject\out\artifacts\PetMarkWeb_war_exploded\WEB-INF\db\MarkPet2.odb' is closed by 4888@DESKTOP-7GOSAU4

------------------------------------------------------------------------------------------------------------------------

[2017-08-12 18:15:29 #1 store] 
Database 'C:\Users\davej\IdeaProjects\PetMarkProject\out\artifacts\PetMarkWeb_war_exploded\WEB-INF\db\MarkPet2.odb' is opened by 21924@DESKTOP-7GOSAU4

[2017-08-12 18:15:29 #2 type] 
Type websites.WebSite is not enhanced.

[2017-08-12 18:15:29 #3 type] 
Type Products.Product is not enhanced.

[2017-08-12 18:15:29 #4 type] 
Type Products.ProductModel is not enhanced.

[2017-08-12 18:15:29 #5 type] 
Type Products.ProductCompare is not enhanced.

[2017-08-13 01:44:35 #6 store] 
Database 'C:\Users\davej\IdeaProjects\PetMarkProject\out\artifacts\PetMarkWeb_war_exploded\WEB-INF\db\MarkPet2.odb' is closed by 21924@DESKTOP-7GOSAU4

