------------------------------------------------------------------------------------------------------------------------

[2017-08-29 13:34:43 #1 store] 
Database 'C:\Users\davej\IdeaProjects\PetMarkProject\out\artifacts\PetMarkWeb_war_exploded\WEB-INF\db\MarkPet2.odb' is opened by 9832@DESKTOP-7GOSAU4

[2017-08-29 13:34:43 #2 type] 
Type websites.WebSite is not enhanced.

[2017-08-29 13:34:43 #3 type] 
Type Products.Product is not enhanced.

[2017-08-29 13:34:43 #4 type] 
Type Products.ProductModel is not enhanced.

[2017-08-29 13:34:43 #5 type] 
Type Products.ProductCompare is not enhanced.

[2017-08-29 13:34:43 #6 type] 
Type Comments.Comment is not enhanced.

[2017-08-29 13:34:43 #7 type] 
Type DataBase.User is not enhanced.

[2017-08-29 13:48:19 #8 store] 
Database 'C:\Users\davej\IdeaProjects\PetMarkProject\out\artifacts\PetMarkWeb_war_exploded\WEB-INF\db\MarkPet2.odb' is closed by 9832@DESKTOP-7GOSAU4

------------------------------------------------------------------------------------------------------------------------

[2017-08-29 13:52:36 #1 store] 
Database 'C:\Users\davej\IdeaProjects\PetMarkProject\out\artifacts\PetMarkWeb_war_exploded\WEB-INF\db\MarkPet2.odb' is opened by 5628@DESKTOP-7GOSAU4

[2017-08-29 13:52:36 #2 type] 
Type websites.WebSite is not enhanced.

[2017-08-29 13:52:36 #3 type] 
Type Products.Product is not enhanced.

[2017-08-29 13:52:36 #4 type] 
Type Products.ProductModel is not enhanced.

[2017-08-29 13:52:36 #5 type] 
Type Products.ProductCompare is not enhanced.

[2017-08-29 13:52:36 #6 type] 
Type Comments.Comment is not enhanced.

[2017-08-29 13:52:36 #7 type] 
Type DataBase.User is not enhanced.

[2017-08-29 14:05:57 #8 store] 
Database 'C:\Users\davej\IdeaProjects\PetMarkProject\out\artifacts\PetMarkWeb_war_exploded\WEB-INF\db\MarkPet2.odb' is closed by 5628@DESKTOP-7GOSAU4

------------------------------------------------------------------------------------------------------------------------

[2017-08-29 14:07:49 #1 store] 
Database 'C:\Users\davej\IdeaProjects\PetMarkProject\out\artifacts\PetMarkWeb_war_exploded\WEB-INF\db\MarkPet2.odb' is opened by 7376@DESKTOP-7GOSAU4

[2017-08-29 14:07:50 #2 type] 
Type websites.WebSite is not enhanced.

[2017-08-29 14:07:50 #3 type] 
Type Products.Product is not enhanced.

[2017-08-29 14:07:50 #4 type] 
Type Products.ProductModel is not enhanced.

[2017-08-29 14:07:50 #5 type] 
Type Products.ProductCompare is not enhanced.

[2017-08-29 14:07:50 #6 type] 
Type Comments.Comment is not enhanced.

[2017-08-29 14:07:50 #7 type] 
Type DataBase.User is not enhanced.

[2017-08-29 14:38:28 #8 store] 
Database 'C:\Users\davej\IdeaProjects\PetMarkProject\out\artifacts\PetMarkWeb_war_exploded\WEB-INF\db\MarkPet2.odb' is closed by 7376@DESKTOP-7GOSAU4

------------------------------------------------------------------------------------------------------------------------

[2017-08-29 15:14:47 #1 store] 
Database 'C:\Users\davej\IdeaProjects\PetMarkProject\out\artifacts\PetMarkWeb_war_exploded\WEB-INF\db\MarkPet2.odb' is opened by 8436@DESKTOP-7GOSAU4

[2017-08-29 15:14:48 #2 type] 
Type websites.WebSite is not enhanced.

[2017-08-29 15:14:48 #3 type] 
Type Products.Product is not enhanced.

[2017-08-29 15:14:48 #4 type] 
Type Products.ProductModel is not enhanced.

[2017-08-29 15:14:48 #5 type] 
Type Products.ProductCompare is not enhanced.

[2017-08-29 15:14:48 #6 type] 
Type Comments.Comment is not enhanced.

[2017-08-29 15:14:48 #7 type] 
Type DataBase.User is not enhanced.

[2017-08-29 17:25:03 #8 store] 
Database 'C:\Users\davej\IdeaProjects\PetMarkProject\out\artifacts\PetMarkWeb_war_exploded\WEB-INF\db\MarkPet2.odb' is closed by 8436@DESKTOP-7GOSAU4

------------------------------------------------------------------------------------------------------------------------

[2017-08-29 17:31:27 #1 store] 
Database 'C:\Users\davej\IdeaProjects\PetMarkProject\out\artifacts\PetMarkWeb_war_exploded\WEB-INF\db\MarkPet2.odb' is opened by 4968@DESKTOP-7GOSAU4

[2017-08-29 17:31:27 #2 type] 
Type websites.WebSite is not enhanced.

[2017-08-29 17:31:27 #3 type] 
Type Products.Product is not enhanced.

[2017-08-29 17:31:27 #4 type] 
Type Products.ProductModel is not enhanced.

[2017-08-29 17:31:27 #5 type] 
Type Products.ProductCompare is not enhanced.

[2017-08-29 17:31:27 #6 type] 
Type Comments.Comment is not enhanced.

[2017-08-29 17:31:27 #7 type] 
Type DataBase.User is not enhanced.

[2017-08-29 17:35:16 #8 store] 
Database 'C:\Users\davej\IdeaProjects\PetMarkProject\out\artifacts\PetMarkWeb_war_exploded\WEB-INF\db\MarkPet2.odb' is closed by 4968@DESKTOP-7GOSAU4

------------------------------------------------------------------------------------------------------------------------

[2017-08-29 17:40:44 #1 store] 
Database 'C:\Users\davej\IdeaProjects\PetMarkProject\out\artifacts\PetMarkWeb_war_exploded\WEB-INF\db\MarkPet2.odb' is opened by 11368@DESKTOP-7GOSAU4

[2017-08-29 17:40:44 #2 type] 
Type websites.WebSite is not enhanced.

[2017-08-29 17:40:44 #3 type] 
Type Products.Product is not enhanced.

[2017-08-29 17:40:44 #4 type] 
Type Products.ProductModel is not enhanced.

[2017-08-29 17:40:44 #5 type] 
Type Products.ProductCompare is not enhanced.

[2017-08-29 17:40:44 #6 type] 
Type Comments.Comment is not enhanced.

[2017-08-29 17:40:44 #7 type] 
Type DataBase.User is not enhanced.

[2017-08-29 17:43:33 #8 store] 
Database 'C:\Users\davej\IdeaProjects\PetMarkProject\out\artifacts\PetMarkWeb_war_exploded\WEB-INF\db\MarkPet2.odb' is closed by 11368@DESKTOP-7GOSAU4

------------------------------------------------------------------------------------------------------------------------

[2017-08-29 17:51:30 #1 store] 
Database 'C:\Users\davej\IdeaProjects\PetMarkProject\out\artifacts\PetMarkWeb_war_exploded\WEB-INF\db\MarkPet2.odb' is opened by 14472@DESKTOP-7GOSAU4

[2017-08-29 17:51:31 #2 type] 
Type websites.WebSite is not enhanced.

[2017-08-29 17:51:31 #3 type] 
Type Products.Product is not enhanced.

[2017-08-29 17:51:31 #4 type] 
Type Products.ProductModel is not enhanced.

[2017-08-29 17:51:31 #5 type] 
Type Products.ProductCompare is not enhanced.

[2017-08-29 17:51:31 #6 type] 
Type Comments.Comment is not enhanced.

[2017-08-29 17:51:31 #7 type] 
Type DataBase.User is not enhanced.

[2017-08-29 18:00:35 #8 store] 
Database 'C:\Users\davej\IdeaProjects\PetMarkProject\out\artifacts\PetMarkWeb_war_exploded\WEB-INF\db\MarkPet2.odb' is closed by 14472@DESKTOP-7GOSAU4

------------------------------------------------------------------------------------------------------------------------

[2017-08-29 18:01:28 #1 store] 
Database 'C:\Users\davej\IdeaProjects\PetMarkProject\out\artifacts\PetMarkWeb_war_exploded\WEB-INF\db\MarkPet2.odb' is opened by 12720@DESKTOP-7GOSAU4

[2017-08-29 18:01:28 #2 type] 
Type websites.WebSite is not enhanced.

[2017-08-29 18:01:28 #3 type] 
Type Products.Product is not enhanced.

[2017-08-29 18:01:28 #4 type] 
Type Products.ProductModel is not enhanced.

[2017-08-29 18:01:28 #5 type] 
Type Products.ProductCompare is not enhanced.

[2017-08-29 18:01:28 #6 type] 
Type Comments.Comment is not enhanced.

[2017-08-29 18:01:28 #7 type] 
Type DataBase.User is not enhanced.

[2017-08-29 18:03:02 #8 store] 
Database 'C:\Users\davej\IdeaProjects\PetMarkProject\out\artifacts\PetMarkWeb_war_exploded\WEB-INF\db\MarkPet2.odb' is closed by 12720@DESKTOP-7GOSAU4

------------------------------------------------------------------------------------------------------------------------

[2017-08-29 18:03:25 #1 store] 
Database 'C:\Users\davej\IdeaProjects\PetMarkProject\out\artifacts\PetMarkWeb_war_exploded\WEB-INF\db\MarkPet2.odb' is opened by 15756@DESKTOP-7GOSAU4

[2017-08-29 18:03:25 #2 type] 
Type websites.WebSite is not enhanced.

[2017-08-29 18:03:25 #3 type] 
Type Products.Product is not enhanced.

[2017-08-29 18:03:25 #4 type] 
Type Products.ProductModel is not enhanced.

[2017-08-29 18:03:25 #5 type] 
Type Products.ProductCompare is not enhanced.

[2017-08-29 18:03:25 #6 type] 
Type Comments.Comment is not enhanced.

[2017-08-29 18:03:25 #7 type] 
Type DataBase.User is not enhanced.

[2017-08-29 18:07:01 #8 store] 
Database 'C:\Users\davej\IdeaProjects\PetMarkProject\out\artifacts\PetMarkWeb_war_exploded\WEB-INF\db\MarkPet2.odb' is closed by 15756@DESKTOP-7GOSAU4

------------------------------------------------------------------------------------------------------------------------

[2017-08-29 18:08:06 #1 store] 
Database 'C:\Users\davej\IdeaProjects\PetMarkProject\out\artifacts\PetMarkWeb_war_exploded\WEB-INF\db\MarkPet2.odb' is opened by 4156@DESKTOP-7GOSAU4

[2017-08-29 18:08:06 #2 type] 
Type websites.WebSite is not enhanced.

[2017-08-29 18:08:06 #3 type] 
Type Products.Product is not enhanced.

[2017-08-29 18:08:06 #4 type] 
Type Products.ProductModel is not enhanced.

[2017-08-29 18:08:06 #5 type] 
Type Products.ProductCompare is not enhanced.

[2017-08-29 18:08:06 #6 type] 
Type Comments.Comment is not enhanced.

[2017-08-29 18:08:06 #7 type] 
Type DataBase.User is not enhanced.

[2017-08-29 18:08:37 #8 store] 
Database 'C:\Users\davej\IdeaProjects\PetMarkProject\out\artifacts\PetMarkWeb_war_exploded\WEB-INF\db\MarkPet2.odb' is closed by 4156@DESKTOP-7GOSAU4

------------------------------------------------------------------------------------------------------------------------

[2017-08-29 18:25:37 #1 store] 
Database 'C:\Users\davej\IdeaProjects\PetMarkProject\out\artifacts\PetMarkWeb_war_exploded\WEB-INF\db\MarkPet2.odb' is opened by 15632@DESKTOP-7GOSAU4

[2017-08-29 18:25:37 #2 type] 
Type websites.WebSite is not enhanced.

[2017-08-29 18:25:37 #3 type] 
Type Products.Product is not enhanced.

[2017-08-29 18:25:37 #4 type] 
Type Products.ProductModel is not enhanced.

[2017-08-29 18:25:37 #5 type] 
Type Products.ProductCompare is not enhanced.

[2017-08-29 18:25:37 #6 type] 
Type Comments.Comment is not enhanced.

[2017-08-29 18:25:37 #7 type] 
Type DataBase.User is not enhanced.

[2017-08-29 18:29:26 #8 store] 
Database 'C:\Users\davej\IdeaProjects\PetMarkProject\out\artifacts\PetMarkWeb_war_exploded\WEB-INF\db\MarkPet2.odb' is closed by 15632@DESKTOP-7GOSAU4

------------------------------------------------------------------------------------------------------------------------

[2017-08-29 19:23:36 #1 store] 
Database 'C:\Users\davej\IdeaProjects\PetMarkProject\out\artifacts\PetMarkWeb_war_exploded\WEB-INF\db\MarkPet2.odb' is opened by 8724@DESKTOP-7GOSAU4

[2017-08-29 19:23:36 #2 type] 
Type websites.WebSite is not enhanced.

[2017-08-29 19:23:36 #3 type] 
Type Products.Product is not enhanced.

[2017-08-29 19:23:36 #4 type] 
Type Products.ProductModel is not enhanced.

[2017-08-29 19:23:36 #5 type] 
Type Products.ProductCompare is not enhanced.

[2017-08-29 19:23:36 #6 type] 
Type Comments.Comment is not enhanced.

[2017-08-29 19:23:36 #7 type] 
Type DataBase.User is not enhanced.

[2017-08-29 19:25:56 #8 store] 
Database 'C:\Users\davej\IdeaProjects\PetMarkProject\out\artifacts\PetMarkWeb_war_exploded\WEB-INF\db\MarkPet2.odb' is closed by 8724@DESKTOP-7GOSAU4

------------------------------------------------------------------------------------------------------------------------

[2017-08-29 19:27:40 #1 store] 
Database 'C:\Users\davej\IdeaProjects\PetMarkProject\out\artifacts\PetMarkWeb_war_exploded\WEB-INF\db\MarkPet2.odb' is opened by 8436@DESKTOP-7GOSAU4

[2017-08-29 19:27:40 #2 type] 
Type websites.WebSite is not enhanced.

[2017-08-29 19:27:40 #3 type] 
Type Products.Product is not enhanced.

[2017-08-29 19:27:40 #4 type] 
Type Products.ProductModel is not enhanced.

[2017-08-29 19:27:40 #5 type] 
Type Products.ProductCompare is not enhanced.

[2017-08-29 19:27:40 #6 type] 
Type Comments.Comment is not enhanced.

[2017-08-29 19:27:40 #7 type] 
Type DataBase.User is not enhanced.

[2017-08-29 19:29:18 #8 store] 
Database 'C:\Users\davej\IdeaProjects\PetMarkProject\out\artifacts\PetMarkWeb_war_exploded\WEB-INF\db\MarkPet2.odb' is closed by 8436@DESKTOP-7GOSAU4

------------------------------------------------------------------------------------------------------------------------

[2017-08-29 19:45:39 #1 store] 
Database 'C:\Users\davej\IdeaProjects\PetMarkProject\out\artifacts\PetMarkWeb_war_exploded\WEB-INF\db\MarkPet2.odb' is opened by 10236@DESKTOP-7GOSAU4

[2017-08-29 19:45:39 #2 type] 
Type websites.WebSite is not enhanced.

[2017-08-29 19:45:39 #3 type] 
Type Products.Product is not enhanced.

[2017-08-29 19:45:39 #4 type] 
Type Products.ProductModel is not enhanced.

[2017-08-29 19:45:39 #5 type] 
Type Products.ProductCompare is not enhanced.

[2017-08-29 19:45:39 #6 type.registry] 
New type javax.persistence.TypedQuery

[2017-08-29 19:45:39 #7 type] 
Type Comments.Comment is not enhanced.

[2017-08-29 19:45:39 #8 type] 
Type DataBase.User is not enhanced.

[2017-08-29 19:45:47 #9 type.registry] 
New type com.objectdb.o.QRY

[2017-08-29 19:45:47 #10 type.registry] 
New type com.objectdb.jpa.JpaQuery

[2017-08-29 19:45:47 #11 type.registry] 
New type com.objectdb.jdo.JdoQuery

[2017-08-29 19:45:52 #12 store] 
Database 'C:\Users\davej\IdeaProjects\PetMarkProject\out\artifacts\PetMarkWeb_war_exploded\WEB-INF\db\MarkPet2.odb' is closed by 10236@DESKTOP-7GOSAU4

------------------------------------------------------------------------------------------------------------------------

[2017-08-29 19:47:36 #1 store] 
Database 'C:\Users\davej\IdeaProjects\PetMarkProject\out\artifacts\PetMarkWeb_war_exploded\WEB-INF\db\MarkPet2.odb' is opened by 15540@DESKTOP-7GOSAU4

[2017-08-29 19:47:36 #2 type] 
Type websites.WebSite is not enhanced.

[2017-08-29 19:47:36 #3 type] 
Type Products.Product is not enhanced.

[2017-08-29 19:47:36 #4 type] 
Type Products.ProductModel is not enhanced.

[2017-08-29 19:47:36 #5 type] 
Type Products.ProductCompare is not enhanced.

[2017-08-29 19:47:36 #6 type] 
Type Comments.Comment is not enhanced.

[2017-08-29 19:47:36 #7 type] 
Type DataBase.User is not enhanced.

[2017-08-29 19:48:24 #8 store] 
Database 'C:\Users\davej\IdeaProjects\PetMarkProject\out\artifacts\PetMarkWeb_war_exploded\WEB-INF\db\MarkPet2.odb' is closed by 15540@DESKTOP-7GOSAU4

------------------------------------------------------------------------------------------------------------------------

[2017-08-29 19:56:41 #1 store] 
Database 'C:\Users\davej\IdeaProjects\PetMarkProject\out\artifacts\PetMarkWeb_war_exploded\WEB-INF\db\MarkPet2.odb' is opened by 15784@DESKTOP-7GOSAU4

[2017-08-29 19:56:41 #2 type] 
Type websites.WebSite is not enhanced.

[2017-08-29 19:56:41 #3 type] 
Type Products.Product is not enhanced.

[2017-08-29 19:56:41 #4 type] 
Type Products.ProductModel is not enhanced.

[2017-08-29 19:56:41 #5 type] 
Type Products.ProductCompare is not enhanced.

[2017-08-29 19:56:41 #6 type] 
Type Comments.Comment is not enhanced.

[2017-08-29 19:56:41 #7 type] 
Type DataBase.User is not enhanced.

[2017-08-29 19:57:12 #8 store] 
Database 'C:\Users\davej\IdeaProjects\PetMarkProject\out\artifacts\PetMarkWeb_war_exploded\WEB-INF\db\MarkPet2.odb' is closed by 15784@DESKTOP-7GOSAU4

------------------------------------------------------------------------------------------------------------------------

[2017-08-29 19:59:17 #1 store] 
Database 'C:\Users\davej\IdeaProjects\PetMarkProject\out\artifacts\PetMarkWeb_war_exploded\WEB-INF\db\MarkPet2.odb' is opened by 7232@DESKTOP-7GOSAU4

[2017-08-29 19:59:17 #2 type] 
Type websites.WebSite is not enhanced.

[2017-08-29 19:59:17 #3 type] 
Type Products.Product is not enhanced.

[2017-08-29 19:59:17 #4 type] 
Type Products.ProductModel is not enhanced.

[2017-08-29 19:59:17 #5 type] 
Type Products.ProductCompare is not enhanced.

[2017-08-29 19:59:17 #6 type] 
Type Comments.Comment is not enhanced.

[2017-08-29 19:59:17 #7 type] 
Type DataBase.User is not enhanced.

[2017-08-29 20:02:52 #8 store] 
Database 'C:\Users\davej\IdeaProjects\PetMarkProject\out\artifacts\PetMarkWeb_war_exploded\WEB-INF\db\MarkPet2.odb' is closed by 7232@DESKTOP-7GOSAU4

------------------------------------------------------------------------------------------------------------------------

[2017-08-29 20:04:37 #1 store] 
Database 'C:\Users\davej\IdeaProjects\PetMarkProject\out\artifacts\PetMarkWeb_war_exploded\WEB-INF\db\MarkPet2.odb' is opened by 6896@DESKTOP-7GOSAU4

[2017-08-29 20:04:37 #2 type] 
Type websites.WebSite is not enhanced.

[2017-08-29 20:04:37 #3 type] 
Type Products.Product is not enhanced.

[2017-08-29 20:04:37 #4 type] 
Type Products.ProductModel is not enhanced.

[2017-08-29 20:04:37 #5 type] 
Type Products.ProductCompare is not enhanced.

[2017-08-29 20:04:37 #6 type] 
Type Comments.Comment is not enhanced.

[2017-08-29 20:04:37 #7 type] 
Type DataBase.User is not enhanced.

[2017-08-29 20:06:10 #8 store] 
Database 'C:\Users\davej\IdeaProjects\PetMarkProject\out\artifacts\PetMarkWeb_war_exploded\WEB-INF\db\MarkPet2.odb' is closed by 6896@DESKTOP-7GOSAU4

------------------------------------------------------------------------------------------------------------------------

[2017-08-29 20:09:52 #1 store] 
Database 'C:\Users\davej\IdeaProjects\PetMarkProject\out\artifacts\PetMarkWeb_war_exploded\WEB-INF\db\MarkPet2.odb' is opened by 4756@DESKTOP-7GOSAU4

[2017-08-29 20:09:53 #2 type] 
Type websites.WebSite is not enhanced.

[2017-08-29 20:09:53 #3 type] 
Type Products.Product is not enhanced.

[2017-08-29 20:09:53 #4 type] 
Type Products.ProductModel is not enhanced.

[2017-08-29 20:09:53 #5 type] 
Type Products.ProductCompare is not enhanced.

[2017-08-29 20:09:53 #6 type] 
Type Comments.Comment is not enhanced.

[2017-08-29 20:09:53 #7 type] 
Type DataBase.User is not enhanced.

[2017-08-29 20:12:01 #8 store] 
Database 'C:\Users\davej\IdeaProjects\PetMarkProject\out\artifacts\PetMarkWeb_war_exploded\WEB-INF\db\MarkPet2.odb' is closed by 4756@DESKTOP-7GOSAU4

------------------------------------------------------------------------------------------------------------------------

[2017-08-29 20:23:30 #1 store] 
Database 'C:\Users\davej\IdeaProjects\PetMarkProject\out\artifacts\PetMarkWeb_war_exploded\WEB-INF\db\MarkPet2.odb' is opened by 10192@DESKTOP-7GOSAU4

[2017-08-29 20:23:30 #2 type] 
Type websites.WebSite is not enhanced.

[2017-08-29 20:23:30 #3 type] 
Type Products.Product is not enhanced.

[2017-08-29 20:23:30 #4 type] 
Type Products.ProductModel is not enhanced.

[2017-08-29 20:23:30 #5 type] 
Type Products.ProductCompare is not enhanced.

[2017-08-29 20:23:30 #6 type] 
Type Comments.Comment is not enhanced.

[2017-08-29 20:23:30 #7 type] 
Type DataBase.User is not enhanced.

[2017-08-29 20:24:18 #8 store] 
Database 'C:\Users\davej\IdeaProjects\PetMarkProject\out\artifacts\PetMarkWeb_war_exploded\WEB-INF\db\MarkPet2.odb' is closed by 10192@DESKTOP-7GOSAU4

------------------------------------------------------------------------------------------------------------------------

[2017-08-29 20:26:23 #1 store] 
Database 'C:\Users\davej\IdeaProjects\PetMarkProject\out\artifacts\PetMarkWeb_war_exploded\WEB-INF\db\MarkPet2.odb' is opened by 2524@DESKTOP-7GOSAU4

[2017-08-29 20:26:23 #2 type] 
Type websites.WebSite is not enhanced.

[2017-08-29 20:26:23 #3 type] 
Type Products.Product is not enhanced.

[2017-08-29 20:26:23 #4 type] 
Type Products.ProductModel is not enhanced.

[2017-08-29 20:26:23 #5 type] 
Type Products.ProductCompare is not enhanced.

[2017-08-29 20:26:23 #6 type] 
Type Comments.Comment is not enhanced.

[2017-08-29 20:26:23 #7 type] 
Type DataBase.User is not enhanced.

[2017-08-29 20:27:11 #8 store] 
Database 'C:\Users\davej\IdeaProjects\PetMarkProject\out\artifacts\PetMarkWeb_war_exploded\WEB-INF\db\MarkPet2.odb' is closed by 2524@DESKTOP-7GOSAU4

