------------------------------------------------------------------------------------------------------------------------

[2017-08-30 18:32:48 #1 store] 
Database 'C:\Users\davej\IdeaProjects\PetMarkProject\out\artifacts\PetMarkWeb_war_exploded\WEB-INF\db\MarkPet2.odb' is opened by 14532@DESKTOP-7GOSAU4

[2017-08-30 18:32:48 #2 type] 
Type websites.WebSite is not enhanced.

[2017-08-30 18:32:48 #3 type] 
Type Products.Product is not enhanced.

[2017-08-30 18:32:48 #4 type] 
Type Products.ProductModel is not enhanced.

[2017-08-30 18:32:48 #5 type] 
Type Products.ProductCompare is not enhanced.

[2017-08-30 18:32:48 #6 type] 
Type Comments.Comment is not enhanced.

[2017-08-30 18:32:48 #7 type] 
Type DataBase.User is not enhanced.

[2017-08-30 18:33:49 #8 store] 
Database 'C:\Users\davej\IdeaProjects\PetMarkProject\out\artifacts\PetMarkWeb_war_exploded\WEB-INF\db\MarkPet2.odb' is closed by 14532@DESKTOP-7GOSAU4

------------------------------------------------------------------------------------------------------------------------

[2017-08-30 18:37:45 #1 store] 
Database 'C:\Users\davej\IdeaProjects\PetMarkProject\out\artifacts\PetMarkWeb_war_exploded\WEB-INF\db\MarkPet2.odb' is opened by 7964@DESKTOP-7GOSAU4

[2017-08-30 18:37:45 #2 type] 
Type websites.WebSite is not enhanced.

[2017-08-30 18:37:45 #3 type] 
Type Products.Product is not enhanced.

[2017-08-30 18:37:45 #4 type] 
Type Products.ProductModel is not enhanced.

[2017-08-30 18:37:45 #5 type] 
Type Products.ProductCompare is not enhanced.

[2017-08-30 18:37:45 #6 type] 
Type Comments.Comment is not enhanced.

[2017-08-30 18:37:45 #7 type] 
Type DataBase.User is not enhanced.

[2017-08-30 18:39:55 #8 store] 
Database 'C:\Users\davej\IdeaProjects\PetMarkProject\out\artifacts\PetMarkWeb_war_exploded\WEB-INF\db\MarkPet2.odb' is closed by 7964@DESKTOP-7GOSAU4

------------------------------------------------------------------------------------------------------------------------

[2017-08-30 18:46:30 #1 store] 
Database 'C:\Users\davej\IdeaProjects\PetMarkProject\out\artifacts\PetMarkWeb_war_exploded\WEB-INF\db\MarkPet2.odb' is opened by 9160@DESKTOP-7GOSAU4

[2017-08-30 18:46:31 #2 type] 
Type websites.WebSite is not enhanced.

[2017-08-30 18:46:31 #3 type] 
Type Products.Product is not enhanced.

[2017-08-30 18:46:31 #4 type] 
Type Products.ProductModel is not enhanced.

[2017-08-30 18:46:31 #5 type] 
Type Products.ProductCompare is not enhanced.

[2017-08-30 18:46:31 #6 type] 
Type Comments.Comment is not enhanced.

[2017-08-30 18:46:31 #7 type] 
Type DataBase.User is not enhanced.

[2017-08-30 18:47:13 #8 store] 
Database 'C:\Users\davej\IdeaProjects\PetMarkProject\out\artifacts\PetMarkWeb_war_exploded\WEB-INF\db\MarkPet2.odb' is closed by 9160@DESKTOP-7GOSAU4

------------------------------------------------------------------------------------------------------------------------

[2017-08-30 18:48:15 #1 store] 
Database 'C:\Users\davej\IdeaProjects\PetMarkProject\out\artifacts\PetMarkWeb_war_exploded\WEB-INF\db\MarkPet2.odb' is opened by 10184@DESKTOP-7GOSAU4

[2017-08-30 18:48:15 #2 type] 
Type websites.WebSite is not enhanced.

[2017-08-30 18:48:15 #3 type] 
Type Products.Product is not enhanced.

[2017-08-30 18:48:15 #4 type] 
Type Products.ProductModel is not enhanced.

[2017-08-30 18:48:15 #5 type] 
Type Products.ProductCompare is not enhanced.

[2017-08-30 18:48:15 #6 type] 
Type Comments.Comment is not enhanced.

[2017-08-30 18:48:16 #7 type] 
Type DataBase.User is not enhanced.

[2017-08-30 19:10:51 #8 store] 
Database 'C:\Users\davej\IdeaProjects\PetMarkProject\out\artifacts\PetMarkWeb_war_exploded\WEB-INF\db\MarkPet2.odb' is closed by 10184@DESKTOP-7GOSAU4

------------------------------------------------------------------------------------------------------------------------

[2017-08-30 19:11:10 #1 store] 
Database 'C:\Users\davej\IdeaProjects\PetMarkProject\out\artifacts\PetMarkWeb_war_exploded\WEB-INF\db\MarkPet2.odb' is opened by 7052@DESKTOP-7GOSAU4

[2017-08-30 19:11:10 #2 type] 
Type websites.WebSite is not enhanced.

[2017-08-30 19:11:10 #3 type] 
Type Products.Product is not enhanced.

[2017-08-30 19:11:10 #4 type] 
Type Products.ProductModel is not enhanced.

[2017-08-30 19:11:10 #5 type] 
Type Products.ProductCompare is not enhanced.

[2017-08-30 19:11:10 #6 type] 
Type Comments.Comment is not enhanced.

[2017-08-30 19:11:10 #7 type] 
Type DataBase.User is not enhanced.

[2017-08-30 19:14:41 #8 store] 
Database 'C:\Users\davej\IdeaProjects\PetMarkProject\out\artifacts\PetMarkWeb_war_exploded\WEB-INF\db\MarkPet2.odb' is closed by 7052@DESKTOP-7GOSAU4

------------------------------------------------------------------------------------------------------------------------

[2017-08-30 19:14:59 #1 store] 
Database 'C:\Users\davej\IdeaProjects\PetMarkProject\out\artifacts\PetMarkWeb_war_exploded\WEB-INF\db\MarkPet2.odb' is opened by 4624@DESKTOP-7GOSAU4

[2017-08-30 19:14:59 #2 type] 
Type websites.WebSite is not enhanced.

[2017-08-30 19:14:59 #3 type] 
Type Products.Product is not enhanced.

[2017-08-30 19:14:59 #4 type] 
Type Products.ProductModel is not enhanced.

[2017-08-30 19:14:59 #5 type] 
Type Products.ProductCompare is not enhanced.

[2017-08-30 19:14:59 #6 type] 
Type Comments.Comment is not enhanced.

[2017-08-30 19:14:59 #7 type] 
Type DataBase.User is not enhanced.

[2017-08-30 19:37:25 #8 store] 
Database 'C:\Users\davej\IdeaProjects\PetMarkProject\out\artifacts\PetMarkWeb_war_exploded\WEB-INF\db\MarkPet2.odb' is closed by 4624@DESKTOP-7GOSAU4

------------------------------------------------------------------------------------------------------------------------

[2017-08-30 19:51:53 #1 store] 
Database 'C:\Users\davej\IdeaProjects\PetMarkProject\out\artifacts\PetMarkWeb_war_exploded\WEB-INF\db\MarkPet2.odb' is opened by 1812@DESKTOP-7GOSAU4

[2017-08-30 19:51:53 #2 type] 
Type websites.WebSite is not enhanced.

[2017-08-30 19:51:53 #3 type] 
Type Products.Product is not enhanced.

[2017-08-30 19:51:53 #4 type] 
Type Products.ProductModel is not enhanced.

[2017-08-30 19:51:53 #5 type] 
Type Products.ProductCompare is not enhanced.

[2017-08-30 19:51:53 #6 type] 
Type Comments.Comment is not enhanced.

[2017-08-30 19:51:53 #7 type] 
Type DataBase.User is not enhanced.

[2017-08-31 15:40:15 #8 store] 
Database 'C:\Users\davej\IdeaProjects\PetMarkProject\out\artifacts\PetMarkWeb_war_exploded\WEB-INF\db\MarkPet2.odb' is closed by 1812@DESKTOP-7GOSAU4

