------------------------------------------------------------------------------------------------------------------------

[2017-08-24 02:13:38 #1 store] 
Database 'C:\Users\davej\IdeaProjects\PetMarkProject\out\artifacts\PetMarkWeb_war_exploded\WEB-INF\db\MarkPet2.odb' is opened by 11648@DESKTOP-7GOSAU4

[2017-08-24 02:13:38 #2 type] 
Type websites.WebSite is not enhanced.

[2017-08-24 02:13:38 #3 type] 
Type Products.Product is not enhanced.

[2017-08-24 02:13:38 #4 type] 
Type Products.ProductModel is not enhanced.

[2017-08-24 02:13:38 #5 type] 
Type Products.ProductCompare is not enhanced.

[2017-08-24 12:33:26 #6 store] 
Database 'C:\Users\davej\IdeaProjects\PetMarkProject\out\artifacts\PetMarkWeb_war_exploded\WEB-INF\db\MarkPet2.odb' is closed by 11648@DESKTOP-7GOSAU4

------------------------------------------------------------------------------------------------------------------------

[2017-08-24 13:57:35 #1 store] 
Database 'C:\Users\davej\IdeaProjects\PetMarkProject\out\artifacts\PetMarkWeb_war_exploded\WEB-INF\db\MarkPet2.odb' is opened by 17652@DESKTOP-7GOSAU4

[2017-08-24 13:57:35 #2 type] 
Type websites.WebSite is not enhanced.

[2017-08-24 13:57:35 #3 type] 
Type Products.Product is not enhanced.

[2017-08-24 13:57:35 #4 type] 
Type Products.ProductModel is not enhanced.

[2017-08-24 13:57:35 #5 type] 
Type Products.ProductCompare is not enhanced.

[2017-08-24 13:57:46 #6 type.registry] 
New type java.util.ArrayList<java.lang.Object>

------------------------------------------------------------------------------------------------------------------------

[2017-08-24 14:53:51 #1 store] 
Database 'C:\Users\davej\IdeaProjects\PetMarkProject\out\artifacts\PetMarkWeb_war_exploded\WEB-INF\db\MarkPet2.odb' has been recovered (tr. 73-73)

[2017-08-24 14:53:51 #2 store] 
Database 'C:\Users\davej\IdeaProjects\PetMarkProject\out\artifacts\PetMarkWeb_war_exploded\WEB-INF\db\MarkPet2.odb' is opened by 10320@DESKTOP-7GOSAU4

[2017-08-24 14:53:51 #3 type] 
Type websites.WebSite is not enhanced.

[2017-08-24 14:53:51 #4 type] 
Type Products.Product is not enhanced.

[2017-08-24 14:53:51 #5 type] 
Type Products.ProductModel is not enhanced.

[2017-08-24 14:53:51 #6 type] 
Type Products.ProductCompare is not enhanced.

[2017-08-24 14:54:32 #7 store] 
Database 'C:\Users\davej\IdeaProjects\PetMarkProject\out\artifacts\PetMarkWeb_war_exploded\WEB-INF\db\MarkPet2.odb' is closed by 10320@DESKTOP-7GOSAU4

------------------------------------------------------------------------------------------------------------------------

[2017-08-24 15:03:21 #1 store] 
Database 'C:\Users\davej\IdeaProjects\PetMarkProject\out\artifacts\PetMarkWeb_war_exploded\WEB-INF\db\MarkPet2.odb' is opened by 2164@DESKTOP-7GOSAU4

[2017-08-24 15:03:21 #2 type] 
Type websites.WebSite is not enhanced.

[2017-08-24 15:03:21 #3 type] 
Type Products.Product is not enhanced.

[2017-08-24 15:03:21 #4 type] 
Type Products.ProductModel is not enhanced.

[2017-08-24 15:03:21 #5 type] 
Type Products.ProductCompare is not enhanced.

[2017-08-24 15:06:35 #6 store] 
Database 'C:\Users\davej\IdeaProjects\PetMarkProject\out\artifacts\PetMarkWeb_war_exploded\WEB-INF\db\MarkPet2.odb' is closed by 2164@DESKTOP-7GOSAU4

------------------------------------------------------------------------------------------------------------------------

[2017-08-24 15:10:11 #1 store] 
Database 'C:\Users\davej\IdeaProjects\PetMarkProject\out\artifacts\PetMarkWeb_war_exploded\WEB-INF\db\MarkPet2.odb' is opened by 14952@DESKTOP-7GOSAU4

[2017-08-24 15:10:11 #2 type] 
Type websites.WebSite is not enhanced.

[2017-08-24 15:10:11 #3 type] 
Type Products.Product is not enhanced.

[2017-08-24 15:10:11 #4 type] 
Type Products.ProductModel is not enhanced.

[2017-08-24 15:10:11 #5 type] 
Type Products.ProductCompare is not enhanced.

[2017-08-24 15:56:57 #6 store] 
Database 'C:\Users\davej\IdeaProjects\PetMarkProject\out\artifacts\PetMarkWeb_war_exploded\WEB-INF\db\MarkPet2.odb' is closed by 14952@DESKTOP-7GOSAU4

------------------------------------------------------------------------------------------------------------------------

[2017-08-24 15:57:20 #1 store] 
Database 'C:\Users\davej\IdeaProjects\PetMarkProject\out\artifacts\PetMarkWeb_war_exploded\WEB-INF\db\MarkPet2.odb' is opened by 5848@DESKTOP-7GOSAU4

[2017-08-24 15:57:20 #2 type] 
Type websites.WebSite is not enhanced.

[2017-08-24 15:57:20 #3 type] 
Type Products.Product is not enhanced.

[2017-08-24 15:57:20 #4 type] 
Type Products.ProductModel is not enhanced.

[2017-08-24 15:57:20 #5 type] 
Type Products.ProductCompare is not enhanced.

[2017-08-24 17:19:48 #6 store] 
Database 'C:\Users\davej\IdeaProjects\PetMarkProject\out\artifacts\PetMarkWeb_war_exploded\WEB-INF\db\MarkPet2.odb' is closed by 5848@DESKTOP-7GOSAU4

------------------------------------------------------------------------------------------------------------------------

[2017-08-24 18:46:11 #1 store] 
Database 'C:\Users\davej\IdeaProjects\PetMarkProject\out\artifacts\PetMarkWeb_war_exploded\WEB-INF\db\MarkPet2.odb' is opened by 656@DESKTOP-7GOSAU4

[2017-08-24 18:46:11 #2 type] 
Type websites.WebSite is not enhanced.

[2017-08-24 18:46:11 #3 type] 
Type Products.Product is not enhanced.

[2017-08-24 18:46:11 #4 type] 
Type Products.ProductModel is not enhanced.

[2017-08-24 18:46:11 #5 type] 
Type Products.ProductCompare is not enhanced.

[2017-08-24 18:53:53 #6 type.registry] 
New type Comments.Comment

[2017-08-24 18:53:53 #7 type] 
Type Comments.Comment is not enhanced.

[2017-08-24 19:31:51 #8 store] 
Database 'C:\Users\davej\IdeaProjects\PetMarkProject\out\artifacts\PetMarkWeb_war_exploded\WEB-INF\db\MarkPet2.odb' is closed by 656@DESKTOP-7GOSAU4

------------------------------------------------------------------------------------------------------------------------

[2017-08-24 19:32:08 #1 store] 
Database 'C:\Users\davej\IdeaProjects\PetMarkProject\out\artifacts\PetMarkWeb_war_exploded\WEB-INF\db\MarkPet2.odb' is opened by 16248@DESKTOP-7GOSAU4

[2017-08-24 19:32:09 #2 type] 
Type websites.WebSite is not enhanced.

[2017-08-24 19:32:09 #3 type] 
Type Products.Product is not enhanced.

[2017-08-24 19:32:09 #4 type] 
Type Products.ProductModel is not enhanced.

[2017-08-24 19:32:09 #5 type] 
Type Products.ProductCompare is not enhanced.

[2017-08-24 19:32:09 #6 type] 
Type Comments.Comment is not enhanced.

[2017-08-24 19:46:13 #7 store] 
Database 'C:\Users\davej\IdeaProjects\PetMarkProject\out\artifacts\PetMarkWeb_war_exploded\WEB-INF\db\MarkPet2.odb' is closed by 16248@DESKTOP-7GOSAU4

------------------------------------------------------------------------------------------------------------------------

[2017-08-24 19:49:29 #1 store] 
Database 'C:\Users\davej\IdeaProjects\PetMarkProject\out\artifacts\PetMarkWeb_war_exploded\WEB-INF\db\MarkPet2.odb' is opened by 10504@DESKTOP-7GOSAU4

[2017-08-24 19:49:29 #2 type] 
Type websites.WebSite is not enhanced.

[2017-08-24 19:49:29 #3 type] 
Type Products.Product is not enhanced.

[2017-08-24 19:49:29 #4 type] 
Type Products.ProductModel is not enhanced.

[2017-08-24 19:49:29 #5 type] 
Type Products.ProductCompare is not enhanced.

[2017-08-24 19:49:29 #6 type] 
Type Comments.Comment is not enhanced.

