------------------------------------------------------------------------------------------------------------------------

[2017-08-14 02:18:52 #1 store] 
Database 'C:\Users\davej\IdeaProjects\PetMarkProject\out\artifacts\PetMarkWeb_war_exploded\WEB-INF\db\MarkPet2.odb' is opened by 3088@DESKTOP-7GOSAU4

[2017-08-14 02:18:52 #2 type] 
Type websites.WebSite is not enhanced.

[2017-08-14 02:18:52 #3 type] 
Type Products.Product is not enhanced.

[2017-08-14 02:18:52 #4 type] 
Type Products.ProductModel is not enhanced.

[2017-08-14 02:18:52 #5 type] 
Type Products.ProductCompare is not enhanced.

------------------------------------------------------------------------------------------------------------------------

[2017-08-14 11:48:41 #1 store] 
Database 'C:\Users\davej\IdeaProjects\PetMarkProject\out\artifacts\PetMarkWeb_war_exploded\WEB-INF\db\MarkPet2.odb' is opened by 1408@DESKTOP-7GOSAU4

[2017-08-14 11:48:41 #2 type] 
Type websites.WebSite is not enhanced.

[2017-08-14 11:48:41 #3 type] 
Type Products.Product is not enhanced.

[2017-08-14 11:48:41 #4 type] 
Type Products.ProductModel is not enhanced.

[2017-08-14 11:48:41 #5 type] 
Type Products.ProductCompare is not enhanced.

[2017-08-14 12:27:00 #6 store] 
Database 'C:\Users\davej\IdeaProjects\PetMarkProject\out\artifacts\PetMarkWeb_war_exploded\WEB-INF\db\MarkPet2.odb' is closed by 1408@DESKTOP-7GOSAU4

------------------------------------------------------------------------------------------------------------------------

[2017-08-14 12:55:55 #1 store] 
Database 'C:\Users\davej\IdeaProjects\PetMarkProject\out\artifacts\PetMarkWeb_war_exploded\WEB-INF\db\MarkPet2.odb' is opened by 3884@DESKTOP-7GOSAU4

[2017-08-14 12:55:56 #2 type] 
Type websites.WebSite is not enhanced.

[2017-08-14 12:55:56 #3 type] 
Type Products.Product is not enhanced.

[2017-08-14 12:55:56 #4 type] 
Type Products.ProductModel is not enhanced.

[2017-08-14 12:55:56 #5 type] 
Type Products.ProductCompare is not enhanced.

[2017-08-14 18:03:24 #6 store] 
Database 'C:\Users\davej\IdeaProjects\PetMarkProject\out\artifacts\PetMarkWeb_war_exploded\WEB-INF\db\MarkPet2.odb' is closed by 3884@DESKTOP-7GOSAU4

------------------------------------------------------------------------------------------------------------------------

[2017-08-14 18:27:26 #1 store] 
Database 'C:\Users\davej\IdeaProjects\PetMarkProject\out\artifacts\PetMarkWeb_war_exploded\WEB-INF\db\MarkPet2.odb' is opened by 19880@DESKTOP-7GOSAU4

[2017-08-14 18:27:26 #2 type] 
Type websites.WebSite is not enhanced.

[2017-08-14 18:27:26 #3 type] 
Type Products.Product is not enhanced.

[2017-08-14 18:27:26 #4 type] 
Type Products.ProductModel is not enhanced.

[2017-08-14 18:27:26 #5 type] 
Type Products.ProductCompare is not enhanced.

[2017-08-14 18:37:45 #6 store] 
Database 'C:\Users\davej\IdeaProjects\PetMarkProject\out\artifacts\PetMarkWeb_war_exploded\WEB-INF\db\MarkPet2.odb' is closed by 19880@DESKTOP-7GOSAU4

------------------------------------------------------------------------------------------------------------------------

[2017-08-14 19:20:14 #1 store] 
Database 'C:\Users\davej\IdeaProjects\PetMarkProject\out\artifacts\PetMarkWeb_war_exploded\WEB-INF\db\MarkPet2.odb' is opened by 2868@DESKTOP-7GOSAU4

[2017-08-14 19:20:14 #2 type] 
Type websites.WebSite is not enhanced.

[2017-08-14 19:20:14 #3 type] 
Type Products.Product is not enhanced.

[2017-08-14 19:20:15 #4 type] 
Type Products.ProductModel is not enhanced.

[2017-08-14 19:20:15 #5 type] 
Type Products.ProductCompare is not enhanced.

[2017-08-14 19:21:44 #6 store] 
Database 'C:\Users\davej\IdeaProjects\PetMarkProject\out\artifacts\PetMarkWeb_war_exploded\WEB-INF\db\MarkPet2.odb' is closed by 2868@DESKTOP-7GOSAU4

