------------------------------------------------------------------------------------------------------------------------

[2017-07-02 21:53:56 #1 store] 
Database 'C:\Users\davej\IdeaProjects\PetMarkProject\out\artifacts\PetMarkWeb_war_exploded\WEB-INF\db\PetMark.odb' is opened by 7128@DESKTOP-7GOSAU4

[2017-07-02 21:53:56 #2 type.registry] 
New type websites.WebSite

[2017-07-02 21:53:56 #3 type] 
Type websites.WebSite is not enhanced.

[2017-07-02 21:56:54 #4 type.registry] 
New type java.util.ArrayList<java.lang.Object>

[2017-07-02 21:57:21 #5 store] 
Database 'C:\Users\davej\IdeaProjects\PetMarkProject\out\artifacts\PetMarkWeb_war_exploded\WEB-INF\db\PetMark.odb' is closed by 7128@DESKTOP-7GOSAU4

------------------------------------------------------------------------------------------------------------------------

[2017-07-02 22:00:34 #1 store] 
Database 'C:\Users\davej\IdeaProjects\PetMarkProject\out\artifacts\PetMarkWeb_war_exploded\WEB-INF\db\PetMark.odb' is opened by 3176@DESKTOP-7GOSAU4

[2017-07-02 22:00:35 #2 type] 
Type websites.WebSite is not enhanced.

[2017-07-02 22:00:48 #3 type.registry] 
New type java.util.ArrayList<java.lang.String>

[2017-07-02 22:00:48 #4 type.registry] 
New type guest.Guest

[2017-07-02 22:00:48 #5 type] 
Type guest.Guest is not enhanced.

[2017-07-02 22:01:05 #6 store] 
Database 'C:\Users\davej\IdeaProjects\PetMarkProject\out\artifacts\PetMarkWeb_war_exploded\WEB-INF\db\PetMark.odb' is closed by 3176@DESKTOP-7GOSAU4

------------------------------------------------------------------------------------------------------------------------

[2017-07-02 22:09:52 #1 store] 
Database 'C:\Users\davej\IdeaProjects\PetMarkProject\out\artifacts\PetMarkWeb_war_exploded\WEB-INF\db\PetMark.odb' is opened by 6936@DESKTOP-7GOSAU4

[2017-07-02 22:09:52 #2 type] 
Type websites.WebSite is not enhanced.

[2017-07-02 22:09:52 #3 type] 
Type guest.Guest is not enhanced.

[2017-07-02 22:11:28 #4 type.registry] 
New type Products.Product

[2017-07-02 22:11:28 #5 type] 
Type Products.Product is not enhanced.

[2017-07-02 22:12:36 #6 store] 
Database 'C:\Users\davej\IdeaProjects\PetMarkProject\out\artifacts\PetMarkWeb_war_exploded\WEB-INF\db\PetMark.odb' is closed by 6936@DESKTOP-7GOSAU4

