------------------------------------------------------------------------------------------------------------------------

[2017-08-02 10:55:38 #1 store] 
Database 'C:\Users\davej\IdeaProjects\PetMarkProject\out\artifacts\PetMarkWeb_war_exploded\WEB-INF\db\MarkPet.odb' is opened by 25164@DESKTOP-7GOSAU4

[2017-08-02 10:55:38 #2 type] 
Type websites.WebSite is not enhanced.

[2017-08-02 10:55:38 #3 type] 
Type Products.Product is not enhanced.

[2017-08-02 10:57:35 #4 store] 
Database 'C:\Users\davej\IdeaProjects\PetMarkProject\out\artifacts\PetMarkWeb_war_exploded\WEB-INF\db\MarkPet.odb' is closed by 25164@DESKTOP-7GOSAU4

------------------------------------------------------------------------------------------------------------------------

[2017-08-02 10:57:57 #1 store] 
Database 'C:\Users\davej\IdeaProjects\PetMarkProject\out\artifacts\PetMarkWeb_war_exploded\WEB-INF\db\MarkPet.odb' is opened by 15956@DESKTOP-7GOSAU4

[2017-08-02 10:57:57 #2 type] 
Type websites.WebSite is not enhanced.

[2017-08-02 10:57:57 #3 type] 
Type Products.Product is not enhanced.

[2017-08-02 11:16:44 #4 store] 
Database 'C:\Users\davej\IdeaProjects\PetMarkProject\out\artifacts\PetMarkWeb_war_exploded\WEB-INF\db\MarkPet.odb' is closed by 15956@DESKTOP-7GOSAU4

------------------------------------------------------------------------------------------------------------------------

[2017-08-02 11:41:30 #1 store] 
Database 'C:\Users\davej\IdeaProjects\PetMarkProject\out\artifacts\PetMarkWeb_war_exploded\WEB-INF\db\MarkPet.odb' is opened by 8436@DESKTOP-7GOSAU4

[2017-08-02 11:41:30 #2 type] 
Type websites.WebSite is not enhanced.

[2017-08-02 11:41:30 #3 type] 
Type Products.Product is not enhanced.

[2017-08-02 11:49:46 #4 store] 
Database 'C:\Users\davej\IdeaProjects\PetMarkProject\out\artifacts\PetMarkWeb_war_exploded\WEB-INF\db\MarkPet.odb' is closed by 8436@DESKTOP-7GOSAU4

------------------------------------------------------------------------------------------------------------------------

[2017-08-02 11:50:17 #1 store] 
Database 'C:\Users\davej\IdeaProjects\PetMarkProject\out\artifacts\PetMarkWeb_war_exploded\WEB-INF\db\MarkPet.odb' is opened by 18972@DESKTOP-7GOSAU4

[2017-08-02 11:50:17 #2 type] 
Type websites.WebSite is not enhanced.

[2017-08-02 11:50:17 #3 type] 
Type Products.Product is not enhanced.

[2017-08-02 13:22:21 #4 store] 
Database 'C:\Users\davej\IdeaProjects\PetMarkProject\out\artifacts\PetMarkWeb_war_exploded\WEB-INF\db\MarkPet.odb' is closed by 18972@DESKTOP-7GOSAU4

------------------------------------------------------------------------------------------------------------------------

[2017-08-02 13:22:56 #1 store] 
Database 'C:\Users\davej\IdeaProjects\PetMarkProject\out\artifacts\PetMarkWeb_war_exploded\WEB-INF\db\MarkPet.odb' is opened by 12136@DESKTOP-7GOSAU4

[2017-08-02 13:22:56 #2 type] 
Type websites.WebSite is not enhanced.

[2017-08-02 13:22:56 #3 type] 
Type Products.Product is not enhanced.

[2017-08-02 13:26:44 #4 store] 
Database 'C:\Users\davej\IdeaProjects\PetMarkProject\out\artifacts\PetMarkWeb_war_exploded\WEB-INF\db\MarkPet.odb' is closed by 12136@DESKTOP-7GOSAU4

------------------------------------------------------------------------------------------------------------------------

[2017-08-02 13:28:15 #1 store] 
Database 'C:\Users\davej\IdeaProjects\PetMarkProject\out\artifacts\PetMarkWeb_war_exploded\WEB-INF\db\MarkPet.odb' is opened by 10052@DESKTOP-7GOSAU4

[2017-08-02 13:28:15 #2 type] 
Type websites.WebSite is not enhanced.

[2017-08-02 13:28:15 #3 type] 
Type Products.Product is not enhanced.

[2017-08-02 13:42:37 #4 store] 
Database 'C:\Users\davej\IdeaProjects\PetMarkProject\out\artifacts\PetMarkWeb_war_exploded\WEB-INF\db\MarkPet.odb' is closed by 10052@DESKTOP-7GOSAU4

------------------------------------------------------------------------------------------------------------------------

[2017-08-02 14:12:34 #1 store] 
Database 'C:\Users\davej\IdeaProjects\PetMarkProject\out\artifacts\PetMarkWeb_war_exploded\WEB-INF\db\MarkPet.odb' is opened by 27564@DESKTOP-7GOSAU4

[2017-08-02 14:12:34 #2 type] 
Type websites.WebSite is not enhanced.

[2017-08-02 14:12:34 #3 type] 
Type Products.Product is not enhanced.

[2017-08-02 14:31:22 #4 store] 
Database 'C:\Users\davej\IdeaProjects\PetMarkProject\out\artifacts\PetMarkWeb_war_exploded\WEB-INF\db\MarkPet.odb' is closed by 27564@DESKTOP-7GOSAU4

------------------------------------------------------------------------------------------------------------------------

[2017-08-02 14:51:41 #1 store] 
Database 'C:\Users\davej\IdeaProjects\PetMarkProject\out\artifacts\PetMarkWeb_war_exploded\WEB-INF\db\MarkPet2.odb' is opened by 4312@DESKTOP-7GOSAU4

[2017-08-02 14:51:41 #2 type.registry] 
New type websites.WebSite

[2017-08-02 14:51:41 #3 type] 
Type websites.WebSite is not enhanced.

[2017-08-02 15:08:40 #4 type.registry] 
New type Products.Product

[2017-08-02 15:08:40 #5 type] 
Type Products.Product is not enhanced.

[2017-08-02 15:08:55 #6 store] 
Database 'C:\Users\davej\IdeaProjects\PetMarkProject\out\artifacts\PetMarkWeb_war_exploded\WEB-INF\db\MarkPet2.odb' is closed by 4312@DESKTOP-7GOSAU4

------------------------------------------------------------------------------------------------------------------------

[2017-08-02 15:23:24 #1 store] 
Database 'C:\Users\davej\IdeaProjects\PetMarkProject\out\artifacts\PetMarkWeb_war_exploded\WEB-INF\db\MarkPet2.odb' has been recovered (tr. 6-6)

[2017-08-02 15:23:24 #2 store] 
Database 'C:\Users\davej\IdeaProjects\PetMarkProject\out\artifacts\PetMarkWeb_war_exploded\WEB-INF\db\MarkPet2.odb' is opened by 22312@DESKTOP-7GOSAU4

[2017-08-02 15:23:25 #3 type] 
Type websites.WebSite is not enhanced.

[2017-08-02 15:23:25 #4 type] 
Type Products.Product is not enhanced.

[2017-08-02 15:27:35 #5 store] 
Database 'C:\Users\davej\IdeaProjects\PetMarkProject\out\artifacts\PetMarkWeb_war_exploded\WEB-INF\db\MarkPet2.odb' is closed by 22312@DESKTOP-7GOSAU4

------------------------------------------------------------------------------------------------------------------------

[2017-08-02 15:28:14 #1 store] 
Database 'C:\Users\davej\IdeaProjects\PetMarkProject\out\artifacts\PetMarkWeb_war_exploded\WEB-INF\db\MarkPet2.odb' is opened by 27892@DESKTOP-7GOSAU4

[2017-08-02 15:28:14 #2 type] 
Type websites.WebSite is not enhanced.

[2017-08-02 15:28:14 #3 type] 
Type Products.Product is not enhanced.

[2017-08-02 15:30:27 #4 store] 
Database 'C:\Users\davej\IdeaProjects\PetMarkProject\out\artifacts\PetMarkWeb_war_exploded\WEB-INF\db\MarkPet2.odb' is closed by 27892@DESKTOP-7GOSAU4

------------------------------------------------------------------------------------------------------------------------

[2017-08-02 17:21:39 #1 store] 
Database 'C:\Users\davej\IdeaProjects\PetMarkProject\out\artifacts\PetMarkWeb_war_exploded\WEB-INF\db\MarkPet2.odb' is opened by 7340@DESKTOP-7GOSAU4

[2017-08-02 17:21:39 #2 type] 
Type websites.WebSite is not enhanced.

[2017-08-02 17:21:39 #3 type] 
Type Products.Product is not enhanced.

[2017-08-02 17:28:45 #4 *] 
java.lang.NullPointerException
	at com.objectdb.o.TYH.x(TYH.java:372)
	at com.objectdb.o.QUN.v(QUN.java:354)
	at com.objectdb.o.PTN.aj(PTN.java:354)
	at com.objectdb.o.BNN$aA.<init>(BNN.java:362)
	at com.objectdb.o.BNN.av(BNN.java:54)
	at com.objectdb.o.QNF.v(QNF.java:663)
	at com.objectdb.o.QNF.k(QNF.java:237)
	at com.objectdb.o.QNF.J(QNF.java:1352)
	at com.objectdb.o.QNF.s(QNF.java:582)
	at com.objectdb.o.QNF.k(QNF.java:200)
	at com.objectdb.o.QNF.j(QNF.java:134)
	at com.objectdb.o.QRC.D(QRC.java:348)
	at com.objectdb.o.QRC.z(QRC.java:237)
	at com.objectdb.o.QRC.y(QRC.java:188)
	at com.objectdb.o.QRM.U9(QRM.java:272)
	at com.objectdb.o.MST.U9(MST.java:988)
	at com.objectdb.o.WRA.U9(WRA.java:311)
	at com.objectdb.o.WSM.U9(WSM.java:115)
	at com.objectdb.o.QRR.g(QRR.java:247)
	at com.objectdb.o.QRR.f(QRR.java:153)
	at com.objectdb.jpa.JpaQuery.getResultList(JpaQuery.java:719)
	at Servlets.SearchServlet.doGet(SearchServlet.java:63)
	at javax.servlet.http.HttpServlet.service(HttpServlet.java:624)
	at javax.servlet.http.HttpServlet.service(HttpServlet.java:731)
	at org.apache.catalina.core.ApplicationFilterChain.internalDoFilter(ApplicationFilterChain.java:303)
	at org.apache.catalina.core.ApplicationFilterChain.doFilter(ApplicationFilterChain.java:208)
	at org.apache.tomcat.websocket.server.WsFilter.doFilter(WsFilter.java:52)
	at org.apache.catalina.core.ApplicationFilterChain.internalDoFilter(ApplicationFilterChain.java:241)
	at org.apache.catalina.core.ApplicationFilterChain.doFilter(ApplicationFilterChain.java:208)
	at org.apache.catalina.core.StandardWrapperValve.invoke(StandardWrapperValve.java:218)
	at org.apache.catalina.core.StandardContextValve.invoke(StandardContextValve.java:110)
	at org.apache.catalina.authenticator.AuthenticatorBase.invoke(AuthenticatorBase.java:506)
	at org.apache.catalina.core.StandardHostValve.invoke(StandardHostValve.java:169)
	at org.apache.catalina.valves.ErrorReportValve.invoke(ErrorReportValve.java:103)
	at org.apache.catalina.valves.AccessLogValve.invoke(AccessLogValve.java:962)
	at org.apache.catalina.core.StandardEngineValve.invoke(StandardEngineValve.java:116)
	at org.apache.catalina.connector.CoyoteAdapter.service(CoyoteAdapter.java:452)
	at org.apache.coyote.http11.AbstractHttp11Processor.process(AbstractHttp11Processor.java:1087)
	at org.apache.coyote.AbstractProtocol$AbstractConnectionHandler.process(AbstractProtocol.java:637)
	at org.apache.tomcat.util.net.JIoEndpoint$SocketProcessor.run(JIoEndpoint.java:318)
	at java.util.concurrent.ThreadPoolExecutor.runWorker(ThreadPoolExecutor.java:1142)
	at java.util.concurrent.ThreadPoolExecutor$Worker.run(ThreadPoolExecutor.java:617)
	at org.apache.tomcat.util.threads.TaskThread$WrappingRunnable.run(TaskThread.java:61)
	at java.lang.Thread.run(Thread.java:745)

[2017-08-02 18:38:57 #5 store] 
Database 'C:\Users\davej\IdeaProjects\PetMarkProject\out\artifacts\PetMarkWeb_war_exploded\WEB-INF\db\MarkPet2.odb' is closed by 7340@DESKTOP-7GOSAU4

------------------------------------------------------------------------------------------------------------------------

[2017-08-02 18:39:35 #1 store] 
Database 'C:\Users\davej\IdeaProjects\PetMarkProject\out\artifacts\PetMarkWeb_war_exploded\WEB-INF\db\MarkPet2.odb' is opened by 8500@DESKTOP-7GOSAU4

[2017-08-02 18:39:35 #2 type] 
Type websites.WebSite is not enhanced.

[2017-08-02 18:39:35 #3 type] 
Type Products.Product is not enhanced.

[2017-08-02 18:52:50 #4 store] 
Database 'C:\Users\davej\IdeaProjects\PetMarkProject\out\artifacts\PetMarkWeb_war_exploded\WEB-INF\db\MarkPet2.odb' is closed by 8500@DESKTOP-7GOSAU4

------------------------------------------------------------------------------------------------------------------------

[2017-08-02 19:10:20 #1 store] 
Database 'C:\Users\davej\IdeaProjects\PetMarkProject\out\artifacts\PetMarkWeb_war_exploded\WEB-INF\db\MarkPet2.odb' is opened by 25036@DESKTOP-7GOSAU4

[2017-08-02 19:10:20 #2 type] 
Type websites.WebSite is not enhanced.

[2017-08-02 19:10:20 #3 type] 
Type Products.Product is not enhanced.

[2017-08-02 19:21:42 #4 store] 
Database 'C:\Users\davej\IdeaProjects\PetMarkProject\out\artifacts\PetMarkWeb_war_exploded\WEB-INF\db\MarkPet2.odb' is closed by 25036@DESKTOP-7GOSAU4

------------------------------------------------------------------------------------------------------------------------

[2017-08-02 19:22:25 #1 store] 
Database 'C:\Users\davej\IdeaProjects\PetMarkProject\out\artifacts\PetMarkWeb_war_exploded\WEB-INF\db\MarkPet2.odb' is opened by 22384@DESKTOP-7GOSAU4

[2017-08-02 19:22:25 #2 type] 
Type websites.WebSite is not enhanced.

[2017-08-02 19:22:25 #3 type] 
Type Products.Product is not enhanced.

[2017-08-02 19:30:10 #4 store] 
Database 'C:\Users\davej\IdeaProjects\PetMarkProject\out\artifacts\PetMarkWeb_war_exploded\WEB-INF\db\MarkPet2.odb' is closed by 22384@DESKTOP-7GOSAU4

------------------------------------------------------------------------------------------------------------------------

[2017-08-02 20:43:57 #1 store] 
Database 'C:\Users\davej\IdeaProjects\PetMarkProject\out\artifacts\PetMarkWeb_war_exploded\WEB-INF\db\MarkPet2.odb' is opened by 13240@DESKTOP-7GOSAU4

[2017-08-02 20:43:57 #2 type] 
Type websites.WebSite is not enhanced.

[2017-08-02 20:43:57 #3 type] 
Type Products.Product is not enhanced.

[2017-08-02 20:59:18 #4 store] 
Database 'C:\Users\davej\IdeaProjects\PetMarkProject\out\artifacts\PetMarkWeb_war_exploded\WEB-INF\db\MarkPet2.odb' is closed by 13240@DESKTOP-7GOSAU4

------------------------------------------------------------------------------------------------------------------------

[2017-08-02 21:22:38 #1 store] 
Database 'C:\Users\davej\IdeaProjects\PetMarkProject\out\artifacts\PetMarkWeb_war_exploded\WEB-INF\db\MarkPet2.odb' is opened by 17660@DESKTOP-7GOSAU4

[2017-08-02 21:22:38 #2 type] 
Type websites.WebSite is not enhanced.

[2017-08-02 21:22:38 #3 type] 
Type Products.Product is not enhanced.

[2017-08-02 22:30:11 #4 store] 
Database 'C:\Users\davej\IdeaProjects\PetMarkProject\out\artifacts\PetMarkWeb_war_exploded\WEB-INF\db\MarkPet2.odb' is closed by 17660@DESKTOP-7GOSAU4

