------------------------------------------------------------------------------------------------------------------------

[2017-08-20 14:53:29 #1 store] 
Database 'C:\Users\davej\IdeaProjects\PetMarkProject\out\artifacts\PetMarkWeb_war_exploded\WEB-INF\db\MarkPet2.odb' is opened by 12540@DESKTOP-7GOSAU4

[2017-08-20 14:53:29 #2 type] 
Type websites.WebSite is not enhanced.

[2017-08-20 14:53:29 #3 type] 
Type Products.Product is not enhanced.

[2017-08-20 14:53:29 #4 type] 
Type Products.ProductModel is not enhanced.

[2017-08-20 14:53:29 #5 type] 
Type Products.ProductCompare is not enhanced.

[2017-08-20 15:32:55 #6 store] 
Database 'C:\Users\davej\IdeaProjects\PetMarkProject\out\artifacts\PetMarkWeb_war_exploded\WEB-INF\db\MarkPet2.odb' is closed by 12540@DESKTOP-7GOSAU4

------------------------------------------------------------------------------------------------------------------------

[2017-08-20 15:37:50 #1 store] 
Database 'C:\Users\davej\IdeaProjects\PetMarkProject\out\artifacts\PetMarkWeb_war_exploded\WEB-INF\db\MarkPet2.odb' is opened by 10924@DESKTOP-7GOSAU4

[2017-08-20 15:37:50 #2 type] 
Type websites.WebSite is not enhanced.

[2017-08-20 15:37:50 #3 type] 
Type Products.Product is not enhanced.

[2017-08-20 15:37:50 #4 type] 
Type Products.ProductModel is not enhanced.

[2017-08-20 15:37:50 #5 type] 
Type Products.ProductCompare is not enhanced.

[2017-08-20 18:15:42 #6 store] 
Database 'C:\Users\davej\IdeaProjects\PetMarkProject\out\artifacts\PetMarkWeb_war_exploded\WEB-INF\db\MarkPet2.odb' is closed by 10924@DESKTOP-7GOSAU4

