------------------------------------------------------------------------------------------------------------------------

[2017-08-07 14:05:08 #1 store] 
Database 'C:\Users\davej\IdeaProjects\PetMarkProject\out\artifacts\PetMarkWeb_war_exploded\WEB-INF\db\MarkPet2.odb' is opened by 16052@DESKTOP-7GOSAU4

[2017-08-07 14:05:08 #2 type] 
Type websites.WebSite is not enhanced.

[2017-08-07 14:05:08 #3 type] 
Type Products.Product is not enhanced.

[2017-08-07 14:39:33 #4 store] 
Database 'C:\Users\davej\IdeaProjects\PetMarkProject\out\artifacts\PetMarkWeb_war_exploded\WEB-INF\db\MarkPet2.odb' is closed by 16052@DESKTOP-7GOSAU4

------------------------------------------------------------------------------------------------------------------------

[2017-08-07 14:49:46 #1 store] 
Database 'C:\Users\davej\IdeaProjects\PetMarkProject\out\artifacts\PetMarkWeb_war_exploded\WEB-INF\db\MarkPet2.odb' is opened by 2356@DESKTOP-7GOSAU4

[2017-08-07 14:49:46 #2 type] 
Type websites.WebSite is not enhanced.

[2017-08-07 14:49:46 #3 type] 
Type Products.Product is not enhanced.

[2017-08-07 15:22:05 #4 store] 
Database 'C:\Users\davej\IdeaProjects\PetMarkProject\out\artifacts\PetMarkWeb_war_exploded\WEB-INF\db\MarkPet2.odb' is closed by 2356@DESKTOP-7GOSAU4

------------------------------------------------------------------------------------------------------------------------

[2017-08-07 15:22:32 #1 store] 
Database 'C:\Users\davej\IdeaProjects\PetMarkProject\out\artifacts\PetMarkWeb_war_exploded\WEB-INF\db\MarkPet2.odb' is opened by 20500@DESKTOP-7GOSAU4

[2017-08-07 15:22:32 #2 type] 
Type websites.WebSite is not enhanced.

[2017-08-07 15:22:32 #3 type] 
Type Products.Product is not enhanced.

[2017-08-07 16:01:42 #4 store] 
Database 'C:\Users\davej\IdeaProjects\PetMarkProject\out\artifacts\PetMarkWeb_war_exploded\WEB-INF\db\MarkPet2.odb' is closed by 20500@DESKTOP-7GOSAU4

------------------------------------------------------------------------------------------------------------------------

[2017-08-07 16:02:37 #1 store] 
Database 'C:\Users\davej\IdeaProjects\PetMarkProject\out\artifacts\PetMarkWeb_war_exploded\WEB-INF\db\MarkPet2.odb' is opened by 18992@DESKTOP-7GOSAU4

[2017-08-07 16:02:37 #2 type] 
Type websites.WebSite is not enhanced.

[2017-08-07 16:02:37 #3 type] 
Type Products.Product is not enhanced.

[2017-08-07 16:03:32 #4 store] 
Database 'C:\Users\davej\IdeaProjects\PetMarkProject\out\artifacts\PetMarkWeb_war_exploded\WEB-INF\db\MarkPet2.odb' is closed by 18992@DESKTOP-7GOSAU4

------------------------------------------------------------------------------------------------------------------------

[2017-08-07 16:07:19 #1 store] 
Database 'C:\Users\davej\IdeaProjects\PetMarkProject\out\artifacts\PetMarkWeb_war_exploded\WEB-INF\db\MarkPet2.odb' is opened by 7664@DESKTOP-7GOSAU4

[2017-08-07 16:07:19 #2 type] 
Type websites.WebSite is not enhanced.

[2017-08-07 16:07:19 #3 type] 
Type Products.Product is not enhanced.

[2017-08-07 16:18:19 #4 store] 
Database 'C:\Users\davej\IdeaProjects\PetMarkProject\out\artifacts\PetMarkWeb_war_exploded\WEB-INF\db\MarkPet2.odb' is closed by 7664@DESKTOP-7GOSAU4

------------------------------------------------------------------------------------------------------------------------

[2017-08-07 16:19:21 #1 store] 
Database 'C:\Users\davej\IdeaProjects\PetMarkProject\out\artifacts\PetMarkWeb_war_exploded\WEB-INF\db\MarkPet2.odb' is opened by 12700@DESKTOP-7GOSAU4

[2017-08-07 16:19:21 #2 type] 
Type websites.WebSite is not enhanced.

[2017-08-07 16:19:21 #3 type] 
Type Products.Product is not enhanced.

[2017-08-07 16:51:59 #4 store] 
Database 'C:\Users\davej\IdeaProjects\PetMarkProject\out\artifacts\PetMarkWeb_war_exploded\WEB-INF\db\MarkPet2.odb' is closed by 12700@DESKTOP-7GOSAU4

------------------------------------------------------------------------------------------------------------------------

[2017-08-07 16:55:08 #1 store] 
Database 'C:\Users\davej\IdeaProjects\PetMarkProject\out\artifacts\PetMarkWeb_war_exploded\WEB-INF\db\MarkPet2.odb' is opened by 23748@DESKTOP-7GOSAU4

[2017-08-07 16:55:08 #2 type] 
Type websites.WebSite is not enhanced.

[2017-08-07 16:55:08 #3 type] 
Type Products.Product is not enhanced.

[2017-08-08 15:01:13 #4 store] 
Database 'C:\Users\davej\IdeaProjects\PetMarkProject\out\artifacts\PetMarkWeb_war_exploded\WEB-INF\db\MarkPet2.odb' is closed by 23748@DESKTOP-7GOSAU4

