------------------------------------------------------------------------------------------------------------------------

[2017-09-05 14:00:01 #1 store] 
Database 'C:\Users\davej\IdeaProjects\PetMarkProject\out\artifacts\PetMarkWeb_war_exploded\WEB-INF\db\MarkPet2.odb' is opened by 16996@DESKTOP-7GOSAU4

[2017-09-05 14:00:01 #2 type] 
Type websites.WebSite is not enhanced.

[2017-09-05 14:00:01 #3 type] 
Type Products.Product is not enhanced.

[2017-09-05 14:00:01 #4 type] 
Type Products.ProductModel is not enhanced.

[2017-09-05 14:00:01 #5 type] 
Type Products.ProductCompare is not enhanced.

[2017-09-05 14:00:01 #6 type] 
Type Comments.Comment is not enhanced.

[2017-09-05 14:00:01 #7 type] 
Type DataBase.User is not enhanced.

[2017-09-05 14:28:54 #8 store] 
Database 'C:\Users\davej\IdeaProjects\PetMarkProject\out\artifacts\PetMarkWeb_war_exploded\WEB-INF\db\MarkPet2.odb' is closed by 16996@DESKTOP-7GOSAU4

------------------------------------------------------------------------------------------------------------------------

[2017-09-05 14:34:51 #1 store] 
Database 'C:\Users\davej\IdeaProjects\PetMarkProject\out\artifacts\PetMarkWeb_war_exploded\WEB-INF\db\MarkPet2.odb' is opened by 15664@DESKTOP-7GOSAU4

[2017-09-05 14:34:51 #2 type] 
Type websites.WebSite is not enhanced.

[2017-09-05 14:34:51 #3 type] 
Type Products.Product is not enhanced.

[2017-09-05 14:34:52 #4 type] 
Type Products.ProductModel is not enhanced.

[2017-09-05 14:34:52 #5 type] 
Type Products.ProductCompare is not enhanced.

[2017-09-05 14:34:52 #6 type] 
Type Comments.Comment is not enhanced.

[2017-09-05 14:34:52 #7 type] 
Type DataBase.User is not enhanced.

[2017-09-05 14:36:12 #8 store] 
Database 'C:\Users\davej\IdeaProjects\PetMarkProject\out\artifacts\PetMarkWeb_war_exploded\WEB-INF\db\MarkPet2.odb' is closed by 15664@DESKTOP-7GOSAU4

------------------------------------------------------------------------------------------------------------------------

[2017-09-05 14:38:56 #1 store] 
Database 'C:\Users\davej\IdeaProjects\PetMarkProject\out\artifacts\PetMarkWeb_war_exploded\WEB-INF\db\MarkPet2.odb' is opened by 10680@DESKTOP-7GOSAU4

[2017-09-05 14:38:57 #2 type] 
Type websites.WebSite is not enhanced.

[2017-09-05 14:38:57 #3 type] 
Type Products.Product is not enhanced.

[2017-09-05 14:38:57 #4 type] 
Type Products.ProductModel is not enhanced.

[2017-09-05 14:38:57 #5 type] 
Type Products.ProductCompare is not enhanced.

[2017-09-05 14:38:57 #6 type] 
Type Comments.Comment is not enhanced.

[2017-09-05 14:38:57 #7 type] 
Type DataBase.User is not enhanced.

[2017-09-05 14:40:15 #8 store] 
Database 'C:\Users\davej\IdeaProjects\PetMarkProject\out\artifacts\PetMarkWeb_war_exploded\WEB-INF\db\MarkPet2.odb' is closed by 10680@DESKTOP-7GOSAU4

------------------------------------------------------------------------------------------------------------------------

[2017-09-05 14:43:21 #1 store] 
Database 'C:\Users\davej\IdeaProjects\PetMarkProject\out\artifacts\PetMarkWeb_war_exploded\WEB-INF\db\MarkPet2.odb' is opened by 17124@DESKTOP-7GOSAU4

[2017-09-05 14:43:22 #2 type] 
Type websites.WebSite is not enhanced.

[2017-09-05 14:43:22 #3 type] 
Type Products.Product is not enhanced.

[2017-09-05 14:43:22 #4 type] 
Type Products.ProductModel is not enhanced.

[2017-09-05 14:43:22 #5 type] 
Type Products.ProductCompare is not enhanced.

[2017-09-05 14:43:22 #6 type] 
Type Comments.Comment is not enhanced.

[2017-09-05 14:43:22 #7 type] 
Type DataBase.User is not enhanced.

[2017-09-05 15:09:39 #8 store] 
Database 'C:\Users\davej\IdeaProjects\PetMarkProject\out\artifacts\PetMarkWeb_war_exploded\WEB-INF\db\MarkPet2.odb' is closed by 17124@DESKTOP-7GOSAU4

------------------------------------------------------------------------------------------------------------------------

[2017-09-05 15:29:33 #1 store] 
Database 'C:\Users\davej\IdeaProjects\PetMarkProject\out\artifacts\PetMarkWeb_war_exploded\WEB-INF\db\MarkPet2.odb' is opened by 15872@DESKTOP-7GOSAU4

[2017-09-05 15:29:33 #2 type] 
Type websites.WebSite is not enhanced.

[2017-09-05 15:29:33 #3 type] 
Type Products.Product is not enhanced.

[2017-09-05 15:29:33 #4 type] 
Type Products.ProductModel is not enhanced.

[2017-09-05 15:29:33 #5 type] 
Type Products.ProductCompare is not enhanced.

[2017-09-05 15:29:33 #6 type] 
Type Comments.Comment is not enhanced.

[2017-09-05 15:29:33 #7 type] 
Type DataBase.User is not enhanced.

[2017-09-05 15:29:54 #8 store] 
Database 'C:\Users\davej\IdeaProjects\PetMarkProject\out\artifacts\PetMarkWeb_war_exploded\WEB-INF\db\MarkPet2.odb' is closed by 15872@DESKTOP-7GOSAU4

------------------------------------------------------------------------------------------------------------------------

[2017-09-05 15:37:19 #1 store] 
Database 'C:\Users\davej\IdeaProjects\PetMarkProject\out\artifacts\PetMarkWeb_war_exploded\WEB-INF\db\MarkPet2.odb' is opened by 16900@DESKTOP-7GOSAU4

[2017-09-05 15:37:19 #2 type] 
Type websites.WebSite is not enhanced.

[2017-09-05 15:37:19 #3 type] 
Type Products.Product is not enhanced.

[2017-09-05 15:37:19 #4 type] 
Type Products.ProductModel is not enhanced.

[2017-09-05 15:37:19 #5 type] 
Type Products.ProductCompare is not enhanced.

[2017-09-05 15:37:19 #6 type] 
Type Comments.Comment is not enhanced.

[2017-09-05 15:37:19 #7 type] 
Type DataBase.User is not enhanced.

[2017-09-05 15:38:27 #8 store] 
Database 'C:\Users\davej\IdeaProjects\PetMarkProject\out\artifacts\PetMarkWeb_war_exploded\WEB-INF\db\MarkPet2.odb' is closed by 16900@DESKTOP-7GOSAU4

------------------------------------------------------------------------------------------------------------------------

[2017-09-05 15:45:14 #1 store] 
Database 'C:\Users\davej\IdeaProjects\PetMarkProject\out\artifacts\PetMarkWeb_war_exploded\WEB-INF\db\MarkPet2.odb' is opened by 10224@DESKTOP-7GOSAU4

[2017-09-05 15:45:14 #2 type] 
Type websites.WebSite is not enhanced.

[2017-09-05 15:45:14 #3 type] 
Type Products.Product is not enhanced.

[2017-09-05 15:45:14 #4 type] 
Type Products.ProductModel is not enhanced.

[2017-09-05 15:45:14 #5 type] 
Type Products.ProductCompare is not enhanced.

[2017-09-05 15:45:14 #6 type] 
Type Comments.Comment is not enhanced.

[2017-09-05 15:45:14 #7 type] 
Type DataBase.User is not enhanced.

[2017-09-05 15:52:22 #8 store] 
Database 'C:\Users\davej\IdeaProjects\PetMarkProject\out\artifacts\PetMarkWeb_war_exploded\WEB-INF\db\MarkPet2.odb' is closed by 10224@DESKTOP-7GOSAU4

------------------------------------------------------------------------------------------------------------------------

[2017-09-05 15:53:57 #1 store] 
Database 'C:\Users\davej\IdeaProjects\PetMarkProject\out\artifacts\PetMarkWeb_war_exploded\WEB-INF\db\MarkPet2.odb' is opened by 17184@DESKTOP-7GOSAU4

[2017-09-05 15:53:57 #2 type] 
Type websites.WebSite is not enhanced.

[2017-09-05 15:53:57 #3 type] 
Type Products.Product is not enhanced.

[2017-09-05 15:53:57 #4 type] 
Type Products.ProductModel is not enhanced.

[2017-09-05 15:53:57 #5 type] 
Type Products.ProductCompare is not enhanced.

[2017-09-05 15:53:57 #6 type] 
Type Comments.Comment is not enhanced.

[2017-09-05 15:53:57 #7 type] 
Type DataBase.User is not enhanced.

[2017-09-05 15:55:51 #8 store] 
Database 'C:\Users\davej\IdeaProjects\PetMarkProject\out\artifacts\PetMarkWeb_war_exploded\WEB-INF\db\MarkPet2.odb' is closed by 17184@DESKTOP-7GOSAU4

------------------------------------------------------------------------------------------------------------------------

[2017-09-05 16:21:45 #1 store] 
Database 'C:\Users\davej\IdeaProjects\PetMarkProject\out\artifacts\PetMarkWeb_war_exploded\WEB-INF\db\MarkPet2.odb' is opened by 908@DESKTOP-7GOSAU4

[2017-09-05 16:21:45 #2 type] 
Type websites.WebSite is not enhanced.

[2017-09-05 16:21:45 #3 type] 
Type Products.Product is not enhanced.

[2017-09-05 16:21:45 #4 type] 
Type Products.ProductModel is not enhanced.

[2017-09-05 16:21:45 #5 type] 
Type Products.ProductCompare is not enhanced.

[2017-09-05 16:21:45 #6 type] 
Type Comments.Comment is not enhanced.

[2017-09-05 16:21:45 #7 type] 
Type DataBase.User is not enhanced.

[2017-09-05 16:22:29 #8 store] 
Database 'C:\Users\davej\IdeaProjects\PetMarkProject\out\artifacts\PetMarkWeb_war_exploded\WEB-INF\db\MarkPet2.odb' is closed by 908@DESKTOP-7GOSAU4

------------------------------------------------------------------------------------------------------------------------

[2017-09-05 16:27:35 #1 store] 
Database 'C:\Users\davej\IdeaProjects\PetMarkProject\out\artifacts\PetMarkWeb_war_exploded\WEB-INF\db\MarkPet2.odb' is opened by 15096@DESKTOP-7GOSAU4

[2017-09-05 16:27:36 #2 type] 
Type websites.WebSite is not enhanced.

[2017-09-05 16:27:36 #3 type] 
Type Products.Product is not enhanced.

[2017-09-05 16:27:36 #4 type] 
Type Products.ProductModel is not enhanced.

[2017-09-05 16:27:36 #5 type] 
Type Products.ProductCompare is not enhanced.

[2017-09-05 16:27:36 #6 type] 
Type Comments.Comment is not enhanced.

[2017-09-05 16:27:36 #7 type] 
Type DataBase.User is not enhanced.

[2017-09-05 16:47:59 #8 store] 
Database 'C:\Users\davej\IdeaProjects\PetMarkProject\out\artifacts\PetMarkWeb_war_exploded\WEB-INF\db\MarkPet2.odb' is closed by 15096@DESKTOP-7GOSAU4

------------------------------------------------------------------------------------------------------------------------

[2017-09-05 16:49:24 #1 store] 
Database 'C:\Users\davej\IdeaProjects\PetMarkProject\out\artifacts\PetMarkWeb_war_exploded\WEB-INF\db\MarkPet2.odb' is opened by 11392@DESKTOP-7GOSAU4

[2017-09-05 16:49:24 #2 type] 
Type websites.WebSite is not enhanced.

[2017-09-05 16:49:24 #3 type] 
Type Products.Product is not enhanced.

[2017-09-05 16:49:24 #4 type] 
Type Products.ProductModel is not enhanced.

[2017-09-05 16:49:24 #5 type] 
Type Products.ProductCompare is not enhanced.

[2017-09-05 16:49:24 #6 type] 
Type Comments.Comment is not enhanced.

[2017-09-05 16:49:24 #7 type] 
Type DataBase.User is not enhanced.

[2017-09-05 17:07:16 #8 store] 
Database 'C:\Users\davej\IdeaProjects\PetMarkProject\out\artifacts\PetMarkWeb_war_exploded\WEB-INF\db\MarkPet2.odb' is closed by 11392@DESKTOP-7GOSAU4

------------------------------------------------------------------------------------------------------------------------

[2017-09-05 17:13:09 #1 store] 
Database 'C:\Users\davej\IdeaProjects\PetMarkProject\out\artifacts\PetMarkWeb_war_exploded\WEB-INF\db\MarkPet2.odb' is opened by 7672@DESKTOP-7GOSAU4

[2017-09-05 17:13:09 #2 type] 
Type websites.WebSite is not enhanced.

[2017-09-05 17:13:09 #3 type] 
Type Products.Product is not enhanced.

[2017-09-05 17:13:09 #4 type] 
Type Products.ProductModel is not enhanced.

[2017-09-05 17:13:09 #5 type] 
Type Products.ProductCompare is not enhanced.

[2017-09-05 17:13:09 #6 type] 
Type Comments.Comment is not enhanced.

[2017-09-05 17:13:09 #7 type] 
Type DataBase.User is not enhanced.

[2017-09-05 17:14:08 #8 store] 
Database 'C:\Users\davej\IdeaProjects\PetMarkProject\out\artifacts\PetMarkWeb_war_exploded\WEB-INF\db\MarkPet2.odb' is closed by 7672@DESKTOP-7GOSAU4

------------------------------------------------------------------------------------------------------------------------

[2017-09-05 17:17:47 #1 store] 
Database 'C:\Users\davej\IdeaProjects\PetMarkProject\out\artifacts\PetMarkWeb_war_exploded\WEB-INF\db\MarkPet2.odb' is opened by 17524@DESKTOP-7GOSAU4

[2017-09-05 17:17:48 #2 type] 
Type websites.WebSite is not enhanced.

[2017-09-05 17:17:48 #3 type] 
Type Products.Product is not enhanced.

[2017-09-05 17:17:48 #4 type] 
Type Products.ProductModel is not enhanced.

[2017-09-05 17:17:48 #5 type] 
Type Products.ProductCompare is not enhanced.

[2017-09-05 17:17:48 #6 type] 
Type Comments.Comment is not enhanced.

[2017-09-05 17:17:48 #7 type] 
Type DataBase.User is not enhanced.

[2017-09-05 17:18:57 #8 store] 
Database 'C:\Users\davej\IdeaProjects\PetMarkProject\out\artifacts\PetMarkWeb_war_exploded\WEB-INF\db\MarkPet2.odb' is closed by 17524@DESKTOP-7GOSAU4

------------------------------------------------------------------------------------------------------------------------

[2017-09-05 17:20:29 #1 store] 
Database 'C:\Users\davej\IdeaProjects\PetMarkProject\out\artifacts\PetMarkWeb_war_exploded\WEB-INF\db\MarkPet2.odb' is opened by 14360@DESKTOP-7GOSAU4

[2017-09-05 17:20:29 #2 type] 
Type websites.WebSite is not enhanced.

[2017-09-05 17:20:29 #3 type] 
Type Products.Product is not enhanced.

[2017-09-05 17:20:29 #4 type] 
Type Products.ProductModel is not enhanced.

[2017-09-05 17:20:29 #5 type] 
Type Products.ProductCompare is not enhanced.

[2017-09-05 17:20:29 #6 type] 
Type Comments.Comment is not enhanced.

[2017-09-05 17:20:29 #7 type] 
Type DataBase.User is not enhanced.

[2017-09-05 17:22:17 #8 store] 
Database 'C:\Users\davej\IdeaProjects\PetMarkProject\out\artifacts\PetMarkWeb_war_exploded\WEB-INF\db\MarkPet2.odb' is closed by 14360@DESKTOP-7GOSAU4

------------------------------------------------------------------------------------------------------------------------

[2017-09-05 17:23:08 #1 store] 
Database 'C:\Users\davej\IdeaProjects\PetMarkProject\out\artifacts\PetMarkWeb_war_exploded\WEB-INF\db\MarkPet2.odb' is opened by 16840@DESKTOP-7GOSAU4

[2017-09-05 17:23:08 #2 type] 
Type websites.WebSite is not enhanced.

[2017-09-05 17:23:08 #3 type] 
Type Products.Product is not enhanced.

[2017-09-05 17:23:08 #4 type] 
Type Products.ProductModel is not enhanced.

[2017-09-05 17:23:08 #5 type] 
Type Products.ProductCompare is not enhanced.

[2017-09-05 17:23:08 #6 type] 
Type Comments.Comment is not enhanced.

[2017-09-05 17:23:08 #7 type] 
Type DataBase.User is not enhanced.

[2017-09-05 17:25:30 #8 store] 
Database 'C:\Users\davej\IdeaProjects\PetMarkProject\out\artifacts\PetMarkWeb_war_exploded\WEB-INF\db\MarkPet2.odb' is closed by 16840@DESKTOP-7GOSAU4

------------------------------------------------------------------------------------------------------------------------

[2017-09-05 17:25:48 #1 store] 
Database 'C:\Users\davej\IdeaProjects\PetMarkProject\out\artifacts\PetMarkWeb_war_exploded\WEB-INF\db\MarkPet2.odb' is opened by 15320@DESKTOP-7GOSAU4

[2017-09-05 17:25:48 #2 type] 
Type websites.WebSite is not enhanced.

[2017-09-05 17:25:48 #3 type] 
Type Products.Product is not enhanced.

[2017-09-05 17:25:48 #4 type] 
Type Products.ProductModel is not enhanced.

[2017-09-05 17:25:48 #5 type] 
Type Products.ProductCompare is not enhanced.

[2017-09-05 17:25:48 #6 type] 
Type Comments.Comment is not enhanced.

[2017-09-05 17:25:48 #7 type] 
Type DataBase.User is not enhanced.

[2017-09-05 17:26:58 #8 store] 
Database 'C:\Users\davej\IdeaProjects\PetMarkProject\out\artifacts\PetMarkWeb_war_exploded\WEB-INF\db\MarkPet2.odb' is closed by 15320@DESKTOP-7GOSAU4

------------------------------------------------------------------------------------------------------------------------

[2017-09-05 17:31:00 #1 store] 
Database 'C:\Users\davej\IdeaProjects\PetMarkProject\out\artifacts\PetMarkWeb_war_exploded\WEB-INF\db\MarkPet2.odb' is opened by 17804@DESKTOP-7GOSAU4

[2017-09-05 17:31:01 #2 type] 
Type websites.WebSite is not enhanced.

[2017-09-05 17:31:01 #3 type] 
Type Products.Product is not enhanced.

[2017-09-05 17:31:01 #4 type] 
Type Products.ProductModel is not enhanced.

[2017-09-05 17:31:01 #5 type] 
Type Products.ProductCompare is not enhanced.

[2017-09-05 17:31:01 #6 type] 
Type Comments.Comment is not enhanced.

[2017-09-05 17:31:01 #7 type] 
Type DataBase.User is not enhanced.

[2017-09-05 17:32:45 #8 store] 
Database 'C:\Users\davej\IdeaProjects\PetMarkProject\out\artifacts\PetMarkWeb_war_exploded\WEB-INF\db\MarkPet2.odb' is closed by 17804@DESKTOP-7GOSAU4

------------------------------------------------------------------------------------------------------------------------

[2017-09-05 17:34:09 #1 store] 
Database 'C:\Users\davej\IdeaProjects\PetMarkProject\out\artifacts\PetMarkWeb_war_exploded\WEB-INF\db\MarkPet2.odb' is opened by 13288@DESKTOP-7GOSAU4

[2017-09-05 17:34:09 #2 type] 
Type websites.WebSite is not enhanced.

[2017-09-05 17:34:09 #3 type] 
Type Products.Product is not enhanced.

[2017-09-05 17:34:09 #4 type] 
Type Products.ProductModel is not enhanced.

[2017-09-05 17:34:09 #5 type] 
Type Products.ProductCompare is not enhanced.

[2017-09-05 17:34:09 #6 type] 
Type Comments.Comment is not enhanced.

[2017-09-05 17:34:09 #7 type] 
Type DataBase.User is not enhanced.

[2017-09-05 17:39:31 #8 store] 
Database 'C:\Users\davej\IdeaProjects\PetMarkProject\out\artifacts\PetMarkWeb_war_exploded\WEB-INF\db\MarkPet2.odb' is closed by 13288@DESKTOP-7GOSAU4

------------------------------------------------------------------------------------------------------------------------

[2017-09-05 17:45:56 #1 store] 
Database 'C:\Users\davej\IdeaProjects\PetMarkProject\out\artifacts\PetMarkWeb_war_exploded\WEB-INF\db\MarkPet2.odb' is opened by 16836@DESKTOP-7GOSAU4

[2017-09-05 17:45:56 #2 type] 
Type websites.WebSite is not enhanced.

[2017-09-05 17:45:56 #3 type] 
Type Products.Product is not enhanced.

[2017-09-05 17:45:56 #4 type] 
Type Products.ProductModel is not enhanced.

[2017-09-05 17:45:56 #5 type] 
Type Products.ProductCompare is not enhanced.

[2017-09-05 17:45:56 #6 type] 
Type Comments.Comment is not enhanced.

[2017-09-05 17:45:56 #7 type] 
Type DataBase.User is not enhanced.

[2017-09-05 17:54:17 #8 store] 
Database 'C:\Users\davej\IdeaProjects\PetMarkProject\out\artifacts\PetMarkWeb_war_exploded\WEB-INF\db\MarkPet2.odb' is closed by 16836@DESKTOP-7GOSAU4

------------------------------------------------------------------------------------------------------------------------

[2017-09-05 18:01:26 #1 store] 
Database 'C:\Users\davej\IdeaProjects\PetMarkProject\out\artifacts\PetMarkWeb_war_exploded\WEB-INF\db\MarkPet2.odb' is opened by 17772@DESKTOP-7GOSAU4

[2017-09-05 18:01:26 #2 type] 
Type websites.WebSite is not enhanced.

[2017-09-05 18:01:26 #3 type] 
Type Products.Product is not enhanced.

[2017-09-05 18:01:26 #4 type] 
Type Products.ProductModel is not enhanced.

[2017-09-05 18:01:26 #5 type] 
Type Products.ProductCompare is not enhanced.

[2017-09-05 18:01:26 #6 type] 
Type Comments.Comment is not enhanced.

[2017-09-05 18:01:26 #7 type] 
Type DataBase.User is not enhanced.

[2017-09-05 18:11:56 #8 store] 
Database 'C:\Users\davej\IdeaProjects\PetMarkProject\out\artifacts\PetMarkWeb_war_exploded\WEB-INF\db\MarkPet2.odb' is closed by 17772@DESKTOP-7GOSAU4

------------------------------------------------------------------------------------------------------------------------

[2017-09-05 18:12:19 #1 store] 
Database 'C:\Users\davej\IdeaProjects\PetMarkProject\out\artifacts\PetMarkWeb_war_exploded\WEB-INF\db\MarkPet2.odb' is opened by 7312@DESKTOP-7GOSAU4

[2017-09-05 18:12:20 #2 type] 
Type websites.WebSite is not enhanced.

[2017-09-05 18:12:20 #3 type] 
Type Products.Product is not enhanced.

[2017-09-05 18:12:20 #4 type] 
Type Products.ProductModel is not enhanced.

[2017-09-05 18:12:20 #5 type] 
Type Products.ProductCompare is not enhanced.

[2017-09-05 18:12:20 #6 type] 
Type Comments.Comment is not enhanced.

[2017-09-05 18:12:20 #7 type] 
Type DataBase.User is not enhanced.

[2017-09-05 18:18:54 #8 store] 
Database 'C:\Users\davej\IdeaProjects\PetMarkProject\out\artifacts\PetMarkWeb_war_exploded\WEB-INF\db\MarkPet2.odb' is closed by 7312@DESKTOP-7GOSAU4

------------------------------------------------------------------------------------------------------------------------

[2017-09-05 18:20:32 #1 store] 
Database 'C:\Users\davej\IdeaProjects\PetMarkProject\out\artifacts\PetMarkWeb_war_exploded\WEB-INF\db\MarkPet2.odb' is opened by 13488@DESKTOP-7GOSAU4

[2017-09-05 18:20:33 #2 type] 
Type websites.WebSite is not enhanced.

[2017-09-05 18:20:33 #3 type] 
Type Products.Product is not enhanced.

[2017-09-05 18:20:33 #4 type] 
Type Products.ProductModel is not enhanced.

[2017-09-05 18:20:33 #5 type] 
Type Products.ProductCompare is not enhanced.

[2017-09-05 18:20:33 #6 type] 
Type Comments.Comment is not enhanced.

[2017-09-05 18:20:33 #7 type] 
Type DataBase.User is not enhanced.

[2017-09-05 18:30:27 #8 store] 
Database 'C:\Users\davej\IdeaProjects\PetMarkProject\out\artifacts\PetMarkWeb_war_exploded\WEB-INF\db\MarkPet2.odb' is closed by 13488@DESKTOP-7GOSAU4

------------------------------------------------------------------------------------------------------------------------

[2017-09-05 18:37:42 #1 store] 
Database 'C:\Users\davej\IdeaProjects\PetMarkProject\out\artifacts\PetMarkWeb_war_exploded\WEB-INF\db\MarkPet2.odb' is opened by 18288@DESKTOP-7GOSAU4

[2017-09-05 18:37:42 #2 type] 
Type websites.WebSite is not enhanced.

[2017-09-05 18:37:42 #3 type] 
Type Products.Product is not enhanced.

[2017-09-05 18:37:42 #4 type] 
Type Products.ProductModel is not enhanced.

[2017-09-05 18:37:42 #5 type] 
Type Products.ProductCompare is not enhanced.

[2017-09-05 18:37:42 #6 type] 
Type Comments.Comment is not enhanced.

[2017-09-05 18:37:42 #7 type] 
Type DataBase.User is not enhanced.

[2017-09-05 20:18:07 #8 store] 
Database 'C:\Users\davej\IdeaProjects\PetMarkProject\out\artifacts\PetMarkWeb_war_exploded\WEB-INF\db\MarkPet2.odb' is closed by 18288@DESKTOP-7GOSAU4

------------------------------------------------------------------------------------------------------------------------

[2017-09-05 20:27:30 #1 store] 
Database 'C:\Users\davej\IdeaProjects\PetMarkProject\out\artifacts\PetMarkWeb_war_exploded\WEB-INF\db\MarkPet2.odb' is opened by 15516@DESKTOP-7GOSAU4

[2017-09-05 20:27:30 #2 type] 
Type websites.WebSite is not enhanced.

[2017-09-05 20:27:30 #3 type] 
Type Products.Product is not enhanced.

[2017-09-05 20:27:30 #4 type] 
Type Products.ProductModel is not enhanced.

[2017-09-05 20:27:30 #5 type] 
Type Products.ProductCompare is not enhanced.

[2017-09-05 20:27:30 #6 type] 
Type Comments.Comment is not enhanced.

[2017-09-05 20:27:30 #7 type] 
Type DataBase.User is not enhanced.

[2017-09-05 21:21:24 #8 store] 
Database 'C:\Users\davej\IdeaProjects\PetMarkProject\out\artifacts\PetMarkWeb_war_exploded\WEB-INF\db\MarkPet2.odb' is closed by 15516@DESKTOP-7GOSAU4

------------------------------------------------------------------------------------------------------------------------

[2017-09-05 21:34:48 #1 store] 
Database 'C:\Users\davej\IdeaProjects\PetMarkProject\out\artifacts\PetMarkWeb_war_exploded\WEB-INF\db\MarkPet2.odb' is opened by 16892@DESKTOP-7GOSAU4

[2017-09-05 21:34:48 #2 type] 
Type websites.WebSite is not enhanced.

[2017-09-05 21:34:49 #3 type] 
Type Products.Product is not enhanced.

[2017-09-05 21:34:49 #4 type] 
Type Products.ProductModel is not enhanced.

[2017-09-05 21:34:49 #5 type] 
Type Products.ProductCompare is not enhanced.

[2017-09-05 21:34:49 #6 type] 
Type Comments.Comment is not enhanced.

[2017-09-05 21:34:49 #7 type] 
Type DataBase.User is not enhanced.

[2017-09-05 21:37:36 #8 store] 
Database 'C:\Users\davej\IdeaProjects\PetMarkProject\out\artifacts\PetMarkWeb_war_exploded\WEB-INF\db\MarkPet2.odb' is closed by 16892@DESKTOP-7GOSAU4

------------------------------------------------------------------------------------------------------------------------

[2017-09-05 21:42:23 #1 store] 
Database 'C:\Users\davej\IdeaProjects\PetMarkProject\out\artifacts\PetMarkWeb_war_exploded\WEB-INF\db\MarkPet2.odb' is opened by 16432@DESKTOP-7GOSAU4

[2017-09-05 21:42:23 #2 type] 
Type websites.WebSite is not enhanced.

[2017-09-05 21:42:23 #3 type] 
Type Products.Product is not enhanced.

[2017-09-05 21:42:23 #4 type] 
Type Products.ProductModel is not enhanced.

[2017-09-05 21:42:23 #5 type] 
Type Products.ProductCompare is not enhanced.

[2017-09-05 21:42:23 #6 type] 
Type Comments.Comment is not enhanced.

[2017-09-05 21:42:23 #7 type] 
Type DataBase.User is not enhanced.

[2017-09-05 21:43:58 #8 store] 
Database 'C:\Users\davej\IdeaProjects\PetMarkProject\out\artifacts\PetMarkWeb_war_exploded\WEB-INF\db\MarkPet2.odb' is closed by 16432@DESKTOP-7GOSAU4

------------------------------------------------------------------------------------------------------------------------

[2017-09-05 21:44:21 #1 store] 
Database 'C:\Users\davej\IdeaProjects\PetMarkProject\out\artifacts\PetMarkWeb_war_exploded\WEB-INF\db\MarkPet2.odb' is opened by 15016@DESKTOP-7GOSAU4

[2017-09-05 21:44:22 #2 type] 
Type websites.WebSite is not enhanced.

[2017-09-05 21:44:22 #3 type] 
Type Products.Product is not enhanced.

[2017-09-05 21:44:22 #4 type] 
Type Products.ProductModel is not enhanced.

[2017-09-05 21:44:22 #5 type] 
Type Products.ProductCompare is not enhanced.

[2017-09-05 21:44:22 #6 type] 
Type Comments.Comment is not enhanced.

[2017-09-05 21:44:22 #7 type] 
Type DataBase.User is not enhanced.

[2017-09-05 21:53:25 #8 store] 
Database 'C:\Users\davej\IdeaProjects\PetMarkProject\out\artifacts\PetMarkWeb_war_exploded\WEB-INF\db\MarkPet2.odb' is closed by 15016@DESKTOP-7GOSAU4

------------------------------------------------------------------------------------------------------------------------

[2017-09-05 21:53:40 #1 store] 
Database 'C:\Users\davej\IdeaProjects\PetMarkProject\out\artifacts\PetMarkWeb_war_exploded\WEB-INF\db\MarkPet2.odb' is opened by 3180@DESKTOP-7GOSAU4

[2017-09-05 21:53:41 #2 type] 
Type websites.WebSite is not enhanced.

[2017-09-05 21:53:41 #3 type] 
Type Products.Product is not enhanced.

[2017-09-05 21:53:41 #4 type] 
Type Products.ProductModel is not enhanced.

[2017-09-05 21:53:41 #5 type] 
Type Products.ProductCompare is not enhanced.

[2017-09-05 21:53:41 #6 type] 
Type Comments.Comment is not enhanced.

[2017-09-05 21:53:41 #7 type] 
Type DataBase.User is not enhanced.

[2017-09-05 21:58:01 #8 store] 
Database 'C:\Users\davej\IdeaProjects\PetMarkProject\out\artifacts\PetMarkWeb_war_exploded\WEB-INF\db\MarkPet2.odb' is closed by 3180@DESKTOP-7GOSAU4

------------------------------------------------------------------------------------------------------------------------

[2017-09-05 21:58:21 #1 store] 
Database 'C:\Users\davej\IdeaProjects\PetMarkProject\out\artifacts\PetMarkWeb_war_exploded\WEB-INF\db\MarkPet2.odb' is opened by 3568@DESKTOP-7GOSAU4

[2017-09-05 21:58:21 #2 type] 
Type websites.WebSite is not enhanced.

[2017-09-05 21:58:21 #3 type] 
Type Products.Product is not enhanced.

[2017-09-05 21:58:21 #4 type] 
Type Products.ProductModel is not enhanced.

[2017-09-05 21:58:21 #5 type] 
Type Products.ProductCompare is not enhanced.

[2017-09-05 21:58:21 #6 type] 
Type Comments.Comment is not enhanced.

[2017-09-05 21:58:21 #7 type] 
Type DataBase.User is not enhanced.

[2017-09-05 21:59:11 #8 store] 
Database 'C:\Users\davej\IdeaProjects\PetMarkProject\out\artifacts\PetMarkWeb_war_exploded\WEB-INF\db\MarkPet2.odb' is closed by 3568@DESKTOP-7GOSAU4

------------------------------------------------------------------------------------------------------------------------

[2017-09-05 21:59:50 #1 store] 
Database 'C:\Users\davej\IdeaProjects\PetMarkProject\out\artifacts\PetMarkWeb_war_exploded\WEB-INF\db\MarkPet2.odb' is opened by 4984@DESKTOP-7GOSAU4

[2017-09-05 21:59:50 #2 type] 
Type websites.WebSite is not enhanced.

[2017-09-05 21:59:50 #3 type] 
Type Products.Product is not enhanced.

[2017-09-05 21:59:50 #4 type] 
Type Products.ProductModel is not enhanced.

[2017-09-05 21:59:50 #5 type] 
Type Products.ProductCompare is not enhanced.

[2017-09-05 21:59:50 #6 type] 
Type Comments.Comment is not enhanced.

[2017-09-05 21:59:50 #7 type] 
Type DataBase.User is not enhanced.

[2017-09-05 22:03:40 #8 store] 
Database 'C:\Users\davej\IdeaProjects\PetMarkProject\out\artifacts\PetMarkWeb_war_exploded\WEB-INF\db\MarkPet2.odb' is closed by 4984@DESKTOP-7GOSAU4

------------------------------------------------------------------------------------------------------------------------

[2017-09-05 22:03:57 #1 store] 
Database 'C:\Users\davej\IdeaProjects\PetMarkProject\out\artifacts\PetMarkWeb_war_exploded\WEB-INF\db\MarkPet2.odb' is opened by 2444@DESKTOP-7GOSAU4

[2017-09-05 22:03:57 #2 type] 
Type websites.WebSite is not enhanced.

[2017-09-05 22:03:57 #3 type] 
Type Products.Product is not enhanced.

[2017-09-05 22:03:57 #4 type] 
Type Products.ProductModel is not enhanced.

[2017-09-05 22:03:57 #5 type] 
Type Products.ProductCompare is not enhanced.

[2017-09-05 22:03:57 #6 type] 
Type Comments.Comment is not enhanced.

[2017-09-05 22:03:57 #7 type] 
Type DataBase.User is not enhanced.

[2017-09-05 22:06:50 #8 store] 
Database 'C:\Users\davej\IdeaProjects\PetMarkProject\out\artifacts\PetMarkWeb_war_exploded\WEB-INF\db\MarkPet2.odb' is closed by 2444@DESKTOP-7GOSAU4

------------------------------------------------------------------------------------------------------------------------

[2017-09-05 22:07:27 #1 store] 
Database 'C:\Users\davej\IdeaProjects\PetMarkProject\out\artifacts\PetMarkWeb_war_exploded\WEB-INF\db\MarkPet2.odb' is opened by 4936@DESKTOP-7GOSAU4

[2017-09-05 22:07:28 #2 type] 
Type websites.WebSite is not enhanced.

[2017-09-05 22:07:28 #3 type] 
Type Products.Product is not enhanced.

[2017-09-05 22:07:28 #4 type] 
Type Products.ProductModel is not enhanced.

[2017-09-05 22:07:28 #5 type] 
Type Products.ProductCompare is not enhanced.

[2017-09-05 22:07:28 #6 type] 
Type Comments.Comment is not enhanced.

[2017-09-05 22:07:28 #7 type] 
Type DataBase.User is not enhanced.

[2017-09-05 22:09:19 #8 store] 
Database 'C:\Users\davej\IdeaProjects\PetMarkProject\out\artifacts\PetMarkWeb_war_exploded\WEB-INF\db\MarkPet2.odb' is closed by 4936@DESKTOP-7GOSAU4

------------------------------------------------------------------------------------------------------------------------

[2017-09-05 22:10:20 #1 store] 
Database 'C:\Users\davej\IdeaProjects\PetMarkProject\out\artifacts\PetMarkWeb_war_exploded\WEB-INF\db\MarkPet2.odb' is opened by 13932@DESKTOP-7GOSAU4

[2017-09-05 22:10:20 #2 type] 
Type websites.WebSite is not enhanced.

[2017-09-05 22:10:20 #3 type] 
Type Products.Product is not enhanced.

[2017-09-05 22:10:20 #4 type] 
Type Products.ProductModel is not enhanced.

[2017-09-05 22:10:20 #5 type] 
Type Products.ProductCompare is not enhanced.

[2017-09-05 22:10:20 #6 type] 
Type Comments.Comment is not enhanced.

[2017-09-05 22:10:20 #7 type] 
Type DataBase.User is not enhanced.

[2017-09-05 22:12:39 #8 store] 
Database 'C:\Users\davej\IdeaProjects\PetMarkProject\out\artifacts\PetMarkWeb_war_exploded\WEB-INF\db\MarkPet2.odb' is closed by 13932@DESKTOP-7GOSAU4

------------------------------------------------------------------------------------------------------------------------

[2017-09-05 22:13:00 #1 store] 
Database 'C:\Users\davej\IdeaProjects\PetMarkProject\out\artifacts\PetMarkWeb_war_exploded\WEB-INF\db\MarkPet2.odb' is opened by 18292@DESKTOP-7GOSAU4

[2017-09-05 22:13:00 #2 type] 
Type websites.WebSite is not enhanced.

[2017-09-05 22:13:00 #3 type] 
Type Products.Product is not enhanced.

[2017-09-05 22:13:00 #4 type] 
Type Products.ProductModel is not enhanced.

[2017-09-05 22:13:00 #5 type] 
Type Products.ProductCompare is not enhanced.

[2017-09-05 22:13:00 #6 type] 
Type Comments.Comment is not enhanced.

[2017-09-05 22:13:00 #7 type] 
Type DataBase.User is not enhanced.

[2017-09-05 22:14:58 #8 store] 
Database 'C:\Users\davej\IdeaProjects\PetMarkProject\out\artifacts\PetMarkWeb_war_exploded\WEB-INF\db\MarkPet2.odb' is closed by 18292@DESKTOP-7GOSAU4

------------------------------------------------------------------------------------------------------------------------

[2017-09-05 22:15:32 #1 store] 
Database 'C:\Users\davej\IdeaProjects\PetMarkProject\out\artifacts\PetMarkWeb_war_exploded\WEB-INF\db\MarkPet2.odb' is opened by 7212@DESKTOP-7GOSAU4

[2017-09-05 22:15:32 #2 type] 
Type websites.WebSite is not enhanced.

[2017-09-05 22:15:32 #3 type] 
Type Products.Product is not enhanced.

[2017-09-05 22:15:32 #4 type] 
Type Products.ProductModel is not enhanced.

[2017-09-05 22:15:32 #5 type] 
Type Products.ProductCompare is not enhanced.

[2017-09-05 22:15:32 #6 type] 
Type Comments.Comment is not enhanced.

[2017-09-05 22:15:32 #7 type] 
Type DataBase.User is not enhanced.

[2017-09-05 22:16:05 #8 store] 
Database 'C:\Users\davej\IdeaProjects\PetMarkProject\out\artifacts\PetMarkWeb_war_exploded\WEB-INF\db\MarkPet2.odb' is closed by 7212@DESKTOP-7GOSAU4

------------------------------------------------------------------------------------------------------------------------

[2017-09-05 22:23:26 #1 store] 
Database 'C:\Users\davej\IdeaProjects\PetMarkProject\out\artifacts\PetMarkWeb_war_exploded\WEB-INF\db\MarkPet2.odb' is opened by 3780@DESKTOP-7GOSAU4

[2017-09-05 22:23:26 #2 type] 
Type websites.WebSite is not enhanced.

[2017-09-05 22:23:27 #3 type] 
Type Products.Product is not enhanced.

[2017-09-05 22:23:27 #4 type] 
Type Products.ProductModel is not enhanced.

[2017-09-05 22:23:27 #5 type] 
Type Products.ProductCompare is not enhanced.

[2017-09-05 22:23:27 #6 type] 
Type Comments.Comment is not enhanced.

[2017-09-05 22:23:27 #7 type] 
Type DataBase.User is not enhanced.

[2017-09-05 22:41:26 #8 store] 
Database 'C:\Users\davej\IdeaProjects\PetMarkProject\out\artifacts\PetMarkWeb_war_exploded\WEB-INF\db\MarkPet2.odb' is closed by 3780@DESKTOP-7GOSAU4

------------------------------------------------------------------------------------------------------------------------

[2017-09-05 22:41:45 #1 store] 
Database 'C:\Users\davej\IdeaProjects\PetMarkProject\out\artifacts\PetMarkWeb_war_exploded\WEB-INF\db\MarkPet2.odb' is opened by 12876@DESKTOP-7GOSAU4

[2017-09-05 22:41:45 #2 type] 
Type websites.WebSite is not enhanced.

[2017-09-05 22:41:45 #3 type] 
Type Products.Product is not enhanced.

[2017-09-05 22:41:45 #4 type] 
Type Products.ProductModel is not enhanced.

[2017-09-05 22:41:45 #5 type] 
Type Products.ProductCompare is not enhanced.

[2017-09-05 22:41:45 #6 type] 
Type Comments.Comment is not enhanced.

[2017-09-05 22:41:45 #7 type] 
Type DataBase.User is not enhanced.

[2017-09-05 22:42:18 #8 store] 
Database 'C:\Users\davej\IdeaProjects\PetMarkProject\out\artifacts\PetMarkWeb_war_exploded\WEB-INF\db\MarkPet2.odb' is closed by 12876@DESKTOP-7GOSAU4

------------------------------------------------------------------------------------------------------------------------

[2017-09-05 22:42:43 #1 store] 
Database 'C:\Users\davej\IdeaProjects\PetMarkProject\out\artifacts\PetMarkWeb_war_exploded\WEB-INF\db\MarkPet2.odb' is opened by 13752@DESKTOP-7GOSAU4

[2017-09-05 22:42:43 #2 type] 
Type websites.WebSite is not enhanced.

[2017-09-05 22:42:43 #3 type] 
Type Products.Product is not enhanced.

[2017-09-05 22:42:43 #4 type] 
Type Products.ProductModel is not enhanced.

[2017-09-05 22:42:43 #5 type] 
Type Products.ProductCompare is not enhanced.

[2017-09-05 22:42:43 #6 type] 
Type Comments.Comment is not enhanced.

[2017-09-05 22:42:43 #7 type] 
Type DataBase.User is not enhanced.

------------------------------------------------------------------------------------------------------------------------

[2017-09-05 22:47:58 #1 store] 
Database 'C:\Users\davej\IdeaProjects\PetMarkProject\out\artifacts\PetMarkWeb_war_exploded\WEB-INF\db\MarkPet2.odb' is opened by 15120@DESKTOP-7GOSAU4

[2017-09-05 22:47:59 #2 type] 
Type websites.WebSite is not enhanced.

[2017-09-05 22:47:59 #3 type] 
Type Products.Product is not enhanced.

[2017-09-05 22:47:59 #4 type] 
Type Products.ProductModel is not enhanced.

[2017-09-05 22:47:59 #5 type] 
Type Products.ProductCompare is not enhanced.

[2017-09-05 22:47:59 #6 type] 
Type Comments.Comment is not enhanced.

[2017-09-05 22:47:59 #7 type] 
Type DataBase.User is not enhanced.

------------------------------------------------------------------------------------------------------------------------

[2017-09-05 22:51:06 #1 store] 
Database 'C:\Users\davej\IdeaProjects\PetMarkProject\out\artifacts\PetMarkWeb_war_exploded\WEB-INF\db\MarkPet2.odb' is opened by 3916@DESKTOP-7GOSAU4

[2017-09-05 22:51:06 #2 type] 
Type websites.WebSite is not enhanced.

[2017-09-05 22:51:06 #3 type] 
Type Products.Product is not enhanced.

[2017-09-05 22:51:06 #4 type] 
Type Products.ProductModel is not enhanced.

[2017-09-05 22:51:06 #5 type] 
Type Products.ProductCompare is not enhanced.

[2017-09-05 22:51:06 #6 type] 
Type Comments.Comment is not enhanced.

[2017-09-05 22:51:06 #7 type] 
Type DataBase.User is not enhanced.

[2017-09-05 22:51:47 #8 store] 
Database 'C:\Users\davej\IdeaProjects\PetMarkProject\out\artifacts\PetMarkWeb_war_exploded\WEB-INF\db\MarkPet2.odb' is closed by 3916@DESKTOP-7GOSAU4

------------------------------------------------------------------------------------------------------------------------

[2017-09-05 22:53:31 #1 store] 
Database 'C:\Users\davej\IdeaProjects\PetMarkProject\out\artifacts\PetMarkWeb_war_exploded\WEB-INF\db\MarkPet2.odb' is opened by 8472@DESKTOP-7GOSAU4

[2017-09-05 22:53:32 #2 type] 
Type websites.WebSite is not enhanced.

[2017-09-05 22:53:32 #3 type] 
Type Products.Product is not enhanced.

[2017-09-05 22:53:32 #4 type] 
Type Products.ProductModel is not enhanced.

[2017-09-05 22:53:32 #5 type] 
Type Products.ProductCompare is not enhanced.

[2017-09-05 22:53:32 #6 type] 
Type Comments.Comment is not enhanced.

[2017-09-05 22:53:32 #7 type] 
Type DataBase.User is not enhanced.

[2017-09-05 22:54:10 #8 store] 
Database 'C:\Users\davej\IdeaProjects\PetMarkProject\out\artifacts\PetMarkWeb_war_exploded\WEB-INF\db\MarkPet2.odb' is closed by 8472@DESKTOP-7GOSAU4

------------------------------------------------------------------------------------------------------------------------

[2017-09-05 22:55:10 #1 store] 
Database 'C:\Users\davej\IdeaProjects\PetMarkProject\out\artifacts\PetMarkWeb_war_exploded\WEB-INF\db\MarkPet2.odb' is opened by 10752@DESKTOP-7GOSAU4

[2017-09-05 22:55:10 #2 type] 
Type websites.WebSite is not enhanced.

[2017-09-05 22:55:10 #3 type] 
Type Products.Product is not enhanced.

[2017-09-05 22:55:10 #4 type] 
Type Products.ProductModel is not enhanced.

[2017-09-05 22:55:10 #5 type] 
Type Products.ProductCompare is not enhanced.

[2017-09-05 22:55:10 #6 type] 
Type Comments.Comment is not enhanced.

[2017-09-05 22:55:10 #7 type] 
Type DataBase.User is not enhanced.

[2017-09-05 22:59:20 #8 store] 
Database 'C:\Users\davej\IdeaProjects\PetMarkProject\out\artifacts\PetMarkWeb_war_exploded\WEB-INF\db\MarkPet2.odb' is closed by 10752@DESKTOP-7GOSAU4

------------------------------------------------------------------------------------------------------------------------

[2017-09-05 23:27:18 #1 store] 
Database 'C:\Users\davej\IdeaProjects\PetMarkProject\out\artifacts\PetMarkWeb_war_exploded\WEB-INF\db\MarkPet2.odb' is opened by 16132@DESKTOP-7GOSAU4

[2017-09-05 23:27:18 #2 type] 
Type websites.WebSite is not enhanced.

[2017-09-05 23:27:18 #3 type] 
Type Products.Product is not enhanced.

[2017-09-05 23:27:18 #4 type] 
Type Products.ProductModel is not enhanced.

[2017-09-05 23:27:18 #5 type] 
Type Products.ProductCompare is not enhanced.

[2017-09-05 23:27:18 #6 type] 
Type Comments.Comment is not enhanced.

[2017-09-05 23:27:18 #7 type] 
Type DataBase.User is not enhanced.

[2017-09-06 00:18:32 #8 store] 
Database 'C:\Users\davej\IdeaProjects\PetMarkProject\out\artifacts\PetMarkWeb_war_exploded\WEB-INF\db\MarkPet2.odb' is closed by 16132@DESKTOP-7GOSAU4

