------------------------------------------------------------------------------------------------------------------------

[2017-08-11 12:15:20 #1 store] 
Database 'C:\Users\davej\IdeaProjects\PetMarkProject\out\artifacts\PetMarkWeb_war_exploded\WEB-INF\db\MarkPet2.odb' is opened by 14700@DESKTOP-7GOSAU4

[2017-08-11 12:15:20 #2 type] 
Type websites.WebSite is not enhanced.

[2017-08-11 12:15:20 #3 type] 
Type Products.Product is not enhanced.

[2017-08-11 12:15:20 #4 type] 
Type Products.ProductModel is not enhanced.

[2017-08-11 12:15:20 #5 type] 
Type Products.ProductCompare is not enhanced.

[2017-08-11 12:49:01 #6 store] 
Database 'C:\Users\davej\IdeaProjects\PetMarkProject\out\artifacts\PetMarkWeb_war_exploded\WEB-INF\db\MarkPet2.odb' is closed by 14700@DESKTOP-7GOSAU4

------------------------------------------------------------------------------------------------------------------------

[2017-08-11 12:50:00 #1 store] 
Database 'C:\Users\davej\IdeaProjects\PetMarkProject\out\artifacts\PetMarkWeb_war_exploded\WEB-INF\db\MarkPet2.odb' is opened by 18512@DESKTOP-7GOSAU4

[2017-08-11 12:50:00 #2 type] 
Type websites.WebSite is not enhanced.

[2017-08-11 12:50:00 #3 type] 
Type Products.Product is not enhanced.

[2017-08-11 12:50:00 #4 type] 
Type Products.ProductModel is not enhanced.

[2017-08-11 12:50:00 #5 type] 
Type Products.ProductCompare is not enhanced.

[2017-08-11 12:52:32 #6 store] 
Database 'C:\Users\davej\IdeaProjects\PetMarkProject\out\artifacts\PetMarkWeb_war_exploded\WEB-INF\db\MarkPet2.odb' is closed by 18512@DESKTOP-7GOSAU4

------------------------------------------------------------------------------------------------------------------------

[2017-08-11 12:52:48 #1 store] 
Database 'C:\Users\davej\IdeaProjects\PetMarkProject\out\artifacts\PetMarkWeb_war_exploded\WEB-INF\db\MarkPet2.odb' is opened by 18108@DESKTOP-7GOSAU4

[2017-08-11 12:52:48 #2 type] 
Type websites.WebSite is not enhanced.

[2017-08-11 12:52:48 #3 type] 
Type Products.Product is not enhanced.

[2017-08-11 12:52:48 #4 type] 
Type Products.ProductModel is not enhanced.

[2017-08-11 12:52:48 #5 type] 
Type Products.ProductCompare is not enhanced.

[2017-08-11 16:34:51 #6 store] 
Database 'C:\Users\davej\IdeaProjects\PetMarkProject\out\artifacts\PetMarkWeb_war_exploded\WEB-INF\db\MarkPet2.odb' is closed by 18108@DESKTOP-7GOSAU4

------------------------------------------------------------------------------------------------------------------------

[2017-08-11 18:45:40 #1 store] 
Database 'C:\Users\davej\IdeaProjects\PetMarkProject\out\artifacts\PetMarkWeb_war_exploded\WEB-INF\db\MarkPet2.odb' is opened by 12052@DESKTOP-7GOSAU4

[2017-08-11 18:45:40 #2 type] 
Type websites.WebSite is not enhanced.

[2017-08-11 18:45:40 #3 type] 
Type Products.Product is not enhanced.

[2017-08-11 18:45:40 #4 type] 
Type Products.ProductModel is not enhanced.

[2017-08-11 18:45:40 #5 type] 
Type Products.ProductCompare is not enhanced.

[2017-08-12 02:37:54 #6 store] 
Database 'C:\Users\davej\IdeaProjects\PetMarkProject\out\artifacts\PetMarkWeb_war_exploded\WEB-INF\db\MarkPet2.odb' is closed by 12052@DESKTOP-7GOSAU4

