------------------------------------------------------------------------------------------------------------------------

[2017-08-09 01:55:57 #1 store] 
Database 'C:\Users\davej\IdeaProjects\PetMarkProject\out\artifacts\PetMarkWeb_war_exploded\WEB-INF\db\MarkPet2.odb' is opened by 23316@DESKTOP-7GOSAU4

[2017-08-09 01:55:57 #2 type] 
Type websites.WebSite is not enhanced.

[2017-08-09 01:55:57 #3 type] 
Type Products.Product is not enhanced.

[2017-08-09 01:58:25 #4 type.registry] 
New type Products.ProductModel

[2017-08-09 01:58:25 #5 type] 
Type Products.ProductModel is not enhanced.

[2017-08-09 01:59:46 #6 store] 
Database 'C:\Users\davej\IdeaProjects\PetMarkProject\out\artifacts\PetMarkWeb_war_exploded\WEB-INF\db\MarkPet2.odb' is closed by 23316@DESKTOP-7GOSAU4

------------------------------------------------------------------------------------------------------------------------

[2017-08-09 02:00:48 #1 store] 
Database 'C:\Users\davej\IdeaProjects\PetMarkProject\out\artifacts\PetMarkWeb_war_exploded\WEB-INF\db\MarkPet2.odb' is opened by 22028@DESKTOP-7GOSAU4

[2017-08-09 02:00:48 #2 type] 
Type websites.WebSite is not enhanced.

[2017-08-09 02:00:48 #3 type] 
Type Products.Product is not enhanced.

[2017-08-09 02:00:48 #4 type] 
Type Products.ProductModel is not enhanced.

[2017-08-09 02:02:05 #5 store] 
Database 'C:\Users\davej\IdeaProjects\PetMarkProject\out\artifacts\PetMarkWeb_war_exploded\WEB-INF\db\MarkPet2.odb' is closed by 22028@DESKTOP-7GOSAU4

------------------------------------------------------------------------------------------------------------------------

[2017-08-09 02:05:10 #1 store] 
Database 'C:\Users\davej\IdeaProjects\PetMarkProject\out\artifacts\PetMarkWeb_war_exploded\WEB-INF\db\MarkPet2.odb' is opened by 936@DESKTOP-7GOSAU4

[2017-08-09 02:05:11 #2 type] 
Type websites.WebSite is not enhanced.

[2017-08-09 02:05:11 #3 type] 
Type Products.Product is not enhanced.

[2017-08-09 02:05:11 #4 type] 
Type Products.ProductModel is not enhanced.

[2017-08-09 02:08:13 #5 store] 
Database 'C:\Users\davej\IdeaProjects\PetMarkProject\out\artifacts\PetMarkWeb_war_exploded\WEB-INF\db\MarkPet2.odb' is closed by 936@DESKTOP-7GOSAU4

------------------------------------------------------------------------------------------------------------------------

[2017-08-09 12:36:26 #1 store] 
Database 'C:\Users\davej\IdeaProjects\PetMarkProject\out\artifacts\PetMarkWeb_war_exploded\WEB-INF\db\MarkPet2.odb' is opened by 18824@DESKTOP-7GOSAU4

[2017-08-09 12:36:26 #2 type] 
Type websites.WebSite is not enhanced.

[2017-08-09 12:36:26 #3 type] 
Type Products.Product is not enhanced.

[2017-08-09 12:36:26 #4 type] 
Type Products.ProductModel is not enhanced.

[2017-08-09 12:45:20 #5 store] 
Database 'C:\Users\davej\IdeaProjects\PetMarkProject\out\artifacts\PetMarkWeb_war_exploded\WEB-INF\db\MarkPet2.odb' is closed by 18824@DESKTOP-7GOSAU4

------------------------------------------------------------------------------------------------------------------------

[2017-08-09 12:46:03 #1 store] 
Database 'C:\Users\davej\IdeaProjects\PetMarkProject\out\artifacts\PetMarkWeb_war_exploded\WEB-INF\db\MarkPet2.odb' is opened by 6988@DESKTOP-7GOSAU4

[2017-08-09 12:46:03 #2 type] 
Type websites.WebSite is not enhanced.

[2017-08-09 12:46:03 #3 type] 
Type Products.Product is not enhanced.

[2017-08-09 12:46:03 #4 type] 
Type Products.ProductModel is not enhanced.

[2017-08-09 13:10:25 #5 store] 
Database 'C:\Users\davej\IdeaProjects\PetMarkProject\out\artifacts\PetMarkWeb_war_exploded\WEB-INF\db\MarkPet2.odb' is closed by 6988@DESKTOP-7GOSAU4

------------------------------------------------------------------------------------------------------------------------

[2017-08-09 13:18:11 #1 store] 
Database 'C:\Users\davej\IdeaProjects\PetMarkProject\out\artifacts\PetMarkWeb_war_exploded\WEB-INF\db\MarkPet2.odb' is opened by 25304@DESKTOP-7GOSAU4

[2017-08-09 13:18:11 #2 type] 
Type websites.WebSite is not enhanced.

[2017-08-09 13:18:11 #3 type] 
Type Products.Product is not enhanced.

[2017-08-09 13:18:11 #4 type] 
Type Products.ProductModel is not enhanced.

[2017-08-09 14:54:41 #5 store] 
Database 'C:\Users\davej\IdeaProjects\PetMarkProject\out\artifacts\PetMarkWeb_war_exploded\WEB-INF\db\MarkPet2.odb' is closed by 25304@DESKTOP-7GOSAU4

------------------------------------------------------------------------------------------------------------------------

[2017-08-09 15:15:55 #1 store] 
Database 'C:\Users\davej\IdeaProjects\PetMarkProject\out\artifacts\PetMarkWeb_war_exploded\WEB-INF\db\MarkPet2.odb' is opened by 19900@DESKTOP-7GOSAU4

[2017-08-09 15:15:55 #2 type] 
Type websites.WebSite is not enhanced.

[2017-08-09 15:15:55 #3 type] 
Type Products.Product is not enhanced.

[2017-08-09 15:15:55 #4 type] 
Type Products.ProductModel is not enhanced.

[2017-08-09 15:18:03 #5 store] 
Database 'C:\Users\davej\IdeaProjects\PetMarkProject\out\artifacts\PetMarkWeb_war_exploded\WEB-INF\db\MarkPet2.odb' is closed by 19900@DESKTOP-7GOSAU4

------------------------------------------------------------------------------------------------------------------------

[2017-08-09 15:19:04 #1 store] 
Database 'C:\Users\davej\IdeaProjects\PetMarkProject\out\artifacts\PetMarkWeb_war_exploded\WEB-INF\db\MarkPet2.odb' is opened by 24404@DESKTOP-7GOSAU4

[2017-08-09 15:19:04 #2 type] 
Type websites.WebSite is not enhanced.

[2017-08-09 15:19:04 #3 type] 
Type Products.Product is not enhanced.

[2017-08-09 15:19:04 #4 type] 
Type Products.ProductModel is not enhanced.

[2017-08-09 15:20:25 #5 store] 
Database 'C:\Users\davej\IdeaProjects\PetMarkProject\out\artifacts\PetMarkWeb_war_exploded\WEB-INF\db\MarkPet2.odb' is closed by 24404@DESKTOP-7GOSAU4

------------------------------------------------------------------------------------------------------------------------

[2017-08-09 15:23:13 #1 store] 
Database 'C:\Users\davej\IdeaProjects\PetMarkProject\out\artifacts\PetMarkWeb_war_exploded\WEB-INF\db\MarkPet2.odb' is opened by 10796@DESKTOP-7GOSAU4

[2017-08-09 15:23:13 #2 type] 
Type websites.WebSite is not enhanced.

[2017-08-09 15:23:13 #3 type] 
Type Products.Product is not enhanced.

[2017-08-09 15:23:13 #4 type] 
Type Products.ProductModel is not enhanced.

[2017-08-09 16:18:24 #5 store] 
Database 'C:\Users\davej\IdeaProjects\PetMarkProject\out\artifacts\PetMarkWeb_war_exploded\WEB-INF\db\MarkPet2.odb' is closed by 10796@DESKTOP-7GOSAU4

------------------------------------------------------------------------------------------------------------------------

[2017-08-09 16:21:07 #1 store] 
Database 'C:\Users\davej\IdeaProjects\PetMarkProject\out\artifacts\PetMarkWeb_war_exploded\WEB-INF\db\MarkPet2.odb' is opened by 27664@DESKTOP-7GOSAU4

[2017-08-09 16:21:07 #2 type] 
Type websites.WebSite is not enhanced.

[2017-08-09 16:21:07 #3 type] 
Type Products.Product is not enhanced.

[2017-08-09 16:21:07 #4 type] 
Type Products.ProductModel is not enhanced.

[2017-08-09 16:23:04 #5 store] 
Database 'C:\Users\davej\IdeaProjects\PetMarkProject\out\artifacts\PetMarkWeb_war_exploded\WEB-INF\db\MarkPet2.odb' is closed by 27664@DESKTOP-7GOSAU4

------------------------------------------------------------------------------------------------------------------------

[2017-08-09 16:26:32 #1 store] 
Database 'C:\Users\davej\IdeaProjects\PetMarkProject\out\artifacts\PetMarkWeb_war_exploded\WEB-INF\db\MarkPet2.odb' is opened by 11660@DESKTOP-7GOSAU4

[2017-08-09 16:26:32 #2 type] 
Type websites.WebSite is not enhanced.

[2017-08-09 16:26:32 #3 type] 
Type Products.Product is not enhanced.

[2017-08-09 16:26:32 #4 type] 
Type Products.ProductModel is not enhanced.

[2017-08-09 16:28:32 #5 store] 
Database 'C:\Users\davej\IdeaProjects\PetMarkProject\out\artifacts\PetMarkWeb_war_exploded\WEB-INF\db\MarkPet2.odb' is closed by 11660@DESKTOP-7GOSAU4

------------------------------------------------------------------------------------------------------------------------

[2017-08-09 16:29:56 #1 store] 
Database 'C:\Users\davej\IdeaProjects\PetMarkProject\out\artifacts\PetMarkWeb_war_exploded\WEB-INF\db\MarkPet2.odb' is opened by 15908@DESKTOP-7GOSAU4

[2017-08-09 16:29:56 #2 type] 
Type websites.WebSite is not enhanced.

[2017-08-09 16:29:56 #3 type] 
Type Products.Product is not enhanced.

[2017-08-09 16:29:56 #4 type] 
Type Products.ProductModel is not enhanced.

[2017-08-09 16:30:05 #5 type.registry] 
New type Products.ProductCompare

[2017-08-09 16:30:05 #6 type] 
Type Products.ProductCompare is not enhanced.

[2017-08-09 16:30:58 #7 store] 
Database 'C:\Users\davej\IdeaProjects\PetMarkProject\out\artifacts\PetMarkWeb_war_exploded\WEB-INF\db\MarkPet2.odb' is closed by 15908@DESKTOP-7GOSAU4

------------------------------------------------------------------------------------------------------------------------

[2017-08-09 16:38:18 #1 store] 
Database 'C:\Users\davej\IdeaProjects\PetMarkProject\out\artifacts\PetMarkWeb_war_exploded\WEB-INF\db\MarkPet2.odb' is opened by 1184@DESKTOP-7GOSAU4

[2017-08-09 16:38:18 #2 type] 
Type websites.WebSite is not enhanced.

[2017-08-09 16:38:18 #3 type] 
Type Products.Product is not enhanced.

[2017-08-09 16:38:18 #4 type] 
Type Products.ProductModel is not enhanced.

[2017-08-09 16:38:18 #5 type] 
Type Products.ProductCompare is not enhanced.

[2017-08-09 16:38:34 #6 store] 
Database 'C:\Users\davej\IdeaProjects\PetMarkProject\out\artifacts\PetMarkWeb_war_exploded\WEB-INF\db\MarkPet2.odb' is closed by 1184@DESKTOP-7GOSAU4

------------------------------------------------------------------------------------------------------------------------

[2017-08-09 16:39:50 #1 store] 
Database 'C:\Users\davej\IdeaProjects\PetMarkProject\out\artifacts\PetMarkWeb_war_exploded\WEB-INF\db\MarkPet2.odb' is opened by 14128@DESKTOP-7GOSAU4

[2017-08-09 16:39:50 #2 type] 
Type websites.WebSite is not enhanced.

[2017-08-09 16:39:50 #3 type] 
Type Products.Product is not enhanced.

[2017-08-09 16:39:50 #4 type] 
Type Products.ProductModel is not enhanced.

[2017-08-09 16:39:50 #5 type] 
Type Products.ProductCompare is not enhanced.

[2017-08-09 16:42:14 #6 store] 
Database 'C:\Users\davej\IdeaProjects\PetMarkProject\out\artifacts\PetMarkWeb_war_exploded\WEB-INF\db\MarkPet2.odb' is closed by 14128@DESKTOP-7GOSAU4

------------------------------------------------------------------------------------------------------------------------

[2017-08-09 16:47:10 #1 store] 
Database 'C:\Users\davej\IdeaProjects\PetMarkProject\out\artifacts\PetMarkWeb_war_exploded\WEB-INF\db\MarkPet2.odb' is opened by 13612@DESKTOP-7GOSAU4

[2017-08-09 16:47:10 #2 type] 
Type websites.WebSite is not enhanced.

[2017-08-09 16:47:10 #3 type] 
Type Products.Product is not enhanced.

[2017-08-09 16:47:10 #4 type] 
Type Products.ProductModel is not enhanced.

[2017-08-09 16:47:10 #5 type] 
Type Products.ProductCompare is not enhanced.

[2017-08-09 16:49:21 #6 store] 
Database 'C:\Users\davej\IdeaProjects\PetMarkProject\out\artifacts\PetMarkWeb_war_exploded\WEB-INF\db\MarkPet2.odb' is closed by 13612@DESKTOP-7GOSAU4

------------------------------------------------------------------------------------------------------------------------

[2017-08-09 16:52:25 #1 store] 
Database 'C:\Users\davej\IdeaProjects\PetMarkProject\out\artifacts\PetMarkWeb_war_exploded\WEB-INF\db\MarkPet2.odb' is opened by 12768@DESKTOP-7GOSAU4

[2017-08-09 16:52:25 #2 type] 
Type websites.WebSite is not enhanced.

[2017-08-09 16:52:25 #3 type] 
Type Products.Product is not enhanced.

[2017-08-09 16:52:25 #4 type] 
Type Products.ProductModel is not enhanced.

[2017-08-09 16:52:25 #5 type] 
Type Products.ProductCompare is not enhanced.

[2017-08-09 16:53:23 #6 store] 
Database 'C:\Users\davej\IdeaProjects\PetMarkProject\out\artifacts\PetMarkWeb_war_exploded\WEB-INF\db\MarkPet2.odb' is closed by 12768@DESKTOP-7GOSAU4

------------------------------------------------------------------------------------------------------------------------

[2017-08-09 17:20:23 #1 store] 
Database 'C:\Users\davej\IdeaProjects\PetMarkProject\out\artifacts\PetMarkWeb_war_exploded\WEB-INF\db\MarkPet2.odb' is opened by 26916@DESKTOP-7GOSAU4

[2017-08-09 17:20:23 #2 type] 
Type websites.WebSite is not enhanced.

[2017-08-09 17:20:23 #3 type] 
Type Products.Product is not enhanced.

[2017-08-09 17:20:23 #4 type] 
Type Products.ProductModel is not enhanced.

[2017-08-09 17:20:23 #5 type] 
Type Products.ProductCompare is not enhanced.

[2017-08-09 17:33:45 #6 store] 
Database 'C:\Users\davej\IdeaProjects\PetMarkProject\out\artifacts\PetMarkWeb_war_exploded\WEB-INF\db\MarkPet2.odb' is closed by 26916@DESKTOP-7GOSAU4

------------------------------------------------------------------------------------------------------------------------

[2017-08-09 17:35:18 #1 store] 
Database 'C:\Users\davej\IdeaProjects\PetMarkProject\out\artifacts\PetMarkWeb_war_exploded\WEB-INF\db\MarkPet2.odb' is opened by 5088@DESKTOP-7GOSAU4

[2017-08-09 17:35:18 #2 type] 
Type websites.WebSite is not enhanced.

[2017-08-09 17:35:18 #3 type] 
Type Products.Product is not enhanced.

[2017-08-09 17:35:18 #4 type] 
Type Products.ProductModel is not enhanced.

[2017-08-09 17:35:18 #5 type] 
Type Products.ProductCompare is not enhanced.

[2017-08-09 17:35:45 #6 store] 
Database 'C:\Users\davej\IdeaProjects\PetMarkProject\out\artifacts\PetMarkWeb_war_exploded\WEB-INF\db\MarkPet2.odb' is closed by 5088@DESKTOP-7GOSAU4

------------------------------------------------------------------------------------------------------------------------

[2017-08-09 17:38:00 #1 store] 
Database 'C:\Users\davej\IdeaProjects\PetMarkProject\out\artifacts\PetMarkWeb_war_exploded\WEB-INF\db\MarkPet2.odb' is opened by 21004@DESKTOP-7GOSAU4

[2017-08-09 17:38:01 #2 type] 
Type websites.WebSite is not enhanced.

[2017-08-09 17:38:01 #3 type] 
Type Products.Product is not enhanced.

[2017-08-09 17:38:01 #4 type] 
Type Products.ProductModel is not enhanced.

[2017-08-09 17:38:01 #5 type] 
Type Products.ProductCompare is not enhanced.

[2017-08-09 17:39:34 #6 store] 
Database 'C:\Users\davej\IdeaProjects\PetMarkProject\out\artifacts\PetMarkWeb_war_exploded\WEB-INF\db\MarkPet2.odb' is closed by 21004@DESKTOP-7GOSAU4

------------------------------------------------------------------------------------------------------------------------

[2017-08-09 17:40:14 #1 store] 
Database 'C:\Users\davej\IdeaProjects\PetMarkProject\out\artifacts\PetMarkWeb_war_exploded\WEB-INF\db\MarkPet2.odb' is opened by 21744@DESKTOP-7GOSAU4

[2017-08-09 17:40:14 #2 type] 
Type websites.WebSite is not enhanced.

[2017-08-09 17:40:14 #3 type] 
Type Products.Product is not enhanced.

[2017-08-09 17:40:14 #4 type] 
Type Products.ProductModel is not enhanced.

[2017-08-09 17:40:14 #5 type] 
Type Products.ProductCompare is not enhanced.

[2017-08-09 17:51:45 #6 store] 
Database 'C:\Users\davej\IdeaProjects\PetMarkProject\out\artifacts\PetMarkWeb_war_exploded\WEB-INF\db\MarkPet2.odb' is closed by 21744@DESKTOP-7GOSAU4

------------------------------------------------------------------------------------------------------------------------

[2017-08-09 18:05:00 #1 store] 
Database 'C:\Users\davej\IdeaProjects\PetMarkProject\out\artifacts\PetMarkWeb_war_exploded\WEB-INF\db\MarkPet2.odb' is opened by 14916@DESKTOP-7GOSAU4

[2017-08-09 18:05:00 #2 type] 
Type websites.WebSite is not enhanced.

[2017-08-09 18:05:00 #3 type] 
Type Products.Product is not enhanced.

[2017-08-09 18:05:00 #4 type] 
Type Products.ProductModel is not enhanced.

[2017-08-09 18:05:00 #5 type] 
Type Products.ProductCompare is not enhanced.

[2017-08-09 18:28:59 #6 store] 
Database 'C:\Users\davej\IdeaProjects\PetMarkProject\out\artifacts\PetMarkWeb_war_exploded\WEB-INF\db\MarkPet2.odb' is closed by 14916@DESKTOP-7GOSAU4

------------------------------------------------------------------------------------------------------------------------

[2017-08-09 18:41:36 #1 store] 
Database 'C:\Users\davej\IdeaProjects\PetMarkProject\out\artifacts\PetMarkWeb_war_exploded\WEB-INF\db\MarkPet2.odb' is opened by 28172@DESKTOP-7GOSAU4

[2017-08-09 18:41:36 #2 type] 
Type websites.WebSite is not enhanced.

[2017-08-09 18:41:36 #3 type] 
Type Products.Product is not enhanced.

[2017-08-09 18:41:36 #4 type] 
Type Products.ProductModel is not enhanced.

[2017-08-09 18:41:36 #5 type] 
Type Products.ProductCompare is not enhanced.

[2017-08-09 22:13:52 #6 store] 
Database 'C:\Users\davej\IdeaProjects\PetMarkProject\out\artifacts\PetMarkWeb_war_exploded\WEB-INF\db\MarkPet2.odb' is closed by 28172@DESKTOP-7GOSAU4

------------------------------------------------------------------------------------------------------------------------

[2017-08-09 22:34:28 #1 store] 
Database 'C:\Users\davej\IdeaProjects\PetMarkProject\out\artifacts\PetMarkWeb_war_exploded\WEB-INF\db\MarkPet2.odb' is opened by 25344@DESKTOP-7GOSAU4

[2017-08-09 22:34:28 #2 type] 
Type websites.WebSite is not enhanced.

[2017-08-09 22:34:28 #3 type] 
Type Products.Product is not enhanced.

[2017-08-09 22:34:28 #4 type] 
Type Products.ProductModel is not enhanced.

[2017-08-09 22:34:28 #5 type] 
Type Products.ProductCompare is not enhanced.

[2017-08-09 22:50:52 #6 store] 
Database 'C:\Users\davej\IdeaProjects\PetMarkProject\out\artifacts\PetMarkWeb_war_exploded\WEB-INF\db\MarkPet2.odb' is closed by 25344@DESKTOP-7GOSAU4

------------------------------------------------------------------------------------------------------------------------

[2017-08-09 22:53:22 #1 store] 
Database 'C:\Users\davej\IdeaProjects\PetMarkProject\out\artifacts\PetMarkWeb_war_exploded\WEB-INF\db\MarkPet2.odb' is opened by 3812@DESKTOP-7GOSAU4

[2017-08-09 22:53:23 #2 type] 
Type websites.WebSite is not enhanced.

[2017-08-09 22:53:23 #3 type] 
Type Products.Product is not enhanced.

[2017-08-09 22:53:23 #4 type] 
Type Products.ProductModel is not enhanced.

[2017-08-09 22:53:23 #5 type] 
Type Products.ProductCompare is not enhanced.

[2017-08-09 23:02:27 #6 store] 
Database 'C:\Users\davej\IdeaProjects\PetMarkProject\out\artifacts\PetMarkWeb_war_exploded\WEB-INF\db\MarkPet2.odb' is closed by 3812@DESKTOP-7GOSAU4

------------------------------------------------------------------------------------------------------------------------

[2017-08-09 23:09:18 #1 store] 
Database 'C:\Users\davej\IdeaProjects\PetMarkProject\out\artifacts\PetMarkWeb_war_exploded\WEB-INF\db\MarkPet2.odb' is opened by 16812@DESKTOP-7GOSAU4

[2017-08-09 23:09:18 #2 type] 
Type websites.WebSite is not enhanced.

[2017-08-09 23:09:18 #3 type] 
Type Products.Product is not enhanced.

[2017-08-09 23:09:18 #4 type] 
Type Products.ProductModel is not enhanced.

[2017-08-09 23:09:18 #5 type] 
Type Products.ProductCompare is not enhanced.

[2017-08-09 23:31:27 #6 store] 
Database 'C:\Users\davej\IdeaProjects\PetMarkProject\out\artifacts\PetMarkWeb_war_exploded\WEB-INF\db\MarkPet2.odb' is closed by 16812@DESKTOP-7GOSAU4

