------------------------------------------------------------------------------------------------------------------------

[2017-08-28 15:10:46 #1 store] 
Database 'C:\Users\davej\IdeaProjects\PetMarkProject\out\artifacts\PetMarkWeb_war_exploded\WEB-INF\db\MarkPet2.odb' is opened by 12960@DESKTOP-7GOSAU4

[2017-08-28 15:10:46 #2 type] 
Type websites.WebSite is not enhanced.

[2017-08-28 15:10:46 #3 type] 
Type Products.Product is not enhanced.

[2017-08-28 15:10:46 #4 type] 
Type Products.ProductModel is not enhanced.

[2017-08-28 15:10:46 #5 type] 
Type Products.ProductCompare is not enhanced.

[2017-08-28 15:10:46 #6 type] 
Type Comments.Comment is not enhanced.

[2017-08-28 15:10:46 #7 type] 
Type DataBase.User is not enhanced.

[2017-08-28 15:10:56 #8 store] 
Database 'C:\Users\davej\IdeaProjects\PetMarkProject\out\artifacts\PetMarkWeb_war_exploded\WEB-INF\db\MarkPet2.odb' is closed by 12960@DESKTOP-7GOSAU4

------------------------------------------------------------------------------------------------------------------------

[2017-08-28 15:21:28 #1 store] 
Database 'C:\Users\davej\IdeaProjects\PetMarkProject\out\artifacts\PetMarkWeb_war_exploded\WEB-INF\db\MarkPet2.odb' is opened by 10124@DESKTOP-7GOSAU4

[2017-08-28 15:21:28 #2 type] 
Type websites.WebSite is not enhanced.

[2017-08-28 15:21:28 #3 type] 
Type Products.Product is not enhanced.

[2017-08-28 15:21:28 #4 type] 
Type Products.ProductModel is not enhanced.

[2017-08-28 15:21:28 #5 type] 
Type Products.ProductCompare is not enhanced.

[2017-08-28 15:21:28 #6 type] 
Type Comments.Comment is not enhanced.

[2017-08-28 15:21:28 #7 type] 
Type DataBase.User is not enhanced.

[2017-08-28 15:26:03 #8 store] 
Database 'C:\Users\davej\IdeaProjects\PetMarkProject\out\artifacts\PetMarkWeb_war_exploded\WEB-INF\db\MarkPet2.odb' is closed by 10124@DESKTOP-7GOSAU4

------------------------------------------------------------------------------------------------------------------------

[2017-08-28 15:27:50 #1 store] 
Database 'C:\Users\davej\IdeaProjects\PetMarkProject\out\artifacts\PetMarkWeb_war_exploded\WEB-INF\db\MarkPet2.odb' is opened by 8908@DESKTOP-7GOSAU4

[2017-08-28 15:27:50 #2 type] 
Type websites.WebSite is not enhanced.

[2017-08-28 15:27:50 #3 type] 
Type Products.Product is not enhanced.

[2017-08-28 15:27:50 #4 type] 
Type Products.ProductModel is not enhanced.

[2017-08-28 15:27:50 #5 type] 
Type Products.ProductCompare is not enhanced.

[2017-08-28 15:27:50 #6 type] 
Type Comments.Comment is not enhanced.

[2017-08-28 15:27:50 #7 type] 
Type DataBase.User is not enhanced.

[2017-08-28 15:58:15 #8 store] 
Database 'C:\Users\davej\IdeaProjects\PetMarkProject\out\artifacts\PetMarkWeb_war_exploded\WEB-INF\db\MarkPet2.odb' is closed by 8908@DESKTOP-7GOSAU4

------------------------------------------------------------------------------------------------------------------------

[2017-08-28 16:21:43 #1 store] 
Database 'C:\Users\davej\IdeaProjects\PetMarkProject\out\artifacts\PetMarkWeb_war_exploded\WEB-INF\db\MarkPet2.odb' is opened by 13552@DESKTOP-7GOSAU4

[2017-08-28 16:21:43 #2 type] 
Type websites.WebSite is not enhanced.

[2017-08-28 16:21:43 #3 type] 
Type Products.Product is not enhanced.

[2017-08-28 16:21:43 #4 type] 
Type Products.ProductModel is not enhanced.

[2017-08-28 16:21:43 #5 type] 
Type Products.ProductCompare is not enhanced.

[2017-08-28 16:21:43 #6 type] 
Type Comments.Comment is not enhanced.

[2017-08-28 16:21:43 #7 type] 
Type DataBase.User is not enhanced.

[2017-08-28 16:43:06 #8 store] 
Database 'C:\Users\davej\IdeaProjects\PetMarkProject\out\artifacts\PetMarkWeb_war_exploded\WEB-INF\db\MarkPet2.odb' is closed by 13552@DESKTOP-7GOSAU4

------------------------------------------------------------------------------------------------------------------------

[2017-08-28 16:44:13 #1 store] 
Database 'C:\Users\davej\IdeaProjects\PetMarkProject\out\artifacts\PetMarkWeb_war_exploded\WEB-INF\db\MarkPet2.odb' is opened by 11908@DESKTOP-7GOSAU4

[2017-08-28 16:44:13 #2 type] 
Type websites.WebSite is not enhanced.

[2017-08-28 16:44:13 #3 type] 
Type Products.Product is not enhanced.

[2017-08-28 16:44:13 #4 type] 
Type Products.ProductModel is not enhanced.

[2017-08-28 16:44:13 #5 type] 
Type Products.ProductCompare is not enhanced.

[2017-08-28 16:44:13 #6 type] 
Type Comments.Comment is not enhanced.

[2017-08-28 16:44:13 #7 type] 
Type DataBase.User is not enhanced.

[2017-08-28 17:05:51 #8 store] 
Database 'C:\Users\davej\IdeaProjects\PetMarkProject\out\artifacts\PetMarkWeb_war_exploded\WEB-INF\db\MarkPet2.odb' is closed by 11908@DESKTOP-7GOSAU4

------------------------------------------------------------------------------------------------------------------------

[2017-08-28 17:24:42 #1 store] 
Database 'C:\Users\davej\IdeaProjects\PetMarkProject\out\artifacts\PetMarkWeb_war_exploded\WEB-INF\db\MarkPet2.odb' is opened by 7396@DESKTOP-7GOSAU4

[2017-08-28 17:24:42 #2 type] 
Type websites.WebSite is not enhanced.

[2017-08-28 17:24:42 #3 type] 
Type Products.Product is not enhanced.

[2017-08-28 17:24:42 #4 type] 
Type Products.ProductModel is not enhanced.

[2017-08-28 17:24:42 #5 type] 
Type Products.ProductCompare is not enhanced.

[2017-08-28 17:24:42 #6 type] 
Type Comments.Comment is not enhanced.

[2017-08-28 17:24:42 #7 type] 
Type DataBase.User is not enhanced.

[2017-08-28 18:39:56 #8 store] 
Database 'C:\Users\davej\IdeaProjects\PetMarkProject\out\artifacts\PetMarkWeb_war_exploded\WEB-INF\db\MarkPet2.odb' is closed by 7396@DESKTOP-7GOSAU4

------------------------------------------------------------------------------------------------------------------------

[2017-08-28 21:17:01 #1 store] 
Database 'C:\Users\davej\IdeaProjects\PetMarkProject\out\artifacts\PetMarkWeb_war_exploded\WEB-INF\db\MarkPet2.odb' is opened by 456@DESKTOP-7GOSAU4

[2017-08-28 21:17:02 #2 type] 
Type websites.WebSite is not enhanced.

[2017-08-28 21:17:02 #3 type] 
Type Products.Product is not enhanced.

[2017-08-28 21:17:02 #4 type] 
Type Products.ProductModel is not enhanced.

[2017-08-28 21:17:02 #5 type] 
Type Products.ProductCompare is not enhanced.

[2017-08-28 21:17:02 #6 type] 
Type Comments.Comment is not enhanced.

[2017-08-28 21:17:02 #7 type] 
Type DataBase.User is not enhanced.

[2017-08-29 12:56:59 #8 store] 
Database 'C:\Users\davej\IdeaProjects\PetMarkProject\out\artifacts\PetMarkWeb_war_exploded\WEB-INF\db\MarkPet2.odb' is closed by 456@DESKTOP-7GOSAU4

