------------------------------------------------------------------------------------------------------------------------

[2017-09-03 12:14:16 #1 store] 
Database 'C:\Users\davej\IdeaProjects\PetMarkProject\out\artifacts\PetMarkWeb_war_exploded\WEB-INF\db\MarkPet2.odb' is opened by 13428@DESKTOP-7GOSAU4

[2017-09-03 12:14:17 #2 type] 
Type websites.WebSite is not enhanced.

[2017-09-03 12:14:17 #3 type] 
Type Products.Product is not enhanced.

[2017-09-03 12:14:17 #4 type] 
Type Products.ProductModel is not enhanced.

[2017-09-03 12:14:17 #5 type] 
Type Products.ProductCompare is not enhanced.

[2017-09-03 12:14:17 #6 type] 
Type Comments.Comment is not enhanced.

[2017-09-03 12:14:17 #7 type] 
Type DataBase.User is not enhanced.

[2017-09-03 12:21:35 #8 store] 
Database 'C:\Users\davej\IdeaProjects\PetMarkProject\out\artifacts\PetMarkWeb_war_exploded\WEB-INF\db\MarkPet2.odb' is closed by 13428@DESKTOP-7GOSAU4

------------------------------------------------------------------------------------------------------------------------

[2017-09-03 12:27:11 #1 store] 
Database 'C:\Users\davej\IdeaProjects\PetMarkProject\out\artifacts\PetMarkWeb_war_exploded\WEB-INF\db\MarkPet2.odb' is opened by 15452@DESKTOP-7GOSAU4

[2017-09-03 12:27:11 #2 type] 
Type websites.WebSite is not enhanced.

[2017-09-03 12:27:11 #3 type] 
Type Products.Product is not enhanced.

[2017-09-03 12:27:11 #4 type] 
Type Products.ProductModel is not enhanced.

[2017-09-03 12:27:11 #5 type] 
Type Products.ProductCompare is not enhanced.

[2017-09-03 12:27:11 #6 type] 
Type Comments.Comment is not enhanced.

[2017-09-03 12:27:11 #7 type] 
Type DataBase.User is not enhanced.

[2017-09-03 12:39:37 #8 store] 
Database 'C:\Users\davej\IdeaProjects\PetMarkProject\out\artifacts\PetMarkWeb_war_exploded\WEB-INF\db\MarkPet2.odb' is closed by 15452@DESKTOP-7GOSAU4

------------------------------------------------------------------------------------------------------------------------

[2017-09-03 12:43:21 #1 store] 
Database 'C:\Users\davej\IdeaProjects\PetMarkProject\out\artifacts\PetMarkWeb_war_exploded\WEB-INF\db\MarkPet2.odb' is opened by 17720@DESKTOP-7GOSAU4

[2017-09-03 12:43:21 #2 type] 
Type websites.WebSite is not enhanced.

[2017-09-03 12:43:21 #3 type] 
Type Products.Product is not enhanced.

[2017-09-03 12:43:21 #4 type] 
Type Products.ProductModel is not enhanced.

[2017-09-03 12:43:21 #5 type] 
Type Products.ProductCompare is not enhanced.

[2017-09-03 12:43:21 #6 type] 
Type Comments.Comment is not enhanced.

[2017-09-03 12:43:21 #7 type] 
Type DataBase.User is not enhanced.

[2017-09-03 13:00:51 #8 store] 
Database 'C:\Users\davej\IdeaProjects\PetMarkProject\out\artifacts\PetMarkWeb_war_exploded\WEB-INF\db\MarkPet2.odb' is closed by 17720@DESKTOP-7GOSAU4

------------------------------------------------------------------------------------------------------------------------

[2017-09-03 13:01:29 #1 store] 
Database 'C:\Users\davej\IdeaProjects\PetMarkProject\out\artifacts\PetMarkWeb_war_exploded\WEB-INF\db\MarkPet2.odb' is opened by 16956@DESKTOP-7GOSAU4

[2017-09-03 13:01:29 #2 type] 
Type websites.WebSite is not enhanced.

[2017-09-03 13:01:29 #3 type] 
Type Products.Product is not enhanced.

[2017-09-03 13:01:29 #4 type] 
Type Products.ProductModel is not enhanced.

[2017-09-03 13:01:29 #5 type] 
Type Products.ProductCompare is not enhanced.

[2017-09-03 13:01:29 #6 type] 
Type Comments.Comment is not enhanced.

[2017-09-03 13:01:29 #7 type] 
Type DataBase.User is not enhanced.

[2017-09-03 13:08:32 #8 store] 
Database 'C:\Users\davej\IdeaProjects\PetMarkProject\out\artifacts\PetMarkWeb_war_exploded\WEB-INF\db\MarkPet2.odb' is closed by 16956@DESKTOP-7GOSAU4

------------------------------------------------------------------------------------------------------------------------

[2017-09-03 13:09:28 #1 store] 
Database 'C:\Users\davej\IdeaProjects\PetMarkProject\out\artifacts\PetMarkWeb_war_exploded\WEB-INF\db\MarkPet2.odb' is opened by 4168@DESKTOP-7GOSAU4

[2017-09-03 13:09:28 #2 type] 
Type websites.WebSite is not enhanced.

[2017-09-03 13:09:28 #3 type] 
Type Products.Product is not enhanced.

[2017-09-03 13:09:28 #4 type] 
Type Products.ProductModel is not enhanced.

[2017-09-03 13:09:28 #5 type] 
Type Products.ProductCompare is not enhanced.

[2017-09-03 13:09:28 #6 type] 
Type Comments.Comment is not enhanced.

[2017-09-03 13:09:28 #7 type] 
Type DataBase.User is not enhanced.

[2017-09-03 13:14:10 #8 store] 
Database 'C:\Users\davej\IdeaProjects\PetMarkProject\out\artifacts\PetMarkWeb_war_exploded\WEB-INF\db\MarkPet2.odb' is closed by 4168@DESKTOP-7GOSAU4

------------------------------------------------------------------------------------------------------------------------

[2017-09-03 13:14:34 #1 store] 
Database 'C:\Users\davej\IdeaProjects\PetMarkProject\out\artifacts\PetMarkWeb_war_exploded\WEB-INF\db\MarkPet2.odb' is opened by 1352@DESKTOP-7GOSAU4

[2017-09-03 13:14:34 #2 type] 
Type websites.WebSite is not enhanced.

[2017-09-03 13:14:34 #3 type] 
Type Products.Product is not enhanced.

[2017-09-03 13:14:34 #4 type] 
Type Products.ProductModel is not enhanced.

[2017-09-03 13:14:34 #5 type] 
Type Products.ProductCompare is not enhanced.

[2017-09-03 13:14:34 #6 type] 
Type Comments.Comment is not enhanced.

[2017-09-03 13:14:34 #7 type] 
Type DataBase.User is not enhanced.

[2017-09-03 13:40:20 #8 store] 
Database 'C:\Users\davej\IdeaProjects\PetMarkProject\out\artifacts\PetMarkWeb_war_exploded\WEB-INF\db\MarkPet2.odb' is closed by 1352@DESKTOP-7GOSAU4

------------------------------------------------------------------------------------------------------------------------

[2017-09-03 13:40:42 #1 store] 
Database 'C:\Users\davej\IdeaProjects\PetMarkProject\out\artifacts\PetMarkWeb_war_exploded\WEB-INF\db\MarkPet2.odb' is opened by 19316@DESKTOP-7GOSAU4

[2017-09-03 13:40:43 #2 type] 
Type websites.WebSite is not enhanced.

[2017-09-03 13:40:43 #3 type] 
Type Products.Product is not enhanced.

[2017-09-03 13:40:43 #4 type] 
Type Products.ProductModel is not enhanced.

[2017-09-03 13:40:43 #5 type] 
Type Products.ProductCompare is not enhanced.

[2017-09-03 13:40:43 #6 type] 
Type Comments.Comment is not enhanced.

[2017-09-03 13:40:43 #7 type] 
Type DataBase.User is not enhanced.

[2017-09-03 13:53:04 #8 store] 
Database 'C:\Users\davej\IdeaProjects\PetMarkProject\out\artifacts\PetMarkWeb_war_exploded\WEB-INF\db\MarkPet2.odb' is closed by 19316@DESKTOP-7GOSAU4

------------------------------------------------------------------------------------------------------------------------

[2017-09-03 13:53:22 #1 store] 
Database 'C:\Users\davej\IdeaProjects\PetMarkProject\out\artifacts\PetMarkWeb_war_exploded\WEB-INF\db\MarkPet2.odb' is opened by 13244@DESKTOP-7GOSAU4

[2017-09-03 13:53:22 #2 type] 
Type websites.WebSite is not enhanced.

[2017-09-03 13:53:22 #3 type] 
Type Products.Product is not enhanced.

[2017-09-03 13:53:22 #4 type] 
Type Products.ProductModel is not enhanced.

[2017-09-03 13:53:22 #5 type] 
Type Products.ProductCompare is not enhanced.

[2017-09-03 13:53:22 #6 type] 
Type Comments.Comment is not enhanced.

[2017-09-03 13:53:22 #7 type] 
Type DataBase.User is not enhanced.

[2017-09-03 13:57:17 #8 store] 
Database 'C:\Users\davej\IdeaProjects\PetMarkProject\out\artifacts\PetMarkWeb_war_exploded\WEB-INF\db\MarkPet2.odb' is closed by 13244@DESKTOP-7GOSAU4

------------------------------------------------------------------------------------------------------------------------

[2017-09-03 13:58:14 #1 store] 
Database 'C:\Users\davej\IdeaProjects\PetMarkProject\out\artifacts\PetMarkWeb_war_exploded\WEB-INF\db\MarkPet2.odb' is opened by 12972@DESKTOP-7GOSAU4

[2017-09-03 13:58:14 #2 type] 
Type websites.WebSite is not enhanced.

[2017-09-03 13:58:14 #3 type] 
Type Products.Product is not enhanced.

[2017-09-03 13:58:14 #4 type] 
Type Products.ProductModel is not enhanced.

[2017-09-03 13:58:14 #5 type] 
Type Products.ProductCompare is not enhanced.

[2017-09-03 13:58:14 #6 type] 
Type Comments.Comment is not enhanced.

[2017-09-03 13:58:14 #7 type] 
Type DataBase.User is not enhanced.

[2017-09-03 14:28:48 #8 store] 
Database 'C:\Users\davej\IdeaProjects\PetMarkProject\out\artifacts\PetMarkWeb_war_exploded\WEB-INF\db\MarkPet2.odb' is closed by 12972@DESKTOP-7GOSAU4

------------------------------------------------------------------------------------------------------------------------

[2017-09-03 14:29:08 #1 store] 
Database 'C:\Users\davej\IdeaProjects\PetMarkProject\out\artifacts\PetMarkWeb_war_exploded\WEB-INF\db\MarkPet2.odb' is opened by 15264@DESKTOP-7GOSAU4

[2017-09-03 14:29:08 #2 type] 
Type websites.WebSite is not enhanced.

[2017-09-03 14:29:08 #3 type] 
Type Products.Product is not enhanced.

[2017-09-03 14:29:08 #4 type] 
Type Products.ProductModel is not enhanced.

[2017-09-03 14:29:08 #5 type] 
Type Products.ProductCompare is not enhanced.

[2017-09-03 14:29:08 #6 type] 
Type Comments.Comment is not enhanced.

[2017-09-03 14:29:08 #7 type] 
Type DataBase.User is not enhanced.

[2017-09-03 14:29:46 #8 store] 
Database 'C:\Users\davej\IdeaProjects\PetMarkProject\out\artifacts\PetMarkWeb_war_exploded\WEB-INF\db\MarkPet2.odb' is closed by 15264@DESKTOP-7GOSAU4

------------------------------------------------------------------------------------------------------------------------

[2017-09-03 14:43:39 #1 store] 
Database 'C:\Users\davej\IdeaProjects\PetMarkProject\out\artifacts\PetMarkWeb_war_exploded\WEB-INF\db\MarkPet2.odb' is opened by 6292@DESKTOP-7GOSAU4

[2017-09-03 14:43:39 #2 type] 
Type websites.WebSite is not enhanced.

[2017-09-03 14:43:39 #3 type] 
Type Products.Product is not enhanced.

[2017-09-03 14:43:39 #4 type] 
Type Products.ProductModel is not enhanced.

[2017-09-03 14:43:39 #5 type] 
Type Products.ProductCompare is not enhanced.

[2017-09-03 14:43:39 #6 type] 
Type Comments.Comment is not enhanced.

[2017-09-03 14:43:39 #7 type] 
Type DataBase.User is not enhanced.

[2017-09-03 14:49:37 #8 store] 
Database 'C:\Users\davej\IdeaProjects\PetMarkProject\out\artifacts\PetMarkWeb_war_exploded\WEB-INF\db\MarkPet2.odb' is closed by 6292@DESKTOP-7GOSAU4

------------------------------------------------------------------------------------------------------------------------

[2017-09-03 14:52:59 #1 store] 
Database 'C:\Users\davej\IdeaProjects\PetMarkProject\out\artifacts\PetMarkWeb_war_exploded\WEB-INF\db\MarkPet2.odb' is opened by 14740@DESKTOP-7GOSAU4

[2017-09-03 14:53:00 #2 type] 
Type websites.WebSite is not enhanced.

[2017-09-03 14:53:00 #3 type] 
Type Products.Product is not enhanced.

[2017-09-03 14:53:00 #4 type] 
Type Products.ProductModel is not enhanced.

[2017-09-03 14:53:00 #5 type] 
Type Products.ProductCompare is not enhanced.

[2017-09-03 14:53:00 #6 type] 
Type Comments.Comment is not enhanced.

[2017-09-03 14:53:00 #7 type] 
Type DataBase.User is not enhanced.

[2017-09-03 14:53:57 #8 store] 
Database 'C:\Users\davej\IdeaProjects\PetMarkProject\out\artifacts\PetMarkWeb_war_exploded\WEB-INF\db\MarkPet2.odb' is closed by 14740@DESKTOP-7GOSAU4

------------------------------------------------------------------------------------------------------------------------

[2017-09-03 14:54:30 #1 store] 
Database 'C:\Users\davej\IdeaProjects\PetMarkProject\out\artifacts\PetMarkWeb_war_exploded\WEB-INF\db\MarkPet2.odb' is opened by 18788@DESKTOP-7GOSAU4

[2017-09-03 14:54:31 #2 type] 
Type websites.WebSite is not enhanced.

[2017-09-03 14:54:31 #3 type] 
Type Products.Product is not enhanced.

[2017-09-03 14:54:31 #4 type] 
Type Products.ProductModel is not enhanced.

[2017-09-03 14:54:31 #5 type] 
Type Products.ProductCompare is not enhanced.

[2017-09-03 14:54:31 #6 type] 
Type Comments.Comment is not enhanced.

[2017-09-03 14:54:31 #7 type] 
Type DataBase.User is not enhanced.

[2017-09-03 14:55:05 #8 store] 
Database 'C:\Users\davej\IdeaProjects\PetMarkProject\out\artifacts\PetMarkWeb_war_exploded\WEB-INF\db\MarkPet2.odb' is closed by 18788@DESKTOP-7GOSAU4

------------------------------------------------------------------------------------------------------------------------

[2017-09-03 14:55:37 #1 store] 
Database 'C:\Users\davej\IdeaProjects\PetMarkProject\out\artifacts\PetMarkWeb_war_exploded\WEB-INF\db\MarkPet2.odb' is opened by 3888@DESKTOP-7GOSAU4

[2017-09-03 14:55:37 #2 type] 
Type websites.WebSite is not enhanced.

[2017-09-03 14:55:37 #3 type] 
Type Products.Product is not enhanced.

[2017-09-03 14:55:37 #4 type] 
Type Products.ProductModel is not enhanced.

[2017-09-03 14:55:37 #5 type] 
Type Products.ProductCompare is not enhanced.

[2017-09-03 14:55:37 #6 type] 
Type Comments.Comment is not enhanced.

[2017-09-03 14:55:37 #7 type] 
Type DataBase.User is not enhanced.

[2017-09-03 14:56:25 #8 store] 
Database 'C:\Users\davej\IdeaProjects\PetMarkProject\out\artifacts\PetMarkWeb_war_exploded\WEB-INF\db\MarkPet2.odb' is closed by 3888@DESKTOP-7GOSAU4

------------------------------------------------------------------------------------------------------------------------

[2017-09-03 15:47:30 #1 store] 
Database 'C:\Users\davej\IdeaProjects\PetMarkProject\out\artifacts\PetMarkWeb_war_exploded\WEB-INF\db\MarkPet2.odb' is opened by 17708@DESKTOP-7GOSAU4

[2017-09-03 15:47:30 #2 type] 
Type websites.WebSite is not enhanced.

[2017-09-03 15:47:30 #3 type] 
Type Products.Product is not enhanced.

[2017-09-03 15:47:30 #4 type] 
Type Products.ProductModel is not enhanced.

[2017-09-03 15:47:30 #5 type] 
Type Products.ProductCompare is not enhanced.

[2017-09-03 15:47:30 #6 type] 
Type Comments.Comment is not enhanced.

[2017-09-03 15:47:30 #7 type] 
Type DataBase.User is not enhanced.

[2017-09-03 16:13:10 #8 store] 
Database 'C:\Users\davej\IdeaProjects\PetMarkProject\out\artifacts\PetMarkWeb_war_exploded\WEB-INF\db\MarkPet2.odb' is closed by 17708@DESKTOP-7GOSAU4

------------------------------------------------------------------------------------------------------------------------

[2017-09-03 16:15:32 #1 store] 
Database 'C:\Users\davej\IdeaProjects\PetMarkProject\out\artifacts\PetMarkWeb_war_exploded\WEB-INF\db\MarkPet2.odb' is opened by 18056@DESKTOP-7GOSAU4

[2017-09-03 16:15:33 #2 type] 
Type websites.WebSite is not enhanced.

[2017-09-03 16:15:33 #3 type] 
Type Products.Product is not enhanced.

[2017-09-03 16:15:33 #4 type] 
Type Products.ProductModel is not enhanced.

[2017-09-03 16:15:33 #5 type] 
Type Products.ProductCompare is not enhanced.

[2017-09-03 16:15:33 #6 type] 
Type Comments.Comment is not enhanced.

[2017-09-03 16:15:33 #7 type] 
Type DataBase.User is not enhanced.

[2017-09-03 16:19:30 #8 store] 
Database 'C:\Users\davej\IdeaProjects\PetMarkProject\out\artifacts\PetMarkWeb_war_exploded\WEB-INF\db\MarkPet2.odb' is closed by 18056@DESKTOP-7GOSAU4

------------------------------------------------------------------------------------------------------------------------

[2017-09-03 16:20:08 #1 store] 
Database 'C:\Users\davej\IdeaProjects\PetMarkProject\out\artifacts\PetMarkWeb_war_exploded\WEB-INF\db\MarkPet2.odb' is opened by 10312@DESKTOP-7GOSAU4

[2017-09-03 16:20:08 #2 type] 
Type websites.WebSite is not enhanced.

[2017-09-03 16:20:08 #3 type] 
Type Products.Product is not enhanced.

[2017-09-03 16:20:08 #4 type] 
Type Products.ProductModel is not enhanced.

[2017-09-03 16:20:08 #5 type] 
Type Products.ProductCompare is not enhanced.

[2017-09-03 16:20:08 #6 type] 
Type Comments.Comment is not enhanced.

[2017-09-03 16:20:08 #7 type] 
Type DataBase.User is not enhanced.

[2017-09-03 16:24:27 #8 store] 
Database 'C:\Users\davej\IdeaProjects\PetMarkProject\out\artifacts\PetMarkWeb_war_exploded\WEB-INF\db\MarkPet2.odb' is closed by 10312@DESKTOP-7GOSAU4

------------------------------------------------------------------------------------------------------------------------

[2017-09-03 16:25:38 #1 store] 
Database 'C:\Users\davej\IdeaProjects\PetMarkProject\out\artifacts\PetMarkWeb_war_exploded\WEB-INF\db\MarkPet2.odb' is opened by 18932@DESKTOP-7GOSAU4

[2017-09-03 16:25:39 #2 type] 
Type websites.WebSite is not enhanced.

[2017-09-03 16:25:39 #3 type] 
Type Products.Product is not enhanced.

[2017-09-03 16:25:39 #4 type] 
Type Products.ProductModel is not enhanced.

[2017-09-03 16:25:39 #5 type] 
Type Products.ProductCompare is not enhanced.

[2017-09-03 16:25:39 #6 type] 
Type Comments.Comment is not enhanced.

[2017-09-03 16:25:39 #7 type] 
Type DataBase.User is not enhanced.

[2017-09-03 16:27:20 #8 store] 
Database 'C:\Users\davej\IdeaProjects\PetMarkProject\out\artifacts\PetMarkWeb_war_exploded\WEB-INF\db\MarkPet2.odb' is closed by 18932@DESKTOP-7GOSAU4

------------------------------------------------------------------------------------------------------------------------

[2017-09-03 16:28:40 #1 store] 
Database 'C:\Users\davej\IdeaProjects\PetMarkProject\out\artifacts\PetMarkWeb_war_exploded\WEB-INF\db\MarkPet2.odb' is opened by 14508@DESKTOP-7GOSAU4

[2017-09-03 16:28:41 #2 type] 
Type websites.WebSite is not enhanced.

[2017-09-03 16:28:41 #3 type] 
Type Products.Product is not enhanced.

[2017-09-03 16:28:41 #4 type] 
Type Products.ProductModel is not enhanced.

[2017-09-03 16:28:41 #5 type] 
Type Products.ProductCompare is not enhanced.

[2017-09-03 16:28:41 #6 type] 
Type Comments.Comment is not enhanced.

[2017-09-03 16:28:41 #7 type] 
Type DataBase.User is not enhanced.

[2017-09-03 17:00:25 #8 store] 
Database 'C:\Users\davej\IdeaProjects\PetMarkProject\out\artifacts\PetMarkWeb_war_exploded\WEB-INF\db\MarkPet2.odb' is closed by 14508@DESKTOP-7GOSAU4

------------------------------------------------------------------------------------------------------------------------

[2017-09-03 17:00:45 #1 store] 
Database 'C:\Users\davej\IdeaProjects\PetMarkProject\out\artifacts\PetMarkWeb_war_exploded\WEB-INF\db\MarkPet2.odb' is opened by 4216@DESKTOP-7GOSAU4

[2017-09-03 17:00:45 #2 type] 
Type websites.WebSite is not enhanced.

[2017-09-03 17:00:45 #3 type] 
Type Products.Product is not enhanced.

[2017-09-03 17:00:45 #4 type] 
Type Products.ProductModel is not enhanced.

[2017-09-03 17:00:45 #5 type] 
Type Products.ProductCompare is not enhanced.

[2017-09-03 17:00:45 #6 type] 
Type Comments.Comment is not enhanced.

[2017-09-03 17:00:45 #7 type] 
Type DataBase.User is not enhanced.

[2017-09-03 17:02:31 #8 store] 
Database 'C:\Users\davej\IdeaProjects\PetMarkProject\out\artifacts\PetMarkWeb_war_exploded\WEB-INF\db\MarkPet2.odb' is closed by 4216@DESKTOP-7GOSAU4

------------------------------------------------------------------------------------------------------------------------

[2017-09-03 17:02:48 #1 store] 
Database 'C:\Users\davej\IdeaProjects\PetMarkProject\out\artifacts\PetMarkWeb_war_exploded\WEB-INF\db\MarkPet2.odb' is opened by 3744@DESKTOP-7GOSAU4

[2017-09-03 17:02:48 #2 type] 
Type websites.WebSite is not enhanced.

[2017-09-03 17:02:48 #3 type] 
Type Products.Product is not enhanced.

[2017-09-03 17:02:48 #4 type] 
Type Products.ProductModel is not enhanced.

[2017-09-03 17:02:48 #5 type] 
Type Products.ProductCompare is not enhanced.

[2017-09-03 17:02:48 #6 type] 
Type Comments.Comment is not enhanced.

[2017-09-03 17:02:48 #7 type] 
Type DataBase.User is not enhanced.

[2017-09-03 18:00:28 #8 store] 
Database 'C:\Users\davej\IdeaProjects\PetMarkProject\out\artifacts\PetMarkWeb_war_exploded\WEB-INF\db\MarkPet2.odb' is closed by 3744@DESKTOP-7GOSAU4

------------------------------------------------------------------------------------------------------------------------

[2017-09-03 18:12:43 #1 store] 
Database 'C:\Users\davej\IdeaProjects\PetMarkProject\out\artifacts\PetMarkWeb_war_exploded\WEB-INF\db\MarkPet2.odb' is opened by 8552@DESKTOP-7GOSAU4

[2017-09-03 18:12:44 #2 type] 
Type websites.WebSite is not enhanced.

[2017-09-03 18:12:44 #3 type] 
Type Products.Product is not enhanced.

[2017-09-03 18:12:44 #4 type] 
Type Products.ProductModel is not enhanced.

[2017-09-03 18:12:44 #5 type] 
Type Products.ProductCompare is not enhanced.

[2017-09-03 18:12:44 #6 type] 
Type Comments.Comment is not enhanced.

[2017-09-03 18:12:44 #7 type] 
Type DataBase.User is not enhanced.

[2017-09-03 19:33:50 #8 store] 
Database 'C:\Users\davej\IdeaProjects\PetMarkProject\out\artifacts\PetMarkWeb_war_exploded\WEB-INF\db\MarkPet2.odb' is closed by 8552@DESKTOP-7GOSAU4

------------------------------------------------------------------------------------------------------------------------

[2017-09-03 19:34:33 #1 store] 
Database 'C:\Users\davej\IdeaProjects\PetMarkProject\out\artifacts\PetMarkWeb_war_exploded\WEB-INF\db\MarkPet2.odb' is opened by 13984@DESKTOP-7GOSAU4

[2017-09-03 19:34:33 #2 type] 
Type websites.WebSite is not enhanced.

[2017-09-03 19:34:33 #3 type] 
Type Products.Product is not enhanced.

[2017-09-03 19:34:33 #4 type] 
Type Products.ProductModel is not enhanced.

[2017-09-03 19:34:33 #5 type] 
Type Products.ProductCompare is not enhanced.

[2017-09-03 19:34:33 #6 type] 
Type Comments.Comment is not enhanced.

[2017-09-03 19:34:33 #7 type] 
Type DataBase.User is not enhanced.

[2017-09-03 19:44:24 #8 store] 
Database 'C:\Users\davej\IdeaProjects\PetMarkProject\out\artifacts\PetMarkWeb_war_exploded\WEB-INF\db\MarkPet2.odb' is closed by 13984@DESKTOP-7GOSAU4

------------------------------------------------------------------------------------------------------------------------

[2017-09-03 19:44:58 #1 store] 
Database 'C:\Users\davej\IdeaProjects\PetMarkProject\out\artifacts\PetMarkWeb_war_exploded\WEB-INF\db\MarkPet2.odb' is opened by 18584@DESKTOP-7GOSAU4

[2017-09-03 19:44:58 #2 type] 
Type websites.WebSite is not enhanced.

[2017-09-03 19:44:58 #3 type] 
Type Products.Product is not enhanced.

[2017-09-03 19:44:58 #4 type] 
Type Products.ProductModel is not enhanced.

[2017-09-03 19:44:58 #5 type] 
Type Products.ProductCompare is not enhanced.

[2017-09-03 19:44:58 #6 type] 
Type Comments.Comment is not enhanced.

[2017-09-03 19:44:58 #7 type] 
Type DataBase.User is not enhanced.

[2017-09-03 19:46:03 #8 store] 
Database 'C:\Users\davej\IdeaProjects\PetMarkProject\out\artifacts\PetMarkWeb_war_exploded\WEB-INF\db\MarkPet2.odb' is closed by 18584@DESKTOP-7GOSAU4

------------------------------------------------------------------------------------------------------------------------

[2017-09-03 19:46:28 #1 store] 
Database 'C:\Users\davej\IdeaProjects\PetMarkProject\out\artifacts\PetMarkWeb_war_exploded\WEB-INF\db\MarkPet2.odb' is opened by 12940@DESKTOP-7GOSAU4

[2017-09-03 19:46:28 #2 type] 
Type websites.WebSite is not enhanced.

[2017-09-03 19:46:28 #3 type] 
Type Products.Product is not enhanced.

[2017-09-03 19:46:28 #4 type] 
Type Products.ProductModel is not enhanced.

[2017-09-03 19:46:28 #5 type] 
Type Products.ProductCompare is not enhanced.

[2017-09-03 19:46:28 #6 type] 
Type Comments.Comment is not enhanced.

[2017-09-03 19:46:28 #7 type] 
Type DataBase.User is not enhanced.

[2017-09-03 19:57:58 #8 store] 
Database 'C:\Users\davej\IdeaProjects\PetMarkProject\out\artifacts\PetMarkWeb_war_exploded\WEB-INF\db\MarkPet2.odb' is closed by 12940@DESKTOP-7GOSAU4

------------------------------------------------------------------------------------------------------------------------

[2017-09-03 20:11:42 #1 store] 
Database 'C:\Users\davej\IdeaProjects\PetMarkProject\out\artifacts\PetMarkWeb_war_exploded\WEB-INF\db\MarkPet2.odb' is opened by 8720@DESKTOP-7GOSAU4

[2017-09-03 20:11:43 #2 type] 
Type websites.WebSite is not enhanced.

[2017-09-03 20:11:43 #3 type] 
Type Products.Product is not enhanced.

[2017-09-03 20:11:43 #4 type] 
Type Products.ProductModel is not enhanced.

[2017-09-03 20:11:43 #5 type] 
Type Products.ProductCompare is not enhanced.

[2017-09-03 20:11:43 #6 type] 
Type Comments.Comment is not enhanced.

[2017-09-03 20:11:43 #7 type] 
Type DataBase.User is not enhanced.

[2017-09-03 20:19:04 #8 store] 
Database 'C:\Users\davej\IdeaProjects\PetMarkProject\out\artifacts\PetMarkWeb_war_exploded\WEB-INF\db\MarkPet2.odb' is closed by 8720@DESKTOP-7GOSAU4

------------------------------------------------------------------------------------------------------------------------

[2017-09-03 20:21:52 #1 store] 
Database 'C:\Users\davej\IdeaProjects\PetMarkProject\out\artifacts\PetMarkWeb_war_exploded\WEB-INF\db\MarkPet2.odb' is opened by 3216@DESKTOP-7GOSAU4

[2017-09-03 20:21:53 #2 type] 
Type websites.WebSite is not enhanced.

[2017-09-03 20:21:53 #3 type] 
Type Products.Product is not enhanced.

[2017-09-03 20:21:53 #4 type] 
Type Products.ProductModel is not enhanced.

[2017-09-03 20:21:53 #5 type] 
Type Products.ProductCompare is not enhanced.

[2017-09-03 20:21:53 #6 type] 
Type Comments.Comment is not enhanced.

[2017-09-03 20:21:53 #7 type] 
Type DataBase.User is not enhanced.

[2017-09-03 20:30:19 #8 store] 
Database 'C:\Users\davej\IdeaProjects\PetMarkProject\out\artifacts\PetMarkWeb_war_exploded\WEB-INF\db\MarkPet2.odb' is closed by 3216@DESKTOP-7GOSAU4

------------------------------------------------------------------------------------------------------------------------

[2017-09-03 20:38:09 #1 store] 
Database 'C:\Users\davej\IdeaProjects\PetMarkProject\out\artifacts\PetMarkWeb_war_exploded\WEB-INF\db\MarkPet2.odb' is opened by 11836@DESKTOP-7GOSAU4

[2017-09-03 20:38:09 #2 type] 
Type websites.WebSite is not enhanced.

[2017-09-03 20:38:09 #3 type] 
Type Products.Product is not enhanced.

[2017-09-03 20:38:09 #4 type] 
Type Products.ProductModel is not enhanced.

[2017-09-03 20:38:09 #5 type] 
Type Products.ProductCompare is not enhanced.

[2017-09-03 20:38:09 #6 type] 
Type Comments.Comment is not enhanced.

[2017-09-03 20:38:09 #7 type] 
Type DataBase.User is not enhanced.

[2017-09-03 20:39:49 #8 store] 
Database 'C:\Users\davej\IdeaProjects\PetMarkProject\out\artifacts\PetMarkWeb_war_exploded\WEB-INF\db\MarkPet2.odb' is closed by 11836@DESKTOP-7GOSAU4

------------------------------------------------------------------------------------------------------------------------

[2017-09-03 20:51:19 #1 store] 
Database 'C:\Users\davej\IdeaProjects\PetMarkProject\out\artifacts\PetMarkWeb_war_exploded\WEB-INF\db\MarkPet2.odb' is opened by 17992@DESKTOP-7GOSAU4

[2017-09-03 20:51:19 #2 type] 
Type websites.WebSite is not enhanced.

[2017-09-03 20:51:19 #3 type] 
Type Products.Product is not enhanced.

[2017-09-03 20:51:19 #4 type] 
Type Products.ProductModel is not enhanced.

[2017-09-03 20:51:19 #5 type] 
Type Products.ProductCompare is not enhanced.

[2017-09-03 20:51:19 #6 type] 
Type Comments.Comment is not enhanced.

[2017-09-03 20:51:19 #7 type] 
Type DataBase.User is not enhanced.

[2017-09-03 21:30:41 #8 store] 
Database 'C:\Users\davej\IdeaProjects\PetMarkProject\out\artifacts\PetMarkWeb_war_exploded\WEB-INF\db\MarkPet2.odb' is closed by 17992@DESKTOP-7GOSAU4

------------------------------------------------------------------------------------------------------------------------

[2017-09-03 21:31:40 #1 store] 
Database 'C:\Users\davej\IdeaProjects\PetMarkProject\out\artifacts\PetMarkWeb_war_exploded\WEB-INF\db\MarkPet2.odb' is opened by 7396@DESKTOP-7GOSAU4

[2017-09-03 21:31:40 #2 type] 
Type websites.WebSite is not enhanced.

[2017-09-03 21:31:40 #3 type] 
Type Products.Product is not enhanced.

[2017-09-03 21:31:40 #4 type] 
Type Products.ProductModel is not enhanced.

[2017-09-03 21:31:40 #5 type] 
Type Products.ProductCompare is not enhanced.

[2017-09-03 21:31:40 #6 type] 
Type Comments.Comment is not enhanced.

[2017-09-03 21:31:40 #7 type] 
Type DataBase.User is not enhanced.

[2017-09-03 21:51:06 #8 store] 
Database 'C:\Users\davej\IdeaProjects\PetMarkProject\out\artifacts\PetMarkWeb_war_exploded\WEB-INF\db\MarkPet2.odb' is closed by 7396@DESKTOP-7GOSAU4

------------------------------------------------------------------------------------------------------------------------

[2017-09-03 21:51:50 #1 store] 
Database 'C:\Users\davej\IdeaProjects\PetMarkProject\out\artifacts\PetMarkWeb_war_exploded\WEB-INF\db\MarkPet2.odb' is opened by 2132@DESKTOP-7GOSAU4

[2017-09-03 21:51:50 #2 type] 
Type websites.WebSite is not enhanced.

[2017-09-03 21:51:50 #3 type] 
Type Products.Product is not enhanced.

[2017-09-03 21:51:50 #4 type] 
Type Products.ProductModel is not enhanced.

[2017-09-03 21:51:50 #5 type] 
Type Products.ProductCompare is not enhanced.

[2017-09-03 21:51:50 #6 type] 
Type Comments.Comment is not enhanced.

[2017-09-03 21:51:51 #7 type] 
Type DataBase.User is not enhanced.

[2017-09-03 21:57:17 #8 store] 
Database 'C:\Users\davej\IdeaProjects\PetMarkProject\out\artifacts\PetMarkWeb_war_exploded\WEB-INF\db\MarkPet2.odb' is closed by 2132@DESKTOP-7GOSAU4

------------------------------------------------------------------------------------------------------------------------

[2017-09-03 22:00:09 #1 store] 
Database 'C:\Users\davej\IdeaProjects\PetMarkProject\out\artifacts\PetMarkWeb_war_exploded\WEB-INF\db\MarkPet2.odb' is opened by 4080@DESKTOP-7GOSAU4

[2017-09-03 22:00:09 #2 type] 
Type websites.WebSite is not enhanced.

[2017-09-03 22:00:09 #3 type] 
Type Products.Product is not enhanced.

[2017-09-03 22:00:09 #4 type] 
Type Products.ProductModel is not enhanced.

[2017-09-03 22:00:09 #5 type] 
Type Products.ProductCompare is not enhanced.

[2017-09-03 22:00:09 #6 type] 
Type Comments.Comment is not enhanced.

[2017-09-03 22:00:09 #7 type] 
Type DataBase.User is not enhanced.

[2017-09-03 22:19:42 #8 store] 
Database 'C:\Users\davej\IdeaProjects\PetMarkProject\out\artifacts\PetMarkWeb_war_exploded\WEB-INF\db\MarkPet2.odb' is closed by 4080@DESKTOP-7GOSAU4

------------------------------------------------------------------------------------------------------------------------

[2017-09-03 22:22:01 #1 store] 
Database 'C:\Users\davej\IdeaProjects\PetMarkProject\out\artifacts\PetMarkWeb_war_exploded\WEB-INF\db\MarkPet2.odb' is opened by 17512@DESKTOP-7GOSAU4

[2017-09-03 22:22:01 #2 type] 
Type websites.WebSite is not enhanced.

[2017-09-03 22:22:01 #3 type] 
Type Products.Product is not enhanced.

[2017-09-03 22:22:01 #4 type] 
Type Products.ProductModel is not enhanced.

[2017-09-03 22:22:01 #5 type] 
Type Products.ProductCompare is not enhanced.

[2017-09-03 22:22:01 #6 type] 
Type Comments.Comment is not enhanced.

[2017-09-03 22:22:01 #7 type] 
Type DataBase.User is not enhanced.

[2017-09-03 22:31:44 #8 store] 
Database 'C:\Users\davej\IdeaProjects\PetMarkProject\out\artifacts\PetMarkWeb_war_exploded\WEB-INF\db\MarkPet2.odb' is closed by 17512@DESKTOP-7GOSAU4

------------------------------------------------------------------------------------------------------------------------

[2017-09-03 22:33:13 #1 store] 
Database 'C:\Users\davej\IdeaProjects\PetMarkProject\out\artifacts\PetMarkWeb_war_exploded\WEB-INF\db\MarkPet2.odb' is opened by 18444@DESKTOP-7GOSAU4

[2017-09-03 22:33:13 #2 type] 
Type websites.WebSite is not enhanced.

[2017-09-03 22:33:13 #3 type] 
Type Products.Product is not enhanced.

[2017-09-03 22:33:13 #4 type] 
Type Products.ProductModel is not enhanced.

[2017-09-03 22:33:13 #5 type] 
Type Products.ProductCompare is not enhanced.

[2017-09-03 22:33:13 #6 type] 
Type Comments.Comment is not enhanced.

[2017-09-03 22:33:13 #7 type] 
Type DataBase.User is not enhanced.

[2017-09-03 22:36:09 #8 store] 
Database 'C:\Users\davej\IdeaProjects\PetMarkProject\out\artifacts\PetMarkWeb_war_exploded\WEB-INF\db\MarkPet2.odb' is closed by 18444@DESKTOP-7GOSAU4

------------------------------------------------------------------------------------------------------------------------

[2017-09-03 22:36:37 #1 store] 
Database 'C:\Users\davej\IdeaProjects\PetMarkProject\out\artifacts\PetMarkWeb_war_exploded\WEB-INF\db\MarkPet2.odb' is opened by 14060@DESKTOP-7GOSAU4

[2017-09-03 22:36:37 #2 type] 
Type websites.WebSite is not enhanced.

[2017-09-03 22:36:37 #3 type] 
Type Products.Product is not enhanced.

[2017-09-03 22:36:37 #4 type] 
Type Products.ProductModel is not enhanced.

[2017-09-03 22:36:37 #5 type] 
Type Products.ProductCompare is not enhanced.

[2017-09-03 22:36:37 #6 type] 
Type Comments.Comment is not enhanced.

[2017-09-03 22:36:37 #7 type] 
Type DataBase.User is not enhanced.

[2017-09-03 22:38:42 #8 store] 
Database 'C:\Users\davej\IdeaProjects\PetMarkProject\out\artifacts\PetMarkWeb_war_exploded\WEB-INF\db\MarkPet2.odb' is closed by 14060@DESKTOP-7GOSAU4

------------------------------------------------------------------------------------------------------------------------

[2017-09-03 22:39:02 #1 store] 
Database 'C:\Users\davej\IdeaProjects\PetMarkProject\out\artifacts\PetMarkWeb_war_exploded\WEB-INF\db\MarkPet2.odb' is opened by 16640@DESKTOP-7GOSAU4

[2017-09-03 22:39:02 #2 type] 
Type websites.WebSite is not enhanced.

[2017-09-03 22:39:02 #3 type] 
Type Products.Product is not enhanced.

[2017-09-03 22:39:02 #4 type] 
Type Products.ProductModel is not enhanced.

[2017-09-03 22:39:02 #5 type] 
Type Products.ProductCompare is not enhanced.

[2017-09-03 22:39:02 #6 type] 
Type Comments.Comment is not enhanced.

[2017-09-03 22:39:02 #7 type] 
Type DataBase.User is not enhanced.

[2017-09-03 22:43:25 #8 store] 
Database 'C:\Users\davej\IdeaProjects\PetMarkProject\out\artifacts\PetMarkWeb_war_exploded\WEB-INF\db\MarkPet2.odb' is closed by 16640@DESKTOP-7GOSAU4

------------------------------------------------------------------------------------------------------------------------

[2017-09-03 22:43:45 #1 store] 
Database 'C:\Users\davej\IdeaProjects\PetMarkProject\out\artifacts\PetMarkWeb_war_exploded\WEB-INF\db\MarkPet2.odb' is opened by 17360@DESKTOP-7GOSAU4

[2017-09-03 22:43:45 #2 type] 
Type websites.WebSite is not enhanced.

[2017-09-03 22:43:45 #3 type] 
Type Products.Product is not enhanced.

[2017-09-03 22:43:45 #4 type] 
Type Products.ProductModel is not enhanced.

[2017-09-03 22:43:45 #5 type] 
Type Products.ProductCompare is not enhanced.

[2017-09-03 22:43:45 #6 type] 
Type Comments.Comment is not enhanced.

[2017-09-03 22:43:45 #7 type] 
Type DataBase.User is not enhanced.

[2017-09-03 22:54:17 #8 store] 
Database 'C:\Users\davej\IdeaProjects\PetMarkProject\out\artifacts\PetMarkWeb_war_exploded\WEB-INF\db\MarkPet2.odb' is closed by 17360@DESKTOP-7GOSAU4

------------------------------------------------------------------------------------------------------------------------

[2017-09-03 23:02:41 #1 store] 
Database 'C:\Users\davej\IdeaProjects\PetMarkProject\out\artifacts\PetMarkWeb_war_exploded\WEB-INF\db\MarkPet2.odb' is opened by 2076@DESKTOP-7GOSAU4

[2017-09-03 23:02:41 #2 type] 
Type websites.WebSite is not enhanced.

[2017-09-03 23:02:41 #3 type] 
Type Products.Product is not enhanced.

[2017-09-03 23:02:41 #4 type] 
Type Products.ProductModel is not enhanced.

[2017-09-03 23:02:41 #5 type] 
Type Products.ProductCompare is not enhanced.

[2017-09-03 23:02:41 #6 type] 
Type Comments.Comment is not enhanced.

[2017-09-03 23:02:41 #7 type] 
Type DataBase.User is not enhanced.

[2017-09-03 23:05:40 #8 store] 
Database 'C:\Users\davej\IdeaProjects\PetMarkProject\out\artifacts\PetMarkWeb_war_exploded\WEB-INF\db\MarkPet2.odb' is closed by 2076@DESKTOP-7GOSAU4

------------------------------------------------------------------------------------------------------------------------

[2017-09-03 23:06:46 #1 store] 
Database 'C:\Users\davej\IdeaProjects\PetMarkProject\out\artifacts\PetMarkWeb_war_exploded\WEB-INF\db\MarkPet2.odb' is opened by 14812@DESKTOP-7GOSAU4

[2017-09-03 23:06:46 #2 type] 
Type websites.WebSite is not enhanced.

[2017-09-03 23:06:46 #3 type] 
Type Products.Product is not enhanced.

[2017-09-03 23:06:46 #4 type] 
Type Products.ProductModel is not enhanced.

[2017-09-03 23:06:46 #5 type] 
Type Products.ProductCompare is not enhanced.

[2017-09-03 23:06:46 #6 type] 
Type Comments.Comment is not enhanced.

[2017-09-03 23:06:46 #7 type] 
Type DataBase.User is not enhanced.

[2017-09-03 23:15:22 #8 store] 
Database 'C:\Users\davej\IdeaProjects\PetMarkProject\out\artifacts\PetMarkWeb_war_exploded\WEB-INF\db\MarkPet2.odb' is closed by 14812@DESKTOP-7GOSAU4

------------------------------------------------------------------------------------------------------------------------

[2017-09-03 23:17:02 #1 store] 
Database 'C:\Users\davej\IdeaProjects\PetMarkProject\out\artifacts\PetMarkWeb_war_exploded\WEB-INF\db\MarkPet2.odb' is opened by 9188@DESKTOP-7GOSAU4

[2017-09-03 23:17:02 #2 type] 
Type websites.WebSite is not enhanced.

[2017-09-03 23:17:02 #3 type] 
Type Products.Product is not enhanced.

[2017-09-03 23:17:02 #4 type] 
Type Products.ProductModel is not enhanced.

[2017-09-03 23:17:02 #5 type] 
Type Products.ProductCompare is not enhanced.

[2017-09-03 23:17:02 #6 type] 
Type Comments.Comment is not enhanced.

[2017-09-03 23:17:02 #7 type] 
Type DataBase.User is not enhanced.

[2017-09-03 23:19:27 #8 store] 
Database 'C:\Users\davej\IdeaProjects\PetMarkProject\out\artifacts\PetMarkWeb_war_exploded\WEB-INF\db\MarkPet2.odb' is closed by 9188@DESKTOP-7GOSAU4

------------------------------------------------------------------------------------------------------------------------

[2017-09-03 23:19:52 #1 store] 
Database 'C:\Users\davej\IdeaProjects\PetMarkProject\out\artifacts\PetMarkWeb_war_exploded\WEB-INF\db\MarkPet2.odb' is opened by 4412@DESKTOP-7GOSAU4

[2017-09-03 23:19:52 #2 type] 
Type websites.WebSite is not enhanced.

[2017-09-03 23:19:52 #3 type] 
Type Products.Product is not enhanced.

[2017-09-03 23:19:52 #4 type] 
Type Products.ProductModel is not enhanced.

[2017-09-03 23:19:52 #5 type] 
Type Products.ProductCompare is not enhanced.

[2017-09-03 23:19:52 #6 type] 
Type Comments.Comment is not enhanced.

[2017-09-03 23:19:52 #7 type] 
Type DataBase.User is not enhanced.

[2017-09-03 23:43:40 #8 store] 
Database 'C:\Users\davej\IdeaProjects\PetMarkProject\out\artifacts\PetMarkWeb_war_exploded\WEB-INF\db\MarkPet2.odb' is closed by 4412@DESKTOP-7GOSAU4

