------------------------------------------------------------------------------------------------------------------------

[2017-08-13 13:06:59 #1 store] 
Database 'C:\Users\davej\IdeaProjects\PetMarkProject\out\artifacts\PetMarkWeb_war_exploded\WEB-INF\db\MarkPet2.odb' is opened by 20852@DESKTOP-7GOSAU4

[2017-08-13 13:06:59 #2 type] 
Type websites.WebSite is not enhanced.

[2017-08-13 13:06:59 #3 type] 
Type Products.Product is not enhanced.

[2017-08-13 13:07:00 #4 type] 
Type Products.ProductModel is not enhanced.

[2017-08-13 13:07:00 #5 type] 
Type Products.ProductCompare is not enhanced.

[2017-08-13 14:46:48 #6 store] 
Database 'C:\Users\davej\IdeaProjects\PetMarkProject\out\artifacts\PetMarkWeb_war_exploded\WEB-INF\db\MarkPet2.odb' is closed by 20852@DESKTOP-7GOSAU4

------------------------------------------------------------------------------------------------------------------------

[2017-08-13 14:47:49 #1 store] 
Database 'C:\Users\davej\IdeaProjects\PetMarkProject\out\artifacts\PetMarkWeb_war_exploded\WEB-INF\db\MarkPet2.odb' is opened by 21388@DESKTOP-7GOSAU4

[2017-08-13 14:47:49 #2 type] 
Type websites.WebSite is not enhanced.

[2017-08-13 14:47:49 #3 type] 
Type Products.Product is not enhanced.

[2017-08-13 14:47:49 #4 type] 
Type Products.ProductModel is not enhanced.

[2017-08-13 14:47:49 #5 type] 
Type Products.ProductCompare is not enhanced.

[2017-08-13 14:50:25 #6 store] 
Database 'C:\Users\davej\IdeaProjects\PetMarkProject\out\artifacts\PetMarkWeb_war_exploded\WEB-INF\db\MarkPet2.odb' is closed by 21388@DESKTOP-7GOSAU4

------------------------------------------------------------------------------------------------------------------------

[2017-08-13 14:56:32 #1 store] 
Database 'C:\Users\davej\IdeaProjects\PetMarkProject\out\artifacts\PetMarkWeb_war_exploded\WEB-INF\db\MarkPet2.odb' is opened by 15224@DESKTOP-7GOSAU4

[2017-08-13 14:56:33 #2 type] 
Type websites.WebSite is not enhanced.

[2017-08-13 14:56:33 #3 type] 
Type Products.Product is not enhanced.

[2017-08-13 14:56:33 #4 type] 
Type Products.ProductModel is not enhanced.

[2017-08-13 14:56:33 #5 type] 
Type Products.ProductCompare is not enhanced.

[2017-08-13 15:51:37 #6 store] 
Database 'C:\Users\davej\IdeaProjects\PetMarkProject\out\artifacts\PetMarkWeb_war_exploded\WEB-INF\db\MarkPet2.odb' is closed by 15224@DESKTOP-7GOSAU4

------------------------------------------------------------------------------------------------------------------------

[2017-08-13 15:51:55 #1 store] 
Database 'C:\Users\davej\IdeaProjects\PetMarkProject\out\artifacts\PetMarkWeb_war_exploded\WEB-INF\db\MarkPet2.odb' is opened by 15032@DESKTOP-7GOSAU4

[2017-08-13 15:51:55 #2 type] 
Type websites.WebSite is not enhanced.

[2017-08-13 15:51:55 #3 type] 
Type Products.Product is not enhanced.

[2017-08-13 15:51:55 #4 type] 
Type Products.ProductModel is not enhanced.

[2017-08-13 15:51:55 #5 type] 
Type Products.ProductCompare is not enhanced.

[2017-08-13 16:47:05 #6 store] 
Database 'C:\Users\davej\IdeaProjects\PetMarkProject\out\artifacts\PetMarkWeb_war_exploded\WEB-INF\db\MarkPet2.odb' is closed by 15032@DESKTOP-7GOSAU4

------------------------------------------------------------------------------------------------------------------------

[2017-08-13 16:47:23 #1 store] 
Database 'C:\Users\davej\IdeaProjects\PetMarkProject\out\artifacts\PetMarkWeb_war_exploded\WEB-INF\db\MarkPet2.odb' is opened by 4612@DESKTOP-7GOSAU4

[2017-08-13 16:47:23 #2 type] 
Type websites.WebSite is not enhanced.

[2017-08-13 16:47:23 #3 type] 
Type Products.Product is not enhanced.

[2017-08-13 16:47:23 #4 type] 
Type Products.ProductModel is not enhanced.

[2017-08-13 16:47:23 #5 type] 
Type Products.ProductCompare is not enhanced.

[2017-08-13 17:18:38 #6 store] 
Database 'C:\Users\davej\IdeaProjects\PetMarkProject\out\artifacts\PetMarkWeb_war_exploded\WEB-INF\db\MarkPet2.odb' is closed by 4612@DESKTOP-7GOSAU4

------------------------------------------------------------------------------------------------------------------------

[2017-08-13 17:19:04 #1 store] 
Database 'C:\Users\davej\IdeaProjects\PetMarkProject\out\artifacts\PetMarkWeb_war_exploded\WEB-INF\db\MarkPet2.odb' is opened by 10712@DESKTOP-7GOSAU4

[2017-08-13 17:19:04 #2 type] 
Type websites.WebSite is not enhanced.

[2017-08-13 17:19:04 #3 type] 
Type Products.Product is not enhanced.

[2017-08-13 17:19:04 #4 type] 
Type Products.ProductModel is not enhanced.

[2017-08-13 17:19:04 #5 type] 
Type Products.ProductCompare is not enhanced.

[2017-08-13 17:31:33 #6 store] 
Database 'C:\Users\davej\IdeaProjects\PetMarkProject\out\artifacts\PetMarkWeb_war_exploded\WEB-INF\db\MarkPet2.odb' is closed by 10712@DESKTOP-7GOSAU4

------------------------------------------------------------------------------------------------------------------------

[2017-08-13 17:32:45 #1 store] 
Database 'C:\Users\davej\IdeaProjects\PetMarkProject\out\artifacts\PetMarkWeb_war_exploded\WEB-INF\db\MarkPet2.odb' is opened by 15108@DESKTOP-7GOSAU4

[2017-08-13 17:32:45 #2 type] 
Type websites.WebSite is not enhanced.

[2017-08-13 17:32:45 #3 type] 
Type Products.Product is not enhanced.

[2017-08-13 17:32:45 #4 type] 
Type Products.ProductModel is not enhanced.

[2017-08-13 17:32:45 #5 type] 
Type Products.ProductCompare is not enhanced.

[2017-08-13 17:33:05 #6 store] 
Database 'C:\Users\davej\IdeaProjects\PetMarkProject\out\artifacts\PetMarkWeb_war_exploded\WEB-INF\db\MarkPet2.odb' is closed by 15108@DESKTOP-7GOSAU4

------------------------------------------------------------------------------------------------------------------------

[2017-08-13 17:36:55 #1 store] 
Database 'C:\Users\davej\IdeaProjects\PetMarkProject\out\artifacts\PetMarkWeb_war_exploded\WEB-INF\db\MarkPet2.odb' is opened by 4968@DESKTOP-7GOSAU4

[2017-08-13 17:36:55 #2 type] 
Type websites.WebSite is not enhanced.

[2017-08-13 17:36:55 #3 type] 
Type Products.Product is not enhanced.

[2017-08-13 17:36:55 #4 type] 
Type Products.ProductModel is not enhanced.

[2017-08-13 17:36:55 #5 type] 
Type Products.ProductCompare is not enhanced.

[2017-08-13 17:45:30 #6 store] 
Database 'C:\Users\davej\IdeaProjects\PetMarkProject\out\artifacts\PetMarkWeb_war_exploded\WEB-INF\db\MarkPet2.odb' is closed by 4968@DESKTOP-7GOSAU4

------------------------------------------------------------------------------------------------------------------------

[2017-08-13 17:57:21 #1 store] 
Database 'C:\Users\davej\IdeaProjects\PetMarkProject\out\artifacts\PetMarkWeb_war_exploded\WEB-INF\db\MarkPet2.odb' is opened by 17252@DESKTOP-7GOSAU4

[2017-08-13 17:57:22 #2 type] 
Type websites.WebSite is not enhanced.

[2017-08-13 17:57:22 #3 type] 
Type Products.Product is not enhanced.

[2017-08-13 17:57:22 #4 type] 
Type Products.ProductModel is not enhanced.

[2017-08-13 17:57:22 #5 type] 
Type Products.ProductCompare is not enhanced.

[2017-08-13 17:59:32 #6 store] 
Database 'C:\Users\davej\IdeaProjects\PetMarkProject\out\artifacts\PetMarkWeb_war_exploded\WEB-INF\db\MarkPet2.odb' is closed by 17252@DESKTOP-7GOSAU4

------------------------------------------------------------------------------------------------------------------------

[2017-08-13 18:33:44 #1 store] 
Database 'C:\Users\davej\IdeaProjects\PetMarkProject\out\artifacts\PetMarkWeb_war_exploded\WEB-INF\db\MarkPet2.odb' is opened by 19516@DESKTOP-7GOSAU4

[2017-08-13 18:33:45 #2 type] 
Type websites.WebSite is not enhanced.

[2017-08-13 18:33:45 #3 type] 
Type Products.Product is not enhanced.

[2017-08-13 18:33:45 #4 type] 
Type Products.ProductModel is not enhanced.

[2017-08-13 18:33:45 #5 type] 
Type Products.ProductCompare is not enhanced.

[2017-08-13 18:51:25 #6 store] 
Database 'C:\Users\davej\IdeaProjects\PetMarkProject\out\artifacts\PetMarkWeb_war_exploded\WEB-INF\db\MarkPet2.odb' is closed by 19516@DESKTOP-7GOSAU4

------------------------------------------------------------------------------------------------------------------------

[2017-08-13 18:51:48 #1 store] 
Database 'C:\Users\davej\IdeaProjects\PetMarkProject\out\artifacts\PetMarkWeb_war_exploded\WEB-INF\db\MarkPet2.odb' is opened by 23120@DESKTOP-7GOSAU4

[2017-08-13 18:51:48 #2 type] 
Type websites.WebSite is not enhanced.

[2017-08-13 18:51:48 #3 type] 
Type Products.Product is not enhanced.

[2017-08-13 18:51:48 #4 type] 
Type Products.ProductModel is not enhanced.

[2017-08-13 18:51:48 #5 type] 
Type Products.ProductCompare is not enhanced.

[2017-08-13 18:56:41 #6 store] 
Database 'C:\Users\davej\IdeaProjects\PetMarkProject\out\artifacts\PetMarkWeb_war_exploded\WEB-INF\db\MarkPet2.odb' is closed by 23120@DESKTOP-7GOSAU4

