------------------------------------------------------------------------------------------------------------------------

[2017-07-04 12:28:29 #1 store] 
Database 'C:\Users\davej\IdeaProjects\PetMarkProject\out\artifacts\PetMarkWeb_war_exploded\WEB-INF\db\PetMark.odb' is opened by 14744@DESKTOP-7GOSAU4

[2017-07-04 12:28:30 #2 type] 
Type websites.WebSite is not enhanced.

[2017-07-04 12:28:30 #3 type] 
Type guest.Guest is not enhanced.

[2017-07-04 12:28:30 #4 type] 
Type Products.Product is not enhanced.

[2017-07-04 12:29:27 #5 store] 
Database 'C:\Users\davej\IdeaProjects\PetMarkProject\out\artifacts\PetMarkWeb_war_exploded\WEB-INF\db\PetMark.odb' is closed by 14744@DESKTOP-7GOSAU4

------------------------------------------------------------------------------------------------------------------------

[2017-07-04 16:12:32 #1 store] 
Database 'C:\Users\davej\IdeaProjects\PetMarkProject\out\artifacts\PetMarkWeb_war_exploded\WEB-INF\db\PetMark.odb' is opened by 10128@DESKTOP-7GOSAU4

[2017-07-04 16:12:33 #2 type] 
Type websites.WebSite is not enhanced.

[2017-07-04 16:12:33 #3 type] 
Type guest.Guest is not enhanced.

[2017-07-04 16:12:33 #4 type] 
Type Products.Product is not enhanced.

[2017-07-04 16:15:21 #5 store] 
Database 'C:\Users\davej\IdeaProjects\PetMarkProject\out\artifacts\PetMarkWeb_war_exploded\WEB-INF\db\PetMark.odb' is closed by 10128@DESKTOP-7GOSAU4

------------------------------------------------------------------------------------------------------------------------

[2017-07-04 16:32:22 #1 store] 
Database 'C:\Users\davej\IdeaProjects\PetMarkProject\out\artifacts\PetMarkWeb_war_exploded\WEB-INF\db\PetMark.odb' is opened by 13816@DESKTOP-7GOSAU4

[2017-07-04 16:32:23 #2 type] 
Type websites.WebSite is not enhanced.

[2017-07-04 16:32:23 #3 type] 
Type guest.Guest is not enhanced.

[2017-07-04 16:32:23 #4 type] 
Type Products.Product is not enhanced.

------------------------------------------------------------------------------------------------------------------------

[2017-07-04 16:33:47 #1 store] 
Database 'C:\Users\davej\IdeaProjects\PetMarkProject\out\artifacts\PetMarkWeb_war_exploded\WEB-INF\db\PetMark.odb' is opened by 9100@DESKTOP-7GOSAU4

[2017-07-04 16:33:47 #2 type] 
Type websites.WebSite is not enhanced.

[2017-07-04 16:33:48 #3 type] 
Type guest.Guest is not enhanced.

[2017-07-04 16:33:48 #4 type] 
Type Products.Product is not enhanced.

[2017-07-04 16:36:50 #5 store] 
Database 'C:\Users\davej\IdeaProjects\PetMarkProject\out\artifacts\PetMarkWeb_war_exploded\WEB-INF\db\PetMark.odb' is closed by 9100@DESKTOP-7GOSAU4

------------------------------------------------------------------------------------------------------------------------

[2017-07-04 16:37:19 #1 store] 
Database 'C:\Users\davej\IdeaProjects\PetMarkProject\out\artifacts\PetMarkWeb_war_exploded\WEB-INF\db\PetMark.odb' is opened by 14520@DESKTOP-7GOSAU4

[2017-07-04 16:37:19 #2 type] 
Type websites.WebSite is not enhanced.

[2017-07-04 16:37:19 #3 type] 
Type guest.Guest is not enhanced.

[2017-07-04 16:37:19 #4 type] 
Type Products.Product is not enhanced.

[2017-07-04 16:41:12 #5 store] 
Database 'C:\Users\davej\IdeaProjects\PetMarkProject\out\artifacts\PetMarkWeb_war_exploded\WEB-INF\db\PetMark.odb' is closed by 14520@DESKTOP-7GOSAU4

------------------------------------------------------------------------------------------------------------------------

[2017-07-04 16:44:55 #1 store] 
Database 'C:\Users\davej\IdeaProjects\PetMarkProject\out\artifacts\PetMarkWeb_war_exploded\WEB-INF\db\PetMark.odb' is opened by 15908@DESKTOP-7GOSAU4

[2017-07-04 16:44:55 #2 type] 
Type websites.WebSite is not enhanced.

[2017-07-04 16:44:55 #3 type] 
Type guest.Guest is not enhanced.

[2017-07-04 16:44:55 #4 type] 
Type Products.Product is not enhanced.

[2017-07-04 16:45:45 #5 store] 
Database 'C:\Users\davej\IdeaProjects\PetMarkProject\out\artifacts\PetMarkWeb_war_exploded\WEB-INF\db\PetMark.odb' is closed by 15908@DESKTOP-7GOSAU4

------------------------------------------------------------------------------------------------------------------------

[2017-07-04 17:05:52 #1 store] 
Database 'C:\Users\davej\IdeaProjects\PetMarkProject\out\artifacts\PetMarkWeb_war_exploded\WEB-INF\db\PetMark.odb' is opened by 12624@DESKTOP-7GOSAU4

[2017-07-04 17:05:52 #2 type] 
Type websites.WebSite is not enhanced.

[2017-07-04 17:05:52 #3 type] 
Type guest.Guest is not enhanced.

[2017-07-04 17:05:52 #4 type] 
Type Products.Product is not enhanced.

[2017-07-04 17:06:18 #5 store] 
Database 'C:\Users\davej\IdeaProjects\PetMarkProject\out\artifacts\PetMarkWeb_war_exploded\WEB-INF\db\PetMark.odb' is closed by 12624@DESKTOP-7GOSAU4

------------------------------------------------------------------------------------------------------------------------

[2017-07-04 17:07:28 #1 store] 
Database 'C:\Users\davej\IdeaProjects\PetMarkProject\out\artifacts\PetMarkWeb_war_exploded\WEB-INF\db\PetMark.odb' is opened by 17196@DESKTOP-7GOSAU4

[2017-07-04 17:07:28 #2 type] 
Type websites.WebSite is not enhanced.

[2017-07-04 17:07:28 #3 type] 
Type guest.Guest is not enhanced.

[2017-07-04 17:07:28 #4 type] 
Type Products.Product is not enhanced.

[2017-07-04 17:34:53 #5 store] 
Database 'C:\Users\davej\IdeaProjects\PetMarkProject\out\artifacts\PetMarkWeb_war_exploded\WEB-INF\db\PetMark.odb' is closed by 17196@DESKTOP-7GOSAU4

------------------------------------------------------------------------------------------------------------------------

[2017-07-04 17:36:32 #1 store] 
Database 'C:\Users\davej\IdeaProjects\PetMarkProject\out\artifacts\PetMarkWeb_war_exploded\WEB-INF\db\PetMark.odb' is opened by 6004@DESKTOP-7GOSAU4

[2017-07-04 17:36:33 #2 type] 
Type websites.WebSite is not enhanced.

[2017-07-04 17:36:33 #3 type] 
Type guest.Guest is not enhanced.

[2017-07-04 17:36:33 #4 type] 
Type Products.Product is not enhanced.

[2017-07-04 17:40:14 #5 store] 
Database 'C:\Users\davej\IdeaProjects\PetMarkProject\out\artifacts\PetMarkWeb_war_exploded\WEB-INF\db\PetMark.odb' is closed by 6004@DESKTOP-7GOSAU4

------------------------------------------------------------------------------------------------------------------------

[2017-07-04 17:40:55 #1 store] 
Database 'C:\Users\davej\IdeaProjects\PetMarkProject\out\artifacts\PetMarkWeb_war_exploded\WEB-INF\db\PetMark.odb' is opened by 3588@DESKTOP-7GOSAU4

[2017-07-04 17:40:55 #2 type] 
Type websites.WebSite is not enhanced.

[2017-07-04 17:40:55 #3 type] 
Type guest.Guest is not enhanced.

[2017-07-04 17:40:55 #4 type] 
Type Products.Product is not enhanced.

[2017-07-04 17:43:21 #5 store] 
Database 'C:\Users\davej\IdeaProjects\PetMarkProject\out\artifacts\PetMarkWeb_war_exploded\WEB-INF\db\PetMark.odb' is closed by 3588@DESKTOP-7GOSAU4

------------------------------------------------------------------------------------------------------------------------

[2017-07-04 17:45:00 #1 store] 
Database 'C:\Users\davej\IdeaProjects\PetMarkProject\out\artifacts\PetMarkWeb_war_exploded\WEB-INF\db\PetMark.odb' is opened by 10188@DESKTOP-7GOSAU4

[2017-07-04 17:45:00 #2 type] 
Type websites.WebSite is not enhanced.

[2017-07-04 17:45:00 #3 type] 
Type guest.Guest is not enhanced.

[2017-07-04 17:45:00 #4 type] 
Type Products.Product is not enhanced.

[2017-07-04 18:09:26 #5 store] 
Database 'C:\Users\davej\IdeaProjects\PetMarkProject\out\artifacts\PetMarkWeb_war_exploded\WEB-INF\db\PetMark.odb' is closed by 10188@DESKTOP-7GOSAU4

------------------------------------------------------------------------------------------------------------------------

[2017-07-04 18:09:59 #1 store] 
Database 'C:\Users\davej\IdeaProjects\PetMarkProject\out\artifacts\PetMarkWeb_war_exploded\WEB-INF\db\PetMark.odb' is opened by 16484@DESKTOP-7GOSAU4

[2017-07-04 18:09:59 #2 type] 
Type websites.WebSite is not enhanced.

[2017-07-04 18:09:59 #3 type] 
Type guest.Guest is not enhanced.

[2017-07-04 18:09:59 #4 type] 
Type Products.Product is not enhanced.

[2017-07-04 18:10:34 #5 store] 
Database 'C:\Users\davej\IdeaProjects\PetMarkProject\out\artifacts\PetMarkWeb_war_exploded\WEB-INF\db\PetMark.odb' is closed by 16484@DESKTOP-7GOSAU4

------------------------------------------------------------------------------------------------------------------------

[2017-07-04 18:43:41 #1 store] 
Database 'C:\Users\davej\IdeaProjects\PetMarkProject\out\artifacts\PetMarkWeb_war_exploded\WEB-INF\db\PetMark.odb' is opened by 17212@DESKTOP-7GOSAU4

[2017-07-04 18:43:41 #2 type] 
Type websites.WebSite is not enhanced.

[2017-07-04 18:43:41 #3 type] 
Type guest.Guest is not enhanced.

[2017-07-04 18:43:41 #4 type] 
Type Products.Product is not enhanced.

[2017-07-04 21:15:44 #5 store] 
Database 'C:\Users\davej\IdeaProjects\PetMarkProject\out\artifacts\PetMarkWeb_war_exploded\WEB-INF\db\PetMark.odb' is closed by 17212@DESKTOP-7GOSAU4

------------------------------------------------------------------------------------------------------------------------

[2017-07-04 21:16:20 #1 store] 
Database 'C:\Users\davej\IdeaProjects\PetMarkProject\out\artifacts\PetMarkWeb_war_exploded\WEB-INF\db\PetMark.odb' is opened by 1128@DESKTOP-7GOSAU4

[2017-07-04 21:16:21 #2 type] 
Type websites.WebSite is not enhanced.

[2017-07-04 21:16:21 #3 type] 
Type guest.Guest is not enhanced.

[2017-07-04 21:16:21 #4 type] 
Type Products.Product is not enhanced.

[2017-07-04 21:20:42 #5 store] 
Database 'C:\Users\davej\IdeaProjects\PetMarkProject\out\artifacts\PetMarkWeb_war_exploded\WEB-INF\db\PetMark.odb' is closed by 1128@DESKTOP-7GOSAU4

------------------------------------------------------------------------------------------------------------------------

[2017-07-04 21:21:03 #1 store] 
Database 'C:\Users\davej\IdeaProjects\PetMarkProject\out\artifacts\PetMarkWeb_war_exploded\WEB-INF\db\PetMark.odb' is opened by 15572@DESKTOP-7GOSAU4

[2017-07-04 21:21:03 #2 type] 
Type websites.WebSite is not enhanced.

[2017-07-04 21:21:03 #3 type] 
Type guest.Guest is not enhanced.

[2017-07-04 21:21:03 #4 type] 
Type Products.Product is not enhanced.

[2017-07-04 21:33:44 #5 store] 
Database 'C:\Users\davej\IdeaProjects\PetMarkProject\out\artifacts\PetMarkWeb_war_exploded\WEB-INF\db\PetMark.odb' is closed by 15572@DESKTOP-7GOSAU4

------------------------------------------------------------------------------------------------------------------------

[2017-07-04 21:34:10 #1 store] 
Database 'C:\Users\davej\IdeaProjects\PetMarkProject\out\artifacts\PetMarkWeb_war_exploded\WEB-INF\db\PetMark.odb' is opened by 1588@DESKTOP-7GOSAU4

[2017-07-04 21:34:10 #2 type] 
Type websites.WebSite is not enhanced.

[2017-07-04 21:34:10 #3 type] 
Type guest.Guest is not enhanced.

[2017-07-04 21:34:10 #4 type] 
Type Products.Product is not enhanced.

[2017-07-04 21:34:37 #5 store] 
Database 'C:\Users\davej\IdeaProjects\PetMarkProject\out\artifacts\PetMarkWeb_war_exploded\WEB-INF\db\PetMark.odb' is closed by 1588@DESKTOP-7GOSAU4

------------------------------------------------------------------------------------------------------------------------

[2017-07-04 21:35:04 #1 store] 
Database 'C:\Users\davej\IdeaProjects\PetMarkProject\out\artifacts\PetMarkWeb_war_exploded\WEB-INF\db\PetMark.odb' is opened by 12684@DESKTOP-7GOSAU4

[2017-07-04 21:35:04 #2 type] 
Type websites.WebSite is not enhanced.

[2017-07-04 21:35:04 #3 type] 
Type guest.Guest is not enhanced.

[2017-07-04 21:35:04 #4 type] 
Type Products.Product is not enhanced.

[2017-07-04 21:59:37 #5 store] 
Database 'C:\Users\davej\IdeaProjects\PetMarkProject\out\artifacts\PetMarkWeb_war_exploded\WEB-INF\db\PetMark.odb' is closed by 12684@DESKTOP-7GOSAU4

------------------------------------------------------------------------------------------------------------------------

[2017-07-04 22:00:06 #1 store] 
Database 'C:\Users\davej\IdeaProjects\PetMarkProject\out\artifacts\PetMarkWeb_war_exploded\WEB-INF\db\PetMark.odb' is opened by 13888@DESKTOP-7GOSAU4

[2017-07-04 22:00:06 #2 type] 
Type websites.WebSite is not enhanced.

[2017-07-04 22:00:06 #3 type] 
Type guest.Guest is not enhanced.

[2017-07-04 22:00:06 #4 type] 
Type Products.Product is not enhanced.

[2017-07-04 22:23:55 #5 store] 
Database 'C:\Users\davej\IdeaProjects\PetMarkProject\out\artifacts\PetMarkWeb_war_exploded\WEB-INF\db\PetMark.odb' is closed by 13888@DESKTOP-7GOSAU4

------------------------------------------------------------------------------------------------------------------------

[2017-07-04 22:26:13 #1 store] 
Database 'C:\Users\davej\IdeaProjects\PetMarkProject\out\artifacts\PetMarkWeb_war_exploded\WEB-INF\db\PetMark.odb' is opened by 1588@DESKTOP-7GOSAU4

[2017-07-04 22:26:13 #2 type] 
Type websites.WebSite is not enhanced.

[2017-07-04 22:26:13 #3 type] 
Type guest.Guest is not enhanced.

[2017-07-04 22:26:13 #4 type] 
Type Products.Product is not enhanced.

[2017-07-04 22:27:17 #5 store] 
Database 'C:\Users\davej\IdeaProjects\PetMarkProject\out\artifacts\PetMarkWeb_war_exploded\WEB-INF\db\PetMark.odb' is closed by 1588@DESKTOP-7GOSAU4

------------------------------------------------------------------------------------------------------------------------

[2017-07-04 22:27:56 #1 store] 
Database 'C:\Users\davej\IdeaProjects\PetMarkProject\out\artifacts\PetMarkWeb_war_exploded\WEB-INF\db\PetMark.odb' is opened by 1224@DESKTOP-7GOSAU4

[2017-07-04 22:27:56 #2 type] 
Type websites.WebSite is not enhanced.

[2017-07-04 22:27:56 #3 type] 
Type guest.Guest is not enhanced.

[2017-07-04 22:27:56 #4 type] 
Type Products.Product is not enhanced.

[2017-07-04 23:12:43 #5 store] 
Database 'C:\Users\davej\IdeaProjects\PetMarkProject\out\artifacts\PetMarkWeb_war_exploded\WEB-INF\db\PetMark.odb' is closed by 1224@DESKTOP-7GOSAU4

------------------------------------------------------------------------------------------------------------------------

[2017-07-04 23:20:20 #1 store] 
Database 'C:\Users\davej\IdeaProjects\PetMarkProject\out\artifacts\PetMarkWeb_war_exploded\WEB-INF\db\PetMark.odb' is opened by 5032@DESKTOP-7GOSAU4

[2017-07-04 23:20:20 #2 type] 
Type websites.WebSite is not enhanced.

[2017-07-04 23:20:20 #3 type] 
Type guest.Guest is not enhanced.

[2017-07-04 23:20:20 #4 type] 
Type Products.Product is not enhanced.

[2017-07-04 23:52:41 #5 store] 
Database 'C:\Users\davej\IdeaProjects\PetMarkProject\out\artifacts\PetMarkWeb_war_exploded\WEB-INF\db\PetMark.odb' is closed by 5032@DESKTOP-7GOSAU4

