------------------------------------------------------------------------------------------------------------------------

[2017-09-06 00:38:04 #1 store] 
Database 'C:\Users\davej\IdeaProjects\PetMarkProject\out\artifacts\PetMarkWeb_war_exploded\WEB-INF\db\MarkPet2.odb' is opened by 4932@DESKTOP-7GOSAU4

[2017-09-06 00:38:04 #2 type] 
Type websites.WebSite is not enhanced.

[2017-09-06 00:38:04 #3 type] 
Type Products.Product is not enhanced.

[2017-09-06 00:38:04 #4 type] 
Type Products.ProductModel is not enhanced.

[2017-09-06 00:38:04 #5 type] 
Type Products.ProductCompare is not enhanced.

[2017-09-06 00:38:04 #6 type] 
Type Comments.Comment is not enhanced.

[2017-09-06 00:38:04 #7 type] 
Type DataBase.User is not enhanced.

[2017-09-06 00:39:34 #8 store] 
Database 'C:\Users\davej\IdeaProjects\PetMarkProject\out\artifacts\PetMarkWeb_war_exploded\WEB-INF\db\MarkPet2.odb' is closed by 4932@DESKTOP-7GOSAU4

------------------------------------------------------------------------------------------------------------------------

[2017-09-06 00:43:27 #1 store] 
Database 'C:\Users\davej\IdeaProjects\PetMarkProject\out\artifacts\PetMarkWeb_war_exploded\WEB-INF\db\MarkPet2.odb' is opened by 8620@DESKTOP-7GOSAU4

[2017-09-06 00:43:27 #2 type] 
Type websites.WebSite is not enhanced.

[2017-09-06 00:43:27 #3 type] 
Type Products.Product is not enhanced.

[2017-09-06 00:43:27 #4 type] 
Type Products.ProductModel is not enhanced.

[2017-09-06 00:43:27 #5 type] 
Type Products.ProductCompare is not enhanced.

[2017-09-06 00:43:27 #6 type] 
Type Comments.Comment is not enhanced.

[2017-09-06 00:43:27 #7 type] 
Type DataBase.User is not enhanced.

[2017-09-06 00:43:50 #8 store] 
Database 'C:\Users\davej\IdeaProjects\PetMarkProject\out\artifacts\PetMarkWeb_war_exploded\WEB-INF\db\MarkPet2.odb' is closed by 8620@DESKTOP-7GOSAU4

------------------------------------------------------------------------------------------------------------------------

[2017-09-06 00:44:42 #1 store] 
Database 'C:\Users\davej\IdeaProjects\PetMarkProject\out\artifacts\PetMarkWeb_war_exploded\WEB-INF\db\MarkPet2.odb' is opened by 2176@DESKTOP-7GOSAU4

[2017-09-06 00:44:43 #2 type] 
Type websites.WebSite is not enhanced.

[2017-09-06 00:44:43 #3 type] 
Type Products.Product is not enhanced.

[2017-09-06 00:44:43 #4 type] 
Type Products.ProductModel is not enhanced.

[2017-09-06 00:44:43 #5 type] 
Type Products.ProductCompare is not enhanced.

[2017-09-06 00:44:43 #6 type] 
Type Comments.Comment is not enhanced.

[2017-09-06 00:44:43 #7 type] 
Type DataBase.User is not enhanced.

[2017-09-06 00:45:14 #8 store] 
Database 'C:\Users\davej\IdeaProjects\PetMarkProject\out\artifacts\PetMarkWeb_war_exploded\WEB-INF\db\MarkPet2.odb' is closed by 2176@DESKTOP-7GOSAU4

------------------------------------------------------------------------------------------------------------------------

[2017-09-06 01:00:11 #1 store] 
Database 'C:\Users\davej\IdeaProjects\PetMarkProject\out\artifacts\PetMarkWeb_war_exploded\WEB-INF\db\MarkPet2.odb' is opened by 10740@DESKTOP-7GOSAU4

[2017-09-06 01:00:11 #2 type] 
Type websites.WebSite is not enhanced.

[2017-09-06 01:00:11 #3 type] 
Type Products.Product is not enhanced.

[2017-09-06 01:00:11 #4 type] 
Type Products.ProductModel is not enhanced.

[2017-09-06 01:00:11 #5 type] 
Type Products.ProductCompare is not enhanced.

[2017-09-06 01:00:11 #6 type] 
Type Comments.Comment is not enhanced.

[2017-09-06 01:00:11 #7 type] 
Type DataBase.User is not enhanced.

[2017-09-06 01:02:50 #8 store] 
Database 'C:\Users\davej\IdeaProjects\PetMarkProject\out\artifacts\PetMarkWeb_war_exploded\WEB-INF\db\MarkPet2.odb' is closed by 10740@DESKTOP-7GOSAU4

------------------------------------------------------------------------------------------------------------------------

[2017-09-06 01:06:35 #1 store] 
Database 'C:\Users\davej\IdeaProjects\PetMarkProject\out\artifacts\PetMarkWeb_war_exploded\WEB-INF\db\MarkPet2.odb' is opened by 10848@DESKTOP-7GOSAU4

[2017-09-06 01:06:35 #2 type] 
Type websites.WebSite is not enhanced.

[2017-09-06 01:06:35 #3 type] 
Type Products.Product is not enhanced.

[2017-09-06 01:06:35 #4 type] 
Type Products.ProductModel is not enhanced.

[2017-09-06 01:06:35 #5 type] 
Type Products.ProductCompare is not enhanced.

[2017-09-06 01:06:35 #6 type] 
Type Comments.Comment is not enhanced.

[2017-09-06 01:06:35 #7 type] 
Type DataBase.User is not enhanced.

[2017-09-06 01:07:19 #8 store] 
Database 'C:\Users\davej\IdeaProjects\PetMarkProject\out\artifacts\PetMarkWeb_war_exploded\WEB-INF\db\MarkPet2.odb' is closed by 10848@DESKTOP-7GOSAU4

------------------------------------------------------------------------------------------------------------------------

[2017-09-06 01:08:56 #1 store] 
Database 'C:\Users\davej\IdeaProjects\PetMarkProject\out\artifacts\PetMarkWeb_war_exploded\WEB-INF\db\MarkPet2.odb' is opened by 10796@DESKTOP-7GOSAU4

[2017-09-06 01:08:56 #2 type] 
Type websites.WebSite is not enhanced.

[2017-09-06 01:08:56 #3 type] 
Type Products.Product is not enhanced.

[2017-09-06 01:08:56 #4 type] 
Type Products.ProductModel is not enhanced.

[2017-09-06 01:08:56 #5 type] 
Type Products.ProductCompare is not enhanced.

[2017-09-06 01:08:56 #6 type] 
Type Comments.Comment is not enhanced.

[2017-09-06 01:08:56 #7 type] 
Type DataBase.User is not enhanced.

[2017-09-06 01:11:33 #8 store] 
Database 'C:\Users\davej\IdeaProjects\PetMarkProject\out\artifacts\PetMarkWeb_war_exploded\WEB-INF\db\MarkPet2.odb' is closed by 10796@DESKTOP-7GOSAU4

------------------------------------------------------------------------------------------------------------------------

[2017-09-06 01:22:47 #1 store] 
Database 'C:\Users\davej\IdeaProjects\PetMarkProject\out\artifacts\PetMarkWeb_war_exploded\WEB-INF\db\MarkPet2.odb' is opened by 12984@DESKTOP-7GOSAU4

[2017-09-06 01:22:48 #2 type] 
Type websites.WebSite is not enhanced.

[2017-09-06 01:22:48 #3 type] 
Type Products.Product is not enhanced.

[2017-09-06 01:22:48 #4 type] 
Type Products.ProductModel is not enhanced.

[2017-09-06 01:22:48 #5 type] 
Type Products.ProductCompare is not enhanced.

[2017-09-06 01:22:48 #6 type] 
Type Comments.Comment is not enhanced.

[2017-09-06 01:22:48 #7 type] 
Type DataBase.User is not enhanced.

[2017-09-06 01:23:49 #8 store] 
Database 'C:\Users\davej\IdeaProjects\PetMarkProject\out\artifacts\PetMarkWeb_war_exploded\WEB-INF\db\MarkPet2.odb' is closed by 12984@DESKTOP-7GOSAU4

------------------------------------------------------------------------------------------------------------------------

[2017-09-06 01:25:24 #1 store] 
Database 'C:\Users\davej\IdeaProjects\PetMarkProject\out\artifacts\PetMarkWeb_war_exploded\WEB-INF\db\MarkPet2.odb' is opened by 1852@DESKTOP-7GOSAU4

[2017-09-06 01:25:24 #2 type] 
Type websites.WebSite is not enhanced.

[2017-09-06 01:25:24 #3 type] 
Type Products.Product is not enhanced.

[2017-09-06 01:25:24 #4 type] 
Type Products.ProductModel is not enhanced.

[2017-09-06 01:25:24 #5 type] 
Type Products.ProductCompare is not enhanced.

[2017-09-06 01:25:24 #6 type] 
Type Comments.Comment is not enhanced.

[2017-09-06 01:25:24 #7 type] 
Type DataBase.User is not enhanced.

[2017-09-06 01:40:20 #8 store] 
Database 'C:\Users\davej\IdeaProjects\PetMarkProject\out\artifacts\PetMarkWeb_war_exploded\WEB-INF\db\MarkPet2.odb' is closed by 1852@DESKTOP-7GOSAU4

------------------------------------------------------------------------------------------------------------------------

[2017-09-06 01:42:32 #1 store] 
Database 'C:\Users\davej\IdeaProjects\PetMarkProject\out\artifacts\PetMarkWeb_war_exploded\WEB-INF\db\MarkPet2.odb' is opened by 14036@DESKTOP-7GOSAU4

[2017-09-06 01:42:33 #2 type] 
Type websites.WebSite is not enhanced.

[2017-09-06 01:42:33 #3 type] 
Type Products.Product is not enhanced.

[2017-09-06 01:42:33 #4 type] 
Type Products.ProductModel is not enhanced.

[2017-09-06 01:42:33 #5 type] 
Type Products.ProductCompare is not enhanced.

[2017-09-06 01:42:33 #6 type] 
Type Comments.Comment is not enhanced.

[2017-09-06 01:42:33 #7 type] 
Type DataBase.User is not enhanced.

[2017-09-06 02:03:15 #8 store] 
Database 'C:\Users\davej\IdeaProjects\PetMarkProject\out\artifacts\PetMarkWeb_war_exploded\WEB-INF\db\MarkPet2.odb' is closed by 14036@DESKTOP-7GOSAU4

------------------------------------------------------------------------------------------------------------------------

[2017-09-06 02:48:15 #1 store] 
Database 'C:\Users\davej\IdeaProjects\PetMarkProject\out\artifacts\PetMarkWeb_war_exploded\WEB-INF\db\MarkPet2.odb' is opened by 6668@DESKTOP-7GOSAU4

[2017-09-06 02:48:16 #2 type] 
Type websites.WebSite is not enhanced.

[2017-09-06 02:48:16 #3 type] 
Type Products.Product is not enhanced.

[2017-09-06 02:48:16 #4 type] 
Type Products.ProductModel is not enhanced.

[2017-09-06 02:48:16 #5 type] 
Type Products.ProductCompare is not enhanced.

[2017-09-06 02:48:16 #6 type] 
Type Comments.Comment is not enhanced.

[2017-09-06 02:48:16 #7 type] 
Type DataBase.User is not enhanced.

[2017-09-06 08:48:10 #8 store] 
Database 'C:\Users\davej\IdeaProjects\PetMarkProject\out\artifacts\PetMarkWeb_war_exploded\WEB-INF\db\MarkPet2.odb' is closed by 6668@DESKTOP-7GOSAU4

------------------------------------------------------------------------------------------------------------------------

[2017-09-06 08:51:35 #1 store] 
Database 'C:\Users\davej\IdeaProjects\PetMarkProject\out\artifacts\PetMarkWeb_war_exploded\WEB-INF\db\MarkPet2.odb' is opened by 14140@DESKTOP-7GOSAU4

[2017-09-06 08:51:35 #2 type] 
Type websites.WebSite is not enhanced.

[2017-09-06 08:51:35 #3 type] 
Type Products.Product is not enhanced.

[2017-09-06 08:51:35 #4 type] 
Type Products.ProductModel is not enhanced.

[2017-09-06 08:51:35 #5 type] 
Type Products.ProductCompare is not enhanced.

[2017-09-06 08:51:35 #6 type] 
Type Comments.Comment is not enhanced.

[2017-09-06 08:51:35 #7 type] 
Type DataBase.User is not enhanced.

[2017-09-06 08:52:32 #8 store] 
Database 'C:\Users\davej\IdeaProjects\PetMarkProject\out\artifacts\PetMarkWeb_war_exploded\WEB-INF\db\MarkPet2.odb' is closed by 14140@DESKTOP-7GOSAU4

------------------------------------------------------------------------------------------------------------------------

[2017-09-06 08:53:30 #1 store] 
Database 'C:\Users\davej\IdeaProjects\PetMarkProject\out\artifacts\PetMarkWeb_war_exploded\WEB-INF\db\MarkPet2.odb' is opened by 4176@DESKTOP-7GOSAU4

[2017-09-06 08:53:30 #2 type] 
Type websites.WebSite is not enhanced.

[2017-09-06 08:53:30 #3 type] 
Type Products.Product is not enhanced.

[2017-09-06 08:53:30 #4 type] 
Type Products.ProductModel is not enhanced.

[2017-09-06 08:53:30 #5 type] 
Type Products.ProductCompare is not enhanced.

[2017-09-06 08:53:30 #6 type] 
Type Comments.Comment is not enhanced.

[2017-09-06 08:53:30 #7 type] 
Type DataBase.User is not enhanced.

[2017-09-06 08:53:43 #8 store] 
Database 'C:\Users\davej\IdeaProjects\PetMarkProject\out\artifacts\PetMarkWeb_war_exploded\WEB-INF\db\MarkPet2.odb' is closed by 4176@DESKTOP-7GOSAU4

------------------------------------------------------------------------------------------------------------------------

[2017-09-06 09:17:12 #1 store] 
Database 'C:\Users\davej\IdeaProjects\PetMarkProject\out\artifacts\PetMarkWeb_war_exploded\WEB-INF\db\MarkPet2.odb' is opened by 15680@DESKTOP-7GOSAU4

[2017-09-06 09:17:13 #2 type] 
Type websites.WebSite is not enhanced.

[2017-09-06 09:17:13 #3 type] 
Type Products.Product is not enhanced.

[2017-09-06 09:17:13 #4 type] 
Type Products.ProductModel is not enhanced.

[2017-09-06 09:17:13 #5 type] 
Type Products.ProductCompare is not enhanced.

[2017-09-06 09:17:13 #6 type] 
Type Comments.Comment is not enhanced.

[2017-09-06 09:17:13 #7 type] 
Type DataBase.User is not enhanced.

[2017-09-06 09:19:38 #8 store] 
Database 'C:\Users\davej\IdeaProjects\PetMarkProject\out\artifacts\PetMarkWeb_war_exploded\WEB-INF\db\MarkPet2.odb' is closed by 15680@DESKTOP-7GOSAU4

------------------------------------------------------------------------------------------------------------------------

[2017-09-06 09:21:15 #1 store] 
Database 'C:\Users\davej\IdeaProjects\PetMarkProject\out\artifacts\PetMarkWeb_war_exploded\WEB-INF\db\MarkPet2.odb' is opened by 7132@DESKTOP-7GOSAU4

[2017-09-06 09:21:15 #2 type] 
Type websites.WebSite is not enhanced.

[2017-09-06 09:21:15 #3 type] 
Type Products.Product is not enhanced.

[2017-09-06 09:21:15 #4 type] 
Type Products.ProductModel is not enhanced.

[2017-09-06 09:21:15 #5 type] 
Type Products.ProductCompare is not enhanced.

[2017-09-06 09:21:15 #6 type] 
Type Comments.Comment is not enhanced.

[2017-09-06 09:21:15 #7 type] 
Type DataBase.User is not enhanced.

[2017-09-06 09:22:10 #8 store] 
Database 'C:\Users\davej\IdeaProjects\PetMarkProject\out\artifacts\PetMarkWeb_war_exploded\WEB-INF\db\MarkPet2.odb' is closed by 7132@DESKTOP-7GOSAU4

------------------------------------------------------------------------------------------------------------------------

[2017-09-06 09:22:27 #1 store] 
Database 'C:\Users\davej\IdeaProjects\PetMarkProject\out\artifacts\PetMarkWeb_war_exploded\WEB-INF\db\MarkPet2.odb' is opened by 10620@DESKTOP-7GOSAU4

[2017-09-06 09:22:27 #2 type] 
Type websites.WebSite is not enhanced.

[2017-09-06 09:22:27 #3 type] 
Type Products.Product is not enhanced.

[2017-09-06 09:22:27 #4 type] 
Type Products.ProductModel is not enhanced.

[2017-09-06 09:22:27 #5 type] 
Type Products.ProductCompare is not enhanced.

[2017-09-06 09:22:27 #6 type] 
Type Comments.Comment is not enhanced.

[2017-09-06 09:22:27 #7 type] 
Type DataBase.User is not enhanced.

[2017-09-06 09:24:00 #8 store] 
Database 'C:\Users\davej\IdeaProjects\PetMarkProject\out\artifacts\PetMarkWeb_war_exploded\WEB-INF\db\MarkPet2.odb' is closed by 10620@DESKTOP-7GOSAU4

------------------------------------------------------------------------------------------------------------------------

[2017-09-06 09:26:04 #1 store] 
Database 'C:\Users\davej\IdeaProjects\PetMarkProject\out\artifacts\PetMarkWeb_war_exploded\WEB-INF\db\MarkPet2.odb' is opened by 10540@DESKTOP-7GOSAU4

[2017-09-06 09:26:05 #2 type] 
Type websites.WebSite is not enhanced.

[2017-09-06 09:26:05 #3 type] 
Type Products.Product is not enhanced.

[2017-09-06 09:26:05 #4 type] 
Type Products.ProductModel is not enhanced.

[2017-09-06 09:26:05 #5 type] 
Type Products.ProductCompare is not enhanced.

[2017-09-06 09:26:05 #6 type] 
Type Comments.Comment is not enhanced.

[2017-09-06 09:26:05 #7 type] 
Type DataBase.User is not enhanced.

[2017-09-06 09:26:33 #8 store] 
Database 'C:\Users\davej\IdeaProjects\PetMarkProject\out\artifacts\PetMarkWeb_war_exploded\WEB-INF\db\MarkPet2.odb' is closed by 10540@DESKTOP-7GOSAU4

------------------------------------------------------------------------------------------------------------------------

[2017-09-06 09:27:49 #1 store] 
Database 'C:\Users\davej\IdeaProjects\PetMarkProject\out\artifacts\PetMarkWeb_war_exploded\WEB-INF\db\MarkPet2.odb' is opened by 16052@DESKTOP-7GOSAU4

[2017-09-06 09:27:49 #2 type] 
Type websites.WebSite is not enhanced.

[2017-09-06 09:27:49 #3 type] 
Type Products.Product is not enhanced.

[2017-09-06 09:27:49 #4 type] 
Type Products.ProductModel is not enhanced.

[2017-09-06 09:27:49 #5 type] 
Type Products.ProductCompare is not enhanced.

[2017-09-06 09:27:49 #6 type] 
Type Comments.Comment is not enhanced.

[2017-09-06 09:27:49 #7 type] 
Type DataBase.User is not enhanced.

[2017-09-06 09:36:09 #8 store] 
Database 'C:\Users\davej\IdeaProjects\PetMarkProject\out\artifacts\PetMarkWeb_war_exploded\WEB-INF\db\MarkPet2.odb' is closed by 16052@DESKTOP-7GOSAU4

------------------------------------------------------------------------------------------------------------------------

[2017-09-06 09:37:09 #1 store] 
Database 'C:\Users\davej\IdeaProjects\PetMarkProject\out\artifacts\PetMarkWeb_war_exploded\WEB-INF\db\MarkPet2.odb' is opened by 11924@DESKTOP-7GOSAU4

[2017-09-06 09:37:09 #2 type] 
Type websites.WebSite is not enhanced.

[2017-09-06 09:37:09 #3 type] 
Type Products.Product is not enhanced.

[2017-09-06 09:37:09 #4 type] 
Type Products.ProductModel is not enhanced.

[2017-09-06 09:37:10 #5 type] 
Type Products.ProductCompare is not enhanced.

[2017-09-06 09:37:10 #6 type] 
Type Comments.Comment is not enhanced.

[2017-09-06 09:37:10 #7 type] 
Type DataBase.User is not enhanced.

[2017-09-06 09:42:40 #8 store] 
Database 'C:\Users\davej\IdeaProjects\PetMarkProject\out\artifacts\PetMarkWeb_war_exploded\WEB-INF\db\MarkPet2.odb' is closed by 11924@DESKTOP-7GOSAU4

------------------------------------------------------------------------------------------------------------------------

[2017-09-06 09:51:50 #1 store] 
Database 'C:\Users\davej\IdeaProjects\PetMarkProject\out\artifacts\PetMarkWeb_war_exploded\WEB-INF\db\MarkPet2.odb' is opened by 14072@DESKTOP-7GOSAU4

[2017-09-06 09:51:51 #2 type] 
Type websites.WebSite is not enhanced.

[2017-09-06 09:51:51 #3 type] 
Type Products.Product is not enhanced.

[2017-09-06 09:51:51 #4 type] 
Type Products.ProductModel is not enhanced.

[2017-09-06 09:51:51 #5 type] 
Type Products.ProductCompare is not enhanced.

[2017-09-06 09:51:51 #6 type] 
Type Comments.Comment is not enhanced.

[2017-09-06 09:51:51 #7 type] 
Type DataBase.User is not enhanced.

[2017-09-06 10:09:00 #8 store] 
Database 'C:\Users\davej\IdeaProjects\PetMarkProject\out\artifacts\PetMarkWeb_war_exploded\WEB-INF\db\MarkPet2.odb' is closed by 14072@DESKTOP-7GOSAU4

------------------------------------------------------------------------------------------------------------------------

[2017-09-06 10:09:31 #1 store] 
Database 'C:\Users\davej\IdeaProjects\PetMarkProject\out\artifacts\PetMarkWeb_war_exploded\WEB-INF\db\MarkPet2.odb' is opened by 680@DESKTOP-7GOSAU4

[2017-09-06 10:09:31 #2 type] 
Type websites.WebSite is not enhanced.

[2017-09-06 10:09:31 #3 type] 
Type Products.Product is not enhanced.

[2017-09-06 10:09:31 #4 type] 
Type Products.ProductModel is not enhanced.

[2017-09-06 10:09:31 #5 type] 
Type Products.ProductCompare is not enhanced.

[2017-09-06 10:09:31 #6 type] 
Type Comments.Comment is not enhanced.

[2017-09-06 10:09:31 #7 type] 
Type DataBase.User is not enhanced.

[2017-09-06 10:11:59 #8 store] 
Database 'C:\Users\davej\IdeaProjects\PetMarkProject\out\artifacts\PetMarkWeb_war_exploded\WEB-INF\db\MarkPet2.odb' is closed by 680@DESKTOP-7GOSAU4

------------------------------------------------------------------------------------------------------------------------

[2017-09-06 11:01:45 #1 store] 
Database 'C:\Users\davej\IdeaProjects\PetMarkProject\out\artifacts\PetMarkWeb_war_exploded\WEB-INF\db\MarkPet2.odb' is opened by 2136@DESKTOP-7GOSAU4

[2017-09-06 11:01:45 #2 type] 
Type websites.WebSite is not enhanced.

[2017-09-06 11:01:45 #3 type] 
Type Products.Product is not enhanced.

[2017-09-06 11:01:45 #4 type] 
Type Products.ProductModel is not enhanced.

[2017-09-06 11:01:45 #5 type] 
Type Products.ProductCompare is not enhanced.

[2017-09-06 11:01:45 #6 type] 
Type Comments.Comment is not enhanced.

[2017-09-06 11:01:45 #7 type] 
Type DataBase.User is not enhanced.

[2017-09-06 11:09:42 #8 store] 
Database 'C:\Users\davej\IdeaProjects\PetMarkProject\out\artifacts\PetMarkWeb_war_exploded\WEB-INF\db\MarkPet2.odb' is closed by 2136@DESKTOP-7GOSAU4

------------------------------------------------------------------------------------------------------------------------

[2017-09-06 11:51:28 #1 store] 
Database 'C:\Users\davej\IdeaProjects\PetMarkProject\out\artifacts\PetMarkWeb_war_exploded\WEB-INF\db\MarkPet2.odb' is opened by 14736@DESKTOP-7GOSAU4

[2017-09-06 11:51:28 #2 type] 
Type websites.WebSite is not enhanced.

[2017-09-06 11:51:28 #3 type] 
Type Products.Product is not enhanced.

[2017-09-06 11:51:28 #4 type] 
Type Products.ProductModel is not enhanced.

[2017-09-06 11:51:28 #5 type] 
Type Products.ProductCompare is not enhanced.

[2017-09-06 11:51:28 #6 type] 
Type Comments.Comment is not enhanced.

[2017-09-06 11:51:28 #7 type] 
Type DataBase.User is not enhanced.

[2017-09-06 11:58:03 #8 store] 
Database 'C:\Users\davej\IdeaProjects\PetMarkProject\out\artifacts\PetMarkWeb_war_exploded\WEB-INF\db\MarkPet2.odb' is closed by 14736@DESKTOP-7GOSAU4

